2021-09-26 22:27:35,726 [INFO] Activator:177 - 


2021-09-26 22:27:35,726 [INFO] Activator:178 - !SESSION log4j initialized
2021-09-26 22:28:28,476 [INFO] McuFinderGlobals:39 - Set McuFinder mode to 2 (CubeIDE integrated)
2021-09-26 22:28:28,840 [INFO] ApplicationProperties:181 - Using Application install path: C:\ST\STM32CubeIDE_1.7.0\STM32CubeIDE\plugins\com.st.stm32cube.common.mx_6.3.0.202107141111
2021-09-26 22:28:28,862 [INFO] DbMcusXml:74 - Set database path to: C:\ST\STM32CubeIDE_1.7.0\STM32CubeIDE\plugins\com.st.stm32cube.common.mx_6.3.0.202107141111\\db\/mcu/
2021-09-26 22:28:28,862 [INFO] DbBoardsPdsc:56 - Set plugin database path to: C:\ST\STM32CubeIDE_1.7.0\STM32CubeIDE\plugins\com.st.stm32cube.common.mx_6.3.0.202107141111\\db\/plugins/boardmanager/
2021-09-26 22:28:28,862 [INFO] DbMcus:258 - Set plugin images path to: C:\ST\STM32CubeIDE_1.7.0\STM32CubeIDE\plugins\com.st.stm32cube.common.mx_6.3.0.202107141111\\db\/plugins/mcufinder/images/
2021-09-26 22:28:28,862 [INFO] DbBoards:264 - Set plugin images path to: C:\ST\STM32CubeIDE_1.7.0\STM32CubeIDE\plugins\com.st.stm32cube.common.mx_6.3.0.202107141111\\db\/plugins/mcufinder/images/
2021-09-26 22:28:28,862 [INFO] DbExamples:333 - Set plugin images path to: C:\ST\STM32CubeIDE_1.7.0\STM32CubeIDE\plugins\com.st.stm32cube.common.mx_6.3.0.202107141111\\db\/plugins/mcufinder/images/
2021-09-26 22:28:28,877 [INFO] DbMcusAds:119 - Set database path to: C:\Users\THIENGO_WIN\.stmcufinder\plugins\mcufinder//mcu/
2021-09-26 22:28:28,877 [INFO] DbMcusDocs:110 - Set database path to: C:\Users\THIENGO_WIN\.stmcufinder\plugins\mcufinder//mcu/
2021-09-26 22:28:28,877 [INFO] DbMcusJson:64 - Set database path to: C:\Users\THIENGO_WIN\.stmcufinder\plugins\mcufinder//mcu/
2021-09-26 22:28:28,877 [INFO] DbBoardsDocs:110 - Set database path to: C:\Users\THIENGO_WIN\.stmcufinder\plugins\mcufinder//mcu/
2021-09-26 22:28:28,877 [INFO] DbBoardsJson:57 - Set database path to: C:\Users\THIENGO_WIN\.stmcufinder\plugins\mcufinder//mcu/
2021-09-26 22:28:28,962 [INFO] CrossReferenceDbSqlite:196 - Set database path to: C:\Users\THIENGO_WIN\.stmcufinder\plugins\mcufinder//mcu/cs/
2021-09-26 22:28:28,962 [INFO] DbExamplesSqlite:767 - Set database path to: C:\Users\THIENGO_WIN\.stmcufinder\plugins\mcufinder//mcu/
2021-09-26 22:28:29,062 [INFO] RulesReader:57 - Compatibility file has been processed (242 Rules)
2021-09-26 22:28:29,145 [INFO] DbMcusXml:74 - Set database path to: C:\ST\STM32CubeIDE_1.7.0\STM32CubeIDE\plugins\com.st.stm32cube.common.mx_6.3.0.202107141111\\db\/mcu/
2021-09-26 22:28:29,153 [INFO] DbBoardsPdsc:56 - Set plugin database path to: C:\ST\STM32CubeIDE_1.7.0\STM32CubeIDE\plugins\com.st.stm32cube.common.mx_6.3.0.202107141111\\db\/plugins/boardmanager/
2021-09-26 22:28:29,153 [INFO] DbMcus:258 - Set plugin images path to: C:\ST\STM32CubeIDE_1.7.0\STM32CubeIDE\plugins\com.st.stm32cube.common.mx_6.3.0.202107141111\\db\/plugins/mcufinder/images/
2021-09-26 22:28:29,153 [INFO] DbBoards:264 - Set plugin images path to: C:\ST\STM32CubeIDE_1.7.0\STM32CubeIDE\plugins\com.st.stm32cube.common.mx_6.3.0.202107141111\\db\/plugins/mcufinder/images/
2021-09-26 22:28:29,153 [INFO] DbExamples:333 - Set plugin images path to: C:\ST\STM32CubeIDE_1.7.0\STM32CubeIDE\plugins\com.st.stm32cube.common.mx_6.3.0.202107141111\\db\/plugins/mcufinder/images/
2021-09-26 22:28:29,153 [WARN] DbFile:35 - Overriding database path with different value: C:\Users\THIENGO_WIN\.stmcufinder\plugins\mcufinder/ => C:\Users\THIENGO_WIN\.stmcufinder\plugins\mcufinder
2021-09-26 22:28:29,153 [INFO] DbMcusAds:119 - Set database path to: C:\Users\THIENGO_WIN\.stmcufinder\plugins\mcufinder//mcu/
2021-09-26 22:28:29,153 [WARN] DbFile:35 - Overriding database path with different value: C:\Users\THIENGO_WIN\.stmcufinder\plugins\mcufinder/ => C:\Users\THIENGO_WIN\.stmcufinder\plugins\mcufinder
2021-09-26 22:28:29,153 [INFO] DbMcusDocs:110 - Set database path to: C:\Users\THIENGO_WIN\.stmcufinder\plugins\mcufinder//mcu/
2021-09-26 22:28:29,153 [WARN] DbFile:35 - Overriding database path with different value: C:\Users\THIENGO_WIN\.stmcufinder\plugins\mcufinder/ => C:\Users\THIENGO_WIN\.stmcufinder\plugins\mcufinder
2021-09-26 22:28:29,153 [INFO] DbMcusJson:64 - Set database path to: C:\Users\THIENGO_WIN\.stmcufinder\plugins\mcufinder//mcu/
2021-09-26 22:28:29,153 [WARN] DbFile:35 - Overriding database path with different value: C:\Users\THIENGO_WIN\.stmcufinder\plugins\mcufinder/ => C:\Users\THIENGO_WIN\.stmcufinder\plugins\mcufinder
2021-09-26 22:28:29,153 [INFO] DbBoardsDocs:110 - Set database path to: C:\Users\THIENGO_WIN\.stmcufinder\plugins\mcufinder//mcu/
2021-09-26 22:28:29,153 [WARN] DbFile:35 - Overriding database path with different value: C:\Users\THIENGO_WIN\.stmcufinder\plugins\mcufinder/ => C:\Users\THIENGO_WIN\.stmcufinder\plugins\mcufinder
2021-09-26 22:28:29,153 [INFO] DbBoardsJson:57 - Set database path to: C:\Users\THIENGO_WIN\.stmcufinder\plugins\mcufinder//mcu/
2021-09-26 22:28:29,153 [WARN] DbFile:35 - Overriding database path with different value: C:\Users\THIENGO_WIN\.stmcufinder\plugins\mcufinder/ => C:\Users\THIENGO_WIN\.stmcufinder\plugins\mcufinder
2021-09-26 22:28:29,153 [WARN] DbFile:35 - Overriding database path with different value: C:\Users\THIENGO_WIN\.stmcufinder\plugins\mcufinder/ => C:\Users\THIENGO_WIN\.stmcufinder\plugins\mcufinder
2021-09-26 22:28:29,153 [INFO] CrossReferenceDbSqlite:196 - Set database path to: C:\Users\THIENGO_WIN\.stmcufinder\plugins\mcufinder//mcu/cs/
2021-09-26 22:28:29,153 [WARN] DbFile:35 - Overriding database path with different value: C:\Users\THIENGO_WIN\.stmcufinder\plugins\mcufinder/ => C:\Users\THIENGO_WIN\.stmcufinder\plugins\mcufinder
2021-09-26 22:28:29,153 [INFO] DbExamplesSqlite:767 - Set database path to: C:\Users\THIENGO_WIN\.stmcufinder\plugins\mcufinder//mcu/
2021-09-26 22:28:29,234 [INFO] MainPanel:214 - HeapMemory: 456130560
2021-09-26 22:28:29,319 [INFO] DbMcusXml:74 - Set database path to: C:\ST\STM32CubeIDE_1.7.0\STM32CubeIDE\plugins\com.st.stm32cube.common.mx_6.3.0.202107141111\\db\/mcu/
2021-09-26 22:28:29,319 [INFO] DbBoardsPdsc:56 - Set plugin database path to: C:\ST\STM32CubeIDE_1.7.0\STM32CubeIDE\plugins\com.st.stm32cube.common.mx_6.3.0.202107141111\\db\/plugins/boardmanager/
2021-09-26 22:28:29,319 [INFO] DbMcus:258 - Set plugin images path to: C:\ST\STM32CubeIDE_1.7.0\STM32CubeIDE\plugins\com.st.stm32cube.common.mx_6.3.0.202107141111\\db\/plugins/mcufinder/images/
2021-09-26 22:28:29,319 [INFO] DbBoards:264 - Set plugin images path to: C:\ST\STM32CubeIDE_1.7.0\STM32CubeIDE\plugins\com.st.stm32cube.common.mx_6.3.0.202107141111\\db\/plugins/mcufinder/images/
2021-09-26 22:28:29,319 [INFO] DbExamples:333 - Set plugin images path to: C:\ST\STM32CubeIDE_1.7.0\STM32CubeIDE\plugins\com.st.stm32cube.common.mx_6.3.0.202107141111\\db\/plugins/mcufinder/images/
2021-09-26 22:28:29,319 [WARN] DbFile:35 - Overriding database path with different value: C:\Users\THIENGO_WIN\.stmcufinder\plugins\mcufinder/ => C:\Users\THIENGO_WIN\.stmcufinder\plugins\mcufinder
2021-09-26 22:28:29,319 [INFO] DbMcusAds:119 - Set database path to: C:\Users\THIENGO_WIN\.stmcufinder\plugins\mcufinder//mcu/
2021-09-26 22:28:29,319 [WARN] DbFile:35 - Overriding database path with different value: C:\Users\THIENGO_WIN\.stmcufinder\plugins\mcufinder/ => C:\Users\THIENGO_WIN\.stmcufinder\plugins\mcufinder
2021-09-26 22:28:29,319 [INFO] DbMcusDocs:110 - Set database path to: C:\Users\THIENGO_WIN\.stmcufinder\plugins\mcufinder//mcu/
2021-09-26 22:28:29,319 [WARN] DbFile:35 - Overriding database path with different value: C:\Users\THIENGO_WIN\.stmcufinder\plugins\mcufinder/ => C:\Users\THIENGO_WIN\.stmcufinder\plugins\mcufinder
2021-09-26 22:28:29,319 [INFO] DbMcusJson:64 - Set database path to: C:\Users\THIENGO_WIN\.stmcufinder\plugins\mcufinder//mcu/
2021-09-26 22:28:29,319 [WARN] DbFile:35 - Overriding database path with different value: C:\Users\THIENGO_WIN\.stmcufinder\plugins\mcufinder/ => C:\Users\THIENGO_WIN\.stmcufinder\plugins\mcufinder
2021-09-26 22:28:29,319 [INFO] DbBoardsDocs:110 - Set database path to: C:\Users\THIENGO_WIN\.stmcufinder\plugins\mcufinder//mcu/
2021-09-26 22:28:29,319 [WARN] DbFile:35 - Overriding database path with different value: C:\Users\THIENGO_WIN\.stmcufinder\plugins\mcufinder/ => C:\Users\THIENGO_WIN\.stmcufinder\plugins\mcufinder
2021-09-26 22:28:29,319 [INFO] DbBoardsJson:57 - Set database path to: C:\Users\THIENGO_WIN\.stmcufinder\plugins\mcufinder//mcu/
2021-09-26 22:28:29,319 [WARN] DbFile:35 - Overriding database path with different value: C:\Users\THIENGO_WIN\.stmcufinder\plugins\mcufinder/ => C:\Users\THIENGO_WIN\.stmcufinder\plugins\mcufinder
2021-09-26 22:28:29,319 [WARN] DbFile:35 - Overriding database path with different value: C:\Users\THIENGO_WIN\.stmcufinder\plugins\mcufinder/ => C:\Users\THIENGO_WIN\.stmcufinder\plugins\mcufinder
2021-09-26 22:28:29,319 [INFO] CrossReferenceDbSqlite:196 - Set database path to: C:\Users\THIENGO_WIN\.stmcufinder\plugins\mcufinder//mcu/cs/
2021-09-26 22:28:29,319 [WARN] DbFile:35 - Overriding database path with different value: C:\Users\THIENGO_WIN\.stmcufinder\plugins\mcufinder/ => C:\Users\THIENGO_WIN\.stmcufinder\plugins\mcufinder
2021-09-26 22:28:29,319 [INFO] DbExamplesSqlite:767 - Set database path to: C:\Users\THIENGO_WIN\.stmcufinder\plugins\mcufinder//mcu/
2021-09-26 22:28:29,350 [INFO] ApplicationProperties:181 - Using Application install path: C:\ST\STM32CubeIDE_1.7.0\STM32CubeIDE\plugins\com.st.stm32cube.common.mx_6.3.0.202107141111
2021-09-26 22:28:29,350 [INFO] PluginManage:188 - Search for loadable plugins [exclusion list=, ]
2021-09-26 22:28:29,350 [INFO] PluginManage:302 - Check plugin analytics
2021-09-26 22:28:29,482 [INFO] AnalyticsPlugin:257 - Accepted Software Licenses: 
2021-09-26 22:28:29,482 [INFO] AnalyticsPlugin:259 - Accepted CMSIS Pack Licenses: 
2021-09-26 22:28:29,482 [INFO] AnalyticsPlugin:261 - Accepted Firmware Licenses: FW.G0.1.5.0
2021-09-26 22:28:29,482 [INFO] PluginManage:352 - Loaded plugin analytics (category:tool,tabindex:-1)
2021-09-26 22:28:29,482 [INFO] PluginManage:302 - Check plugin clock
2021-09-26 22:28:29,504 [INFO] PluginManage:352 - Loaded plugin clock (category:base,tabindex:2)
2021-09-26 22:28:29,504 [INFO] PluginManage:302 - Check plugin ddr
2021-09-26 22:28:29,520 [INFO] PluginManage:352 - Loaded plugin ddr (category:tool,tabindex:6)
2021-09-26 22:28:29,520 [INFO] PluginManage:302 - Check plugin filemanager
2021-09-26 22:28:29,636 [INFO] PluginManage:352 - Loaded plugin filemanager (category:base,tabindex:10)
2021-09-26 22:28:29,636 [INFO] PluginManage:302 - Check plugin ipmanager
2021-09-26 22:28:29,651 [INFO] PluginManage:352 - Loaded plugin ipmanager (category:base,tabindex:5)
2021-09-26 22:28:29,651 [INFO] PluginManage:302 - Check plugin pinoutandconfiguration
2021-09-26 22:28:29,667 [INFO] PluginManage:352 - Loaded plugin pinoutandconfiguration (category:base,tabindex:1)
2021-09-26 22:28:29,667 [INFO] PluginManage:302 - Check plugin pinoutconfig
2021-09-26 22:28:29,698 [INFO] PluginManage:352 - Loaded plugin pinoutconfig (category:base,tabindex:0)
2021-09-26 22:28:29,698 [INFO] PluginManage:302 - Check plugin power
2021-09-26 22:28:29,720 [INFO] PluginManage:352 - Loaded plugin power (category:power,tabindex:4)
2021-09-26 22:28:29,720 [INFO] PluginManage:302 - Check plugin projectmanager
2021-09-26 22:28:29,736 [INFO] PluginManage:352 - Loaded plugin projectmanager (category:projectmanager,tabindex:3)
2021-09-26 22:28:29,736 [INFO] PluginManage:302 - Check plugin thirdparty
2021-09-26 22:28:29,936 [WARN] IntegrityCheckThread:78 - waiting for thirdparty lock release [integrity check]
2021-09-26 22:28:29,936 [INFO] PluginManage:352 - Loaded plugin thirdparty (category:base,tabindex:-1)
2021-09-26 22:28:29,936 [INFO] IntegrityCheckThread:80 - entering critical section [integrity check]
2021-09-26 22:28:29,936 [INFO] PluginManage:302 - Check plugin tools
2021-09-26 22:28:29,936 [INFO] ThirdPartyUpdaterWithRetryManager:66 - Updater plugin not ready yet. [1/15]
2021-09-26 22:28:29,983 [INFO] PluginManage:352 - Loaded plugin tools (category:base,tabindex:7)
2021-09-26 22:28:29,983 [INFO] PluginManage:302 - Check plugin tutovideos
2021-09-26 22:28:30,199 [INFO] PluginManage:352 - Loaded plugin tutovideos (category:base,tabindex:-1)
2021-09-26 22:28:30,199 [INFO] PluginManage:302 - Check plugin updater
2021-09-26 22:28:30,206 [INFO] PluginManage:352 - Loaded plugin updater (category:base,tabindex:12)
2021-09-26 22:28:30,206 [INFO] PluginManage:275 - PluginManage : Loaded plugins [13]
2021-09-26 22:28:30,384 [INFO] PinOutPanel:1463 - setPackage(No Configuration,No Configuration)
2021-09-26 22:28:30,469 [INFO] IPUIPlugin:74 - create IPUIPlugin
2021-09-26 22:28:30,469 [INFO] PluginManager:213 - loadIPPluginJar : add adc
2021-09-26 22:28:30,507 [INFO] IPUIPlugin:74 - create IPUIPlugin
2021-09-26 22:28:30,507 [INFO] PluginManager:213 - loadIPPluginJar : add aes
2021-09-26 22:28:30,538 [INFO] IPUIPlugin:74 - create IPUIPlugin
2021-09-26 22:28:30,538 [INFO] PluginManager:213 - loadIPPluginJar : add can
2021-09-26 22:28:30,554 [INFO] IPUIPlugin:74 - create IPUIPlugin
2021-09-26 22:28:30,554 [INFO] PluginManager:213 - loadIPPluginJar : add comp
2021-09-26 22:28:30,585 [INFO] IPUIPlugin:74 - create IPUIPlugin
2021-09-26 22:28:30,585 [INFO] PluginManager:213 - loadIPPluginJar : add cryp
2021-09-26 22:28:30,607 [INFO] IPUIPlugin:74 - create IPUIPlugin
2021-09-26 22:28:30,607 [INFO] PluginManager:213 - loadIPPluginJar : add dfsdm
2021-09-26 22:28:30,623 [INFO] IPUIPlugin:74 - create IPUIPlugin
2021-09-26 22:28:30,623 [INFO] PluginManager:213 - loadIPPluginJar : add dma
2021-09-26 22:28:30,638 [INFO] IPUIPlugin:74 - create IPUIPlugin
2021-09-26 22:28:30,638 [INFO] PluginManager:213 - loadIPPluginJar : add dma3
2021-09-26 22:28:30,670 [INFO] IPUIPlugin:74 - create IPUIPlugin
2021-09-26 22:28:30,670 [INFO] PluginManager:213 - loadIPPluginJar : add fatfs
2021-09-26 22:28:30,707 [INFO] IPUIPlugin:74 - create IPUIPlugin
2021-09-26 22:28:30,707 [INFO] PluginManager:213 - loadIPPluginJar : add fmc
2021-09-26 22:28:30,707 [INFO] IPUIPlugin:74 - create IPUIPlugin
2021-09-26 22:28:30,707 [INFO] PluginManager:213 - loadIPPluginJar : add freertos
2021-09-26 22:28:30,739 [INFO] IPUIPlugin:74 - create IPUIPlugin
2021-09-26 22:28:30,739 [INFO] PluginManager:213 - loadIPPluginJar : add genericplugin
2021-09-26 22:28:30,808 [INFO] IPUIPlugin:74 - create IPUIPlugin
2021-09-26 22:28:30,808 [INFO] PluginManager:213 - loadIPPluginJar : add gfxmmu
2021-09-26 22:28:30,908 [INFO] IPUIPlugin:74 - create IPUIPlugin
2021-09-26 22:28:30,908 [INFO] PluginManager:213 - loadIPPluginJar : add gic
2021-09-26 22:28:30,924 [INFO] IPUIPlugin:74 - create IPUIPlugin
2021-09-26 22:28:30,924 [INFO] PluginManager:213 - loadIPPluginJar : add gpio
2021-09-26 22:28:30,986 [INFO] IPUIPlugin:74 - create IPUIPlugin
2021-09-26 22:28:30,986 [INFO] PluginManager:213 - loadIPPluginJar : add gtzc
2021-09-26 22:28:31,008 [INFO] IPUIPlugin:74 - create IPUIPlugin
2021-09-26 22:28:31,008 [INFO] PluginManager:213 - loadIPPluginJar : add hash
2021-09-26 22:28:31,055 [INFO] IPUIPlugin:74 - create IPUIPlugin
2021-09-26 22:28:31,055 [INFO] PluginManager:213 - loadIPPluginJar : add i2c
2021-09-26 22:28:31,086 [INFO] IPUIPlugin:74 - create IPUIPlugin
2021-09-26 22:28:31,086 [INFO] PluginManager:213 - loadIPPluginJar : add i2s
2021-09-26 22:28:31,086 [INFO] IPUIPlugin:74 - create IPUIPlugin
2021-09-26 22:28:31,086 [INFO] PluginManager:213 - loadIPPluginJar : add ipddr
2021-09-26 22:28:31,155 [INFO] IPUIPlugin:74 - create IPUIPlugin
2021-09-26 22:28:31,155 [INFO] PluginManager:213 - loadIPPluginJar : add linkedlist
2021-09-26 22:28:31,171 [INFO] IPUIPlugin:74 - create IPUIPlugin
2021-09-26 22:28:31,171 [INFO] PluginManager:213 - loadIPPluginJar : add lorawan
2021-09-26 22:28:31,211 [INFO] IPUIPlugin:74 - create IPUIPlugin
2021-09-26 22:28:31,211 [INFO] PluginManager:213 - loadIPPluginJar : add ltdc
2021-09-26 22:28:31,221 [INFO] IPUIPlugin:74 - create IPUIPlugin
2021-09-26 22:28:31,221 [INFO] PluginManager:213 - loadIPPluginJar : add mdma
2021-09-26 22:28:31,231 [INFO] IPUIPlugin:74 - create IPUIPlugin
2021-09-26 22:28:31,231 [INFO] PluginManager:213 - loadIPPluginJar : add nvic
2021-09-26 22:28:31,264 [INFO] IPUIPlugin:74 - create IPUIPlugin
2021-09-26 22:28:31,264 [INFO] PluginManager:213 - loadIPPluginJar : add opamp
2021-09-26 22:28:31,311 [INFO] IPUIPlugin:74 - create IPUIPlugin
2021-09-26 22:28:31,311 [INFO] PluginManager:213 - loadIPPluginJar : add openamp
2021-09-26 22:28:31,343 [INFO] IPUIPlugin:74 - create IPUIPlugin
2021-09-26 22:28:31,343 [INFO] PluginManager:213 - loadIPPluginJar : add pdm2pcm
2021-09-26 22:28:31,351 [INFO] IPUIPlugin:74 - create IPUIPlugin
2021-09-26 22:28:31,359 [INFO] PluginManager:213 - loadIPPluginJar : add plateformsettings
2021-09-26 22:28:31,371 [INFO] IPUIPlugin:74 - create IPUIPlugin
2021-09-26 22:28:31,371 [INFO] PluginManager:213 - loadIPPluginJar : add quadspi
2021-09-26 22:28:31,390 [INFO] IPUIPlugin:74 - create IPUIPlugin
2021-09-26 22:28:31,390 [INFO] PluginManager:213 - loadIPPluginJar : add resmgrutility
2021-09-26 22:28:31,430 [INFO] IPUIPlugin:74 - create IPUIPlugin
2021-09-26 22:28:31,430 [INFO] PluginManager:213 - loadIPPluginJar : add sai
2021-09-26 22:28:31,452 [INFO] IPUIPlugin:74 - create IPUIPlugin
2021-09-26 22:28:31,452 [INFO] PluginManager:213 - loadIPPluginJar : add spi
2021-09-26 22:28:31,492 [INFO] IPUIPlugin:74 - create IPUIPlugin
2021-09-26 22:28:31,492 [INFO] PluginManager:213 - loadIPPluginJar : add stm32_wpan
2021-09-26 22:28:31,512 [INFO] IPUIPlugin:74 - create IPUIPlugin
2021-09-26 22:28:31,512 [INFO] PluginManager:213 - loadIPPluginJar : add tim
2021-09-26 22:28:31,563 [INFO] IPUIPlugin:74 - create IPUIPlugin
2021-09-26 22:28:31,563 [INFO] PluginManager:213 - loadIPPluginJar : add touchsensing
2021-09-26 22:28:31,601 [INFO] IPUIPlugin:74 - create IPUIPlugin
2021-09-26 22:28:31,601 [INFO] PluginManager:213 - loadIPPluginJar : add tracer_emb
2021-09-26 22:28:31,626 [INFO] IPUIPlugin:74 - create IPUIPlugin
2021-09-26 22:28:31,626 [INFO] PluginManager:213 - loadIPPluginJar : add ts
2021-09-26 22:28:31,642 [INFO] IPUIPlugin:74 - create IPUIPlugin
2021-09-26 22:28:31,642 [INFO] PluginManager:213 - loadIPPluginJar : add tsc
2021-09-26 22:28:31,673 [INFO] IPUIPlugin:74 - create IPUIPlugin
2021-09-26 22:28:31,673 [INFO] PluginManager:213 - loadIPPluginJar : add ucpd
2021-09-26 22:28:31,713 [INFO] IPUIPlugin:74 - create IPUIPlugin
2021-09-26 22:28:31,713 [INFO] PluginManager:213 - loadIPPluginJar : add usart
2021-09-26 22:28:31,743 [INFO] IPUIPlugin:74 - create IPUIPlugin
2021-09-26 22:28:31,743 [INFO] PluginManager:213 - loadIPPluginJar : add usbx
2021-09-26 22:28:32,072 [FATAL] Updater:294 - Updater called before beeing initialized
2021-09-26 22:28:32,202 [FATAL] Updater:294 - Updater called before beeing initialized
2021-09-26 22:28:32,204 [INFO] DbMcusAds:47 - JSON generation date=Wed Aug 18 21:24:26 ICT 2021 (1629296666117)
2021-09-26 22:28:32,204 [FATAL] Updater:294 - Updater called before beeing initialized
2021-09-26 22:28:32,294 [WARN] DetailPanel:314 - Failed to get advertising image, set to default
2021-09-26 22:28:32,410 [FATAL] Updater:294 - Updater called before beeing initialized
2021-09-26 22:28:32,410 [FATAL] Updater:294 - Updater called before beeing initialized
2021-09-26 22:28:32,410 [FATAL] Updater:294 - Updater called before beeing initialized
2021-09-26 22:28:32,410 [WARN] DetailPanel:314 - Failed to get advertising image, set to default
2021-09-26 22:28:32,410 [FATAL] Updater:294 - Updater called before beeing initialized
2021-09-26 22:28:32,463 [ERROR] Updater:1075 - MainUpdater not yet initialized. External WinMGr cannot be set.
2021-09-26 22:28:32,463 [INFO] Updater:1012 - Updater Version found : 6.3.0
2021-09-26 22:28:32,494 [INFO] ApplicationProperties:181 - Using Application install path: C:\ST\STM32CubeIDE_1.7.0\STM32CubeIDE\plugins\com.st.stm32cube.common.mx_6.3.0.202107141111
2021-09-26 22:28:32,943 [INFO] ThirdPartyUpdaterWithRetryManager:66 - Updater plugin not ready yet. [2/15]
2021-09-26 22:28:32,943 [INFO] MainUpdater:2671 - connection check result : 10
2021-09-26 22:28:32,943 [INFO] MainUpdater:265 - Updater Check For Update Now.
2021-09-26 22:28:32,943 [INFO] MicroXplorer:478 - Change Database Version : DB.6.0.30
2021-09-26 22:28:33,081 [INFO] CheckServerUpdateThread:112 - End of CheckServer Thread
2021-09-26 22:28:33,181 [INFO] MainUpdater:2671 - connection check result : 10
2021-09-26 22:28:33,212 [INFO] McuFinderGlobals:52 - Set McuFinderConnectedMode to true
2021-09-26 22:28:33,529 [INFO] ServerAccessManage:362 - Download File mcusAds.json._tmp_
2021-09-26 22:28:33,629 [INFO] LoadUrlFilesThread:145 - End of LoadUrlFiles Thread
2021-09-26 22:28:34,432 [INFO] ServerAccessManage:362 - Download File mcusDocs.json._tmp_
2021-09-26 22:28:35,287 [INFO] LoadUrlFilesThread:145 - End of LoadUrlFiles Thread
2021-09-26 22:28:35,535 [INFO] ServerAccessManage:362 - Download File mcusFeaturesAndDescription.json._tmp_
2021-09-26 22:28:35,952 [WARN] MainUpdater:1122 - Updater busy. Cannot search thirdparties
2021-09-26 22:28:35,952 [INFO] ThirdPartyUpdaterWithRetryManager:92 - Updater plugin is busy. [1/15]
2021-09-26 22:28:36,992 [INFO] LoadUrlFilesThread:145 - End of LoadUrlFiles Thread
2021-09-26 22:28:37,293 [INFO] ServerAccessManage:362 - Download File boardsDocs.json._tmp_
2021-09-26 22:28:37,525 [INFO] LoadUrlFilesThread:145 - End of LoadUrlFiles Thread
2021-09-26 22:28:37,779 [INFO] ServerAccessManage:362 - Download File boards.json._tmp_
2021-09-26 22:28:38,042 [INFO] LoadUrlFilesThread:145 - End of LoadUrlFiles Thread
2021-09-26 22:28:38,960 [WARN] MainUpdater:1122 - Updater busy. Cannot search thirdparties
2021-09-26 22:28:38,960 [INFO] ThirdPartyUpdaterWithRetryManager:92 - Updater plugin is busy. [2/15]
2021-09-26 22:28:40,149 [INFO] ServerAccessManage:362 - Download File cube-finder-db.zip
2021-09-26 22:28:41,970 [WARN] MainUpdater:1122 - Updater busy. Cannot search thirdparties
2021-09-26 22:28:41,970 [INFO] ThirdPartyUpdaterWithRetryManager:92 - Updater plugin is busy. [3/15]
2021-09-26 22:28:42,522 [INFO] FileExtend:235 - Unzip File : cube-finder-db.zip
2021-09-26 22:28:42,522 [INFO] FileExtend:250 - Standard Zip Deflate
2021-09-26 22:28:42,987 [INFO] LoadUrlFilesThread:145 - End of LoadUrlFiles Thread
2021-09-26 22:28:44,369 [INFO] ServerAccessManage:362 - Download File crdb.zip
2021-09-26 22:28:44,971 [WARN] MainUpdater:1122 - Updater busy. Cannot search thirdparties
2021-09-26 22:28:44,971 [INFO] ThirdPartyUpdaterWithRetryManager:92 - Updater plugin is busy. [4/15]
2021-09-26 22:28:45,874 [INFO] FileExtend:235 - Unzip File : crdb.zip
2021-09-26 22:28:45,874 [INFO] FileExtend:250 - Standard Zip Deflate
2021-09-26 22:28:46,012 [INFO] LoadUrlFilesThread:145 - End of LoadUrlFiles Thread
2021-09-26 22:28:46,391 [INFO] ServerAccessManage:362 - Download File tutoVideoDB.zip
2021-09-26 22:28:46,529 [INFO] FileExtend:235 - Unzip File : tutoVideoDB.zip
2021-09-26 22:28:46,529 [INFO] FileExtend:250 - Standard Zip Deflate
2021-09-26 22:28:46,629 [INFO] LoadUrlFilesThread:145 - End of LoadUrlFiles Thread
2021-09-26 22:28:46,645 [INFO] DbMcusAds:47 - JSON generation date=Wed Aug 18 21:24:26 ICT 2021 (1629296666117)
2021-09-26 22:28:46,698 [INFO] DbMcusDocs:143 - JSON generation date=Mon Jun 07 15:53:21 ICT 2021 (1623056001)
2021-09-26 22:28:46,698 [INFO] DbMcusXml:100 - Load MCU database from C:\ST\STM32CubeIDE_1.7.0\STM32CubeIDE\plugins\com.st.stm32cube.common.mx_6.3.0.202107141111\\db\/mcu/families.xml
2021-09-26 22:28:47,536 [INFO] DbMcusJson:93 - JSON generation date=Mon Jun 07 15:53:21 ICT 2021 (1623056001)
2021-09-26 22:28:48,138 [WARN] PackLoader:238 - Cannot read IP mode file for RoweBots.I-CUBE-UNISONRTOS.5.5.0-4
2021-09-26 22:28:48,222 [INFO] DbMcus:175 - Found 1951 MCUs (1903 are supported by CubeMX, 1903 are visible in CubeMX)
2021-09-26 22:28:48,222 [INFO] ApiDb:251 - Load user favorites file C:\Users\THIENGO_WIN/.stm32cubeide/favorites.mcus.txt: 0 item(s)
2021-09-26 22:28:48,222 [INFO] ApiDb:255 - User favorites MCUs=[]
2021-09-26 22:28:48,222 [INFO] DbMcus:187 - Set 0 / 0 favorites MCUs
2021-09-26 22:28:48,238 [WARN] PackLoader:238 - Cannot read IP mode file for STMicroelectronics.X-CUBE-MEMS1.9.0.0
2021-09-26 22:28:48,474 [WARN] PackLoader:238 - Cannot read IP mode file for STMicroelectronics.X-CUBE-AZRTOS-H7.1.1.0
2021-09-26 22:28:48,543 [WARN] PackLoader:238 - Cannot read IP mode file for SEGGER.I-CUBE-embOS.1.2.0
2021-09-26 22:28:48,621 [WARN] PackLoader:238 - Cannot read IP mode file for STMicroelectronics.X-CUBE-BLE1.6.2.1
2021-09-26 22:28:48,643 [WARN] PackLoader:238 - Cannot read IP mode file for STMicroelectronics.X-CUBE-BLE2.3.2.1
2021-09-26 22:28:48,675 [WARN] PackLoader:238 - Cannot read IP mode file for STMicroelectronics.X-CUBE-NFC4.2.0.3
2021-09-26 22:28:48,722 [WARN] PackLoader:238 - Cannot read IP mode file for wolfSSL.I-CUBE-wolfSSL.4.8.0
2021-09-26 22:28:48,759 [WARN] PackLoader:238 - Cannot read IP mode file for STMicroelectronics.X-CUBE-TOUCHGFX.4.17.0
2021-09-26 22:28:48,806 [WARN] PackLoader:238 - Cannot read IP mode file for STMicroelectronics.X-CUBE-SFXS2LP1.3.1.0
2021-09-26 22:28:48,822 [INFO] DbMcusDocs:79 - Found 669 MCUs documents
2021-09-26 22:28:48,822 [INFO] ApiDb:276 - Save user favorites file C:\Users\THIENGO_WIN/.stm32cubeide/favorites.mcus.txt: 0 item(s)
2021-09-26 22:28:48,837 [INFO] ApiDb:280 - User favorites MCUs=[]
2021-09-26 22:28:48,837 [INFO] DbMcusXml:100 - Load MCU database from C:\ST\STM32CubeIDE_1.7.0\STM32CubeIDE\plugins\com.st.stm32cube.common.mx_6.3.0.202107141111\\db\/mcu/families.xml
2021-09-26 22:28:48,875 [WARN] PackLoader:238 - Cannot read IP mode file for STMicroelectronics.X-CUBE-AZRTOS-F4.1.0.0
2021-09-26 22:28:48,944 [WARN] PackLoader:238 - Cannot read IP mode file for STMicroelectronics.X-CUBE-AZRTOS-H7.2.0.0
2021-09-26 22:28:48,991 [WARN] PackLoader:238 - Cannot read IP mode file for STMicroelectronics.X-CUBE-TOF1.2.0.0
2021-09-26 22:28:49,007 [WARN] PackLoader:238 - Cannot read IP mode file for STMicroelectronics.X-CUBE-SUBG2.4.2.0
2021-09-26 22:28:49,022 [WARN] PackLoader:238 - Cannot read IP mode file for STMicroelectronics.X-CUBE-ALS.1.0.1
2021-09-26 22:28:49,044 [WARN] PackLoader:238 - Cannot read IP mode file for STMicroelectronics.X-CUBE-AI.7.0.0
2021-09-26 22:28:49,044 [WARN] PackLoader:238 - Cannot read IP mode file for STMicroelectronics.X-CUBE-ALGOBUILD.1.2.1
2021-09-26 22:28:49,060 [WARN] PackLoader:238 - Cannot read IP mode file for STMicroelectronics.X-CUBE-DISPLAY.1.0.0
2021-09-26 22:28:49,076 [WARN] PackLoader:238 - Cannot read IP mode file for STMicroelectronics.X-CUBE-EEPRMA1.3.1.0
2021-09-26 22:28:49,091 [WARN] PackLoader:238 - Cannot read IP mode file for STMicroelectronics.X-CUBE-GNSS1.5.2.0
2021-09-26 22:28:49,091 [INFO] ThirdParty:915 - Integrity check success = true
2021-09-26 22:28:49,091 [INFO] IntegrityCheckThread:94 - exiting critical section [integrity check]
2021-09-26 22:28:49,091 [INFO] IntegrityCheckThread:97 - End integrity checks thread
2021-09-26 22:28:49,508 [INFO] DbMcusJson:93 - JSON generation date=Mon Jun 07 15:53:21 ICT 2021 (1623056001)
2021-09-26 22:28:50,065 [INFO] DbMcus:175 - Found 1951 MCUs (1903 are supported by CubeMX, 1903 are visible in CubeMX)
2021-09-26 22:28:50,065 [INFO] ApiDb:251 - Load user favorites file C:\Users\THIENGO_WIN/.stm32cubeide/favorites.mcus.txt: 0 item(s)
2021-09-26 22:28:50,065 [INFO] ApiDb:255 - User favorites MCUs=[]
2021-09-26 22:28:50,065 [INFO] DbMcus:187 - Set 0 / 0 favorites MCUs
2021-09-26 22:28:50,081 [INFO] DbBoardsDocs:143 - JSON generation date=Tue Jun 01 12:52:40 ICT 2021 (1622526760)
2021-09-26 22:28:50,096 [INFO] DbBoardsPdsc:90 - Found 25 items
2021-09-26 22:28:50,118 [INFO] DbBoardsPdsc:90 - Found 9 items
2021-09-26 22:28:50,128 [INFO] DbBoardsPdsc:90 - Found 33 items
2021-09-26 22:28:50,130 [INFO] DbBoardsPdsc:90 - Found 1 items
2021-09-26 22:28:50,149 [INFO] DbBoardsPdsc:90 - Found 48 items
2021-09-26 22:28:50,169 [INFO] DbBoardsPdsc:90 - Found 43 items
2021-09-26 22:28:50,169 [INFO] DbBoardsPdsc:90 - Found 2 items
2021-09-26 22:28:50,184 [INFO] DbBoardsPdsc:90 - Found 5 items
2021-09-26 22:28:50,184 [WARN] DbBoardsPdsc:254 - Board STM32H7B3I-DK: unknown feature type=Audio, name=, username=Audio stereo codec with Headphone Amp (CS42L51-CNZ), n=1
2021-09-26 22:28:50,184 [WARN] DbBoardsPdsc:254 - Board STM32H735G-DK: unknown feature type=Audio, name=, username=Audio stereo codec with Headphone Amp (WM8994ECS/R), n=1
2021-09-26 22:28:50,184 [WARN] DbBoardsPdsc:254 - Board STM32H7B3I-EVAL: unknown feature type=Audio, name=, username=Multi-Channel Audio Codec (CS42L51-CNZ), n=1
2021-09-26 22:28:50,184 [WARN] DbBoardsPdsc:254 - Board STM32H7B3I-EVAL: unknown feature type=Meter, name=, username=Power-metering and Temperature-monitoring with sigma-delta modulators, n=1
2021-09-26 22:28:50,184 [WARN] DbBoardsPdsc:254 - Board STM32H7B3I-EVAL: unknown feature type=Motor, name=, username=Motor Control, n=1
2021-09-26 22:28:50,184 [WARN] DbBoardsPdsc:254 - Board STM32U575I-EV: unknown feature type=joystick, name=, username=4-direction joystick with selection button, n=1
2021-09-26 22:28:50,200 [INFO] DbBoardsJson:86 - JSON generation date=Tue Jun 01 12:52:40 ICT 2021 (1622526760)
2021-09-26 22:28:50,200 [INFO] DbBoards:117 - Found 166 boards (163 are supported by CubeMX)
2021-09-26 22:28:50,215 [INFO] DbBoardsDocs:143 - JSON generation date=Tue Jun 01 12:52:40 ICT 2021 (1622526760)
2021-09-26 22:28:50,247 [INFO] DbBoardsDocs:79 - Found 193 boards documents
2021-09-26 22:28:50,247 [WARN] DbBoards:127 - board B-L462E-CELL1 has no document id list !
2021-09-26 22:28:50,247 [WARN] DbBoards:127 - board B-L475E-IOT01A2 has no document id list !
2021-09-26 22:28:50,247 [WARN] DbBoards:127 - board B-U585I-IOT02A has no document id list !
2021-09-26 22:28:50,247 [WARN] DbBoards:127 - board NUCLEO-G0B1RE has no document id list !
2021-09-26 22:28:50,247 [WARN] DbBoards:127 - board NUCLEO-H743ZI has no document id list !
2021-09-26 22:28:50,247 [WARN] DbBoards:127 - board NUCLEO-L4A6ZG has no document id list !
2021-09-26 22:28:50,247 [WARN] DbBoards:127 - board NUCLEO-U575ZI-Q has no document id list !
2021-09-26 22:28:50,247 [WARN] DbBoards:127 - board NUCLEO-WB15CC has no document id list !
2021-09-26 22:28:50,247 [WARN] DbBoards:127 - board NUCLEO-WB55RG has no document id list !
2021-09-26 22:28:50,247 [WARN] DbBoards:127 - board NUCLEO-WL55JC2 has no document id list !
2021-09-26 22:28:50,247 [WARN] DbBoards:127 - board P-NUCLEO-WB55-Nucleo has no document id list !
2021-09-26 22:28:50,247 [WARN] DbBoards:127 - board P-NUCLEO-WB55-USBDongle has no document id list !
2021-09-26 22:28:50,247 [WARN] DbBoards:127 - board STEVAL-BFA001V1B has no document id list !
2021-09-26 22:28:50,247 [WARN] DbBoards:127 - board STEVAL-BFA001V2B has no document id list !
2021-09-26 22:28:50,247 [WARN] DbBoards:127 - board STEVAL-IDP005V1 has no document id list !
2021-09-26 22:28:50,247 [WARN] DbBoards:127 - board STEVAL-IDP005V2 has no document id list !
2021-09-26 22:28:50,247 [WARN] DbBoards:127 - board STEVAL-MKSBOX1V1 has no document id list !
2021-09-26 22:28:50,247 [WARN] DbBoards:127 - board STEVAL-STWINKT1 has no document id list !
2021-09-26 22:28:50,247 [WARN] DbBoards:127 - board STEVAL-STWINKT1B has no document id list !
2021-09-26 22:28:50,247 [WARN] DbBoards:127 - board STM32F401C-DISCO has no document id list !
2021-09-26 22:28:50,247 [WARN] DbBoards:127 - board STM32F769I-DISC1 has no document id list !
2021-09-26 22:28:50,247 [WARN] DbBoards:127 - board STM32G0C1E-EV has no document id list !
2021-09-26 22:28:50,247 [WARN] DbBoards:127 - board STM32G474E-EVAL1 has no document id list !
2021-09-26 22:28:50,247 [WARN] DbBoards:127 - board STM32H743I-EVAL2 has no document id list !
2021-09-26 22:28:50,247 [WARN] DbBoards:127 - board STM32H747I-DISC1 has no document id list !
2021-09-26 22:28:50,247 [WARN] DbBoards:127 - board STM32H753I-EVAL2 has no document id list !
2021-09-26 22:28:50,247 [WARN] DbBoards:127 - board STM32L-DISCOVERY has no document id list !
2021-09-26 22:28:50,247 [WARN] DbBoards:127 - board STM32MP157A-DK1 has no document id list !
2021-09-26 22:28:50,247 [WARN] DbBoards:127 - board STM32MP157D-DK1 has no document id list !
2021-09-26 22:28:50,247 [WARN] DbBoards:127 - board STM32MP157D-EV1 has no document id list !
2021-09-26 22:28:50,247 [WARN] DbBoards:127 - board STM32MP157F-DK2 has no document id list !
2021-09-26 22:28:50,247 [WARN] DbBoards:127 - board STM32MP157F-EV1 has no document id list !
2021-09-26 22:28:50,247 [WARN] DbBoards:127 - board STM32U575I-EV has no document id list !
2021-09-26 22:28:50,247 [WARN] DbBoards:127 - board STM32WB5MM-DK has no document id list !
2021-09-26 22:28:51,851 [INFO] ApiDb:251 - Load user favorites file C:\Users\THIENGO_WIN/.stm32cubeide/favorites.boards.txt: 0 item(s)
2021-09-26 22:28:51,851 [INFO] ApiDb:255 - User favorites Boards=[]
2021-09-26 22:28:51,851 [INFO] DbBoards:206 - Set 0 / 0 favorites Boards
2021-09-26 22:28:51,873 [INFO] DbBoardsDocs:79 - Found 386 boards documents
2021-09-26 22:28:51,873 [INFO] ApiDb:276 - Save user favorites file C:\Users\THIENGO_WIN/.stm32cubeide/favorites.boards.txt: 0 item(s)
2021-09-26 22:28:51,873 [INFO] ApiDb:280 - User favorites Boards=[]
2021-09-26 22:28:51,873 [INFO] DbBoardsPdsc:90 - Found 25 items
2021-09-26 22:28:51,873 [INFO] DbBoardsPdsc:90 - Found 9 items
2021-09-26 22:28:51,873 [INFO] DbBoardsPdsc:90 - Found 33 items
2021-09-26 22:28:51,873 [INFO] DbBoardsPdsc:90 - Found 1 items
2021-09-26 22:28:51,889 [INFO] DbBoardsPdsc:90 - Found 48 items
2021-09-26 22:28:51,889 [INFO] DbBoardsPdsc:90 - Found 43 items
2021-09-26 22:28:51,889 [INFO] DbBoardsPdsc:90 - Found 2 items
2021-09-26 22:28:51,889 [INFO] DbBoardsPdsc:90 - Found 5 items
2021-09-26 22:28:51,889 [WARN] DbBoardsPdsc:254 - Board STM32H7B3I-DK: unknown feature type=Audio, name=, username=Audio stereo codec with Headphone Amp (CS42L51-CNZ), n=1
2021-09-26 22:28:51,889 [WARN] DbBoardsPdsc:254 - Board STM32H735G-DK: unknown feature type=Audio, name=, username=Audio stereo codec with Headphone Amp (WM8994ECS/R), n=1
2021-09-26 22:28:51,889 [WARN] DbBoardsPdsc:254 - Board STM32H7B3I-EVAL: unknown feature type=Audio, name=, username=Multi-Channel Audio Codec (CS42L51-CNZ), n=1
2021-09-26 22:28:51,889 [WARN] DbBoardsPdsc:254 - Board STM32H7B3I-EVAL: unknown feature type=Meter, name=, username=Power-metering and Temperature-monitoring with sigma-delta modulators, n=1
2021-09-26 22:28:51,889 [WARN] DbBoardsPdsc:254 - Board STM32H7B3I-EVAL: unknown feature type=Motor, name=, username=Motor Control, n=1
2021-09-26 22:28:51,905 [WARN] DbBoardsPdsc:254 - Board STM32U575I-EV: unknown feature type=joystick, name=, username=4-direction joystick with selection button, n=1
2021-09-26 22:28:51,920 [INFO] DbBoardsJson:86 - JSON generation date=Tue Jun 01 12:52:40 ICT 2021 (1622526760)
2021-09-26 22:28:51,920 [INFO] DbBoards:117 - Found 166 boards (163 are supported by CubeMX)
2021-09-26 22:28:51,920 [WARN] DbBoards:127 - board B-L462E-CELL1 has no document id list !
2021-09-26 22:28:51,920 [WARN] DbBoards:127 - board B-L475E-IOT01A2 has no document id list !
2021-09-26 22:28:51,920 [WARN] DbBoards:127 - board B-U585I-IOT02A has no document id list !
2021-09-26 22:28:51,920 [WARN] DbBoards:127 - board NUCLEO-G0B1RE has no document id list !
2021-09-26 22:28:51,920 [WARN] DbBoards:127 - board NUCLEO-H743ZI has no document id list !
2021-09-26 22:28:51,920 [WARN] DbBoards:127 - board NUCLEO-L4A6ZG has no document id list !
2021-09-26 22:28:51,920 [WARN] DbBoards:127 - board NUCLEO-U575ZI-Q has no document id list !
2021-09-26 22:28:51,920 [WARN] DbBoards:127 - board NUCLEO-WB15CC has no document id list !
2021-09-26 22:28:51,920 [WARN] DbBoards:127 - board NUCLEO-WB55RG has no document id list !
2021-09-26 22:28:51,920 [WARN] DbBoards:127 - board NUCLEO-WL55JC2 has no document id list !
2021-09-26 22:28:51,920 [WARN] DbBoards:127 - board P-NUCLEO-WB55-Nucleo has no document id list !
2021-09-26 22:28:51,920 [WARN] DbBoards:127 - board P-NUCLEO-WB55-USBDongle has no document id list !
2021-09-26 22:28:51,920 [WARN] DbBoards:127 - board STEVAL-BFA001V1B has no document id list !
2021-09-26 22:28:51,920 [WARN] DbBoards:127 - board STEVAL-BFA001V2B has no document id list !
2021-09-26 22:28:51,920 [WARN] DbBoards:127 - board STEVAL-IDP005V1 has no document id list !
2021-09-26 22:28:51,920 [WARN] DbBoards:127 - board STEVAL-IDP005V2 has no document id list !
2021-09-26 22:28:51,920 [WARN] DbBoards:127 - board STEVAL-MKSBOX1V1 has no document id list !
2021-09-26 22:28:51,920 [WARN] DbBoards:127 - board STEVAL-STWINKT1 has no document id list !
2021-09-26 22:28:51,920 [WARN] DbBoards:127 - board STEVAL-STWINKT1B has no document id list !
2021-09-26 22:28:51,920 [WARN] DbBoards:127 - board STM32F401C-DISCO has no document id list !
2021-09-26 22:28:51,920 [WARN] DbBoards:127 - board STM32F769I-DISC1 has no document id list !
2021-09-26 22:28:51,920 [WARN] DbBoards:127 - board STM32G0C1E-EV has no document id list !
2021-09-26 22:28:51,920 [WARN] DbBoards:127 - board STM32G474E-EVAL1 has no document id list !
2021-09-26 22:28:51,920 [WARN] DbBoards:127 - board STM32H743I-EVAL2 has no document id list !
2021-09-26 22:28:51,920 [WARN] DbBoards:127 - board STM32H747I-DISC1 has no document id list !
2021-09-26 22:28:51,920 [WARN] DbBoards:127 - board STM32H753I-EVAL2 has no document id list !
2021-09-26 22:28:51,920 [WARN] DbBoards:127 - board STM32L-DISCOVERY has no document id list !
2021-09-26 22:28:51,920 [WARN] DbBoards:127 - board STM32MP157A-DK1 has no document id list !
2021-09-26 22:28:51,920 [WARN] DbBoards:127 - board STM32MP157D-DK1 has no document id list !
2021-09-26 22:28:51,920 [WARN] DbBoards:127 - board STM32MP157D-EV1 has no document id list !
2021-09-26 22:28:51,920 [WARN] DbBoards:127 - board STM32MP157F-DK2 has no document id list !
2021-09-26 22:28:51,920 [WARN] DbBoards:127 - board STM32MP157F-EV1 has no document id list !
2021-09-26 22:28:51,920 [WARN] DbBoards:127 - board STM32U575I-EV has no document id list !
2021-09-26 22:28:51,920 [WARN] DbBoards:127 - board STM32WB5MM-DK has no document id list !
2021-09-26 22:28:53,077 [INFO] ApiDb:251 - Load user favorites file C:\Users\THIENGO_WIN/.stm32cubeide/favorites.boards.txt: 0 item(s)
2021-09-26 22:28:53,077 [INFO] ApiDb:255 - User favorites Boards=[]
2021-09-26 22:28:53,077 [INFO] DbBoards:206 - Set 0 / 0 favorites Boards
2021-09-26 22:28:53,092 [INFO] LoadUrlFilesThread:172 - End of LoadServerUrlFiles without Thread
2021-09-26 22:28:53,092 [INFO] TargetSelectorAdapter:224 - Refresh data is successful
2021-09-26 22:28:53,177 [INFO] ApiDb:479 - Connected to CubeFinder SQLite database (C:\Users\THIENGO_WIN\.stmcufinder\plugins\mcufinder\mcu\cube-finder-db.db)
2021-09-26 22:28:53,829 [INFO] DbExamplesSqlite:411 - Ignored 49 examples not supported by CubeIDE
2021-09-26 22:28:53,829 [INFO] DbExamplesSqlite:412 - Found 5419 examples active
2021-09-26 22:28:53,829 [INFO] DbExamplesSqlite:413 - Found 0 examples obsolete
2021-09-26 22:28:53,829 [INFO] DbExamplesSqlite:414 - Found 0 examples under development
2021-09-26 22:28:53,829 [INFO] DbExamplesSqlite:415 - Found 110 examples not building
2021-09-26 22:28:53,845 [INFO] DbExamplesSqlite:108 - CubeFinder database Data Model version=2.1
2021-09-26 22:28:53,845 [INFO] DbExamplesSqlite:109 - CubeFinder database Configuration version=3.0.11
2021-09-26 22:28:53,845 [INFO] DbExamplesSqlite:110 - CubeFinder database generation date=2021-08-20 (1629453029)
2021-09-26 22:28:53,845 [INFO] DbExamplesSqlite:111 - CubeFinder database FW Pack versions=[STM32Cube_FW_F4_V1.26.2, STM32Cube_FW_F7_V1.16.1, STM32Cube_FW_G0_V1.5.0, STM32Cube_FW_G4_V1.4.0, STM32Cube_FW_H7_V1.9.0, STM32Cube_FW_L5_V1.4.0, STM32Cube_FW_U5_V1.0.0, STM32Cube_FW_WB_V1.12.1, STM32Cube_FW_WL_V1.1.0, X-CUBE-ALS_V1.0.1, X-CUBE-AZRTOS-H7_V1.1.0, X-CUBE-BLE1_V6.2.0, X-CUBE-BLE2_V3.2.1, X-CUBE-EEPRMA1_V3.1.0, X-CUBE-GNSS1_V5.2.0, X-CUBE-NFC4_V2.0.3, X-CUBE-SFXS2LP1_V3.1.0]
2021-09-26 22:28:53,845 [INFO] DbExamples:130 - Found 5480 examples
2021-09-26 22:28:54,544 [ERROR] DbExamples:206 - Found 338 examples with invalid data (board or MCU)
2021-09-26 22:28:54,544 [INFO] DbExamples:222 - Found 70 boards with related examples
2021-09-26 22:28:54,555 [INFO] DbExamples:235 - Found 59 MCUs with related examples
2021-09-26 22:28:54,575 [INFO] ApiDb:242 - User favorites file not found: C:\Users\THIENGO_WIN/.stm32cubeide/favorites.examples.txt
2021-09-26 22:28:54,575 [INFO] DbExamples:256 - Set 0 / 0 favorites Examples
2021-09-26 22:28:54,793 [INFO] McuFinderGlobals:52 - Set McuFinderConnectedMode to false
2021-09-26 22:28:54,887 [INFO] CrossSelectorPresenter:1330 - Cross Selector saved comparison directory: C:\Users\THIENGO_WIN\.stmcufinder\plugins\mcufinder\mcu\cs_comparisons_mx
2021-09-26 22:28:54,894 [INFO] MultiScanPanel:197 - Auto-refresh data requested => check proxy status ongoing
2021-09-26 22:28:54,894 [INFO] MultiScanPanel:201 - Proxy status is invalid
2021-09-26 22:28:54,894 [INFO] FinderPluginLoader:87 - Searching for filters in installed packs
2021-09-26 22:28:55,356 [INFO] DetailPanel:309 - Set advertising image to C:/Users/THIENGO_WIN/STM32Cube/Repository/\en.prom_STM32U5_PSA-SESIP_LV3_0821.png
2021-09-26 22:29:24,976 [INFO] MainUpdater:2671 - connection check result : 10
2021-09-26 22:29:24,976 [INFO] MainUpdater:2671 - connection check result : 10
2021-09-26 22:29:25,014 [INFO] MicroXplorer:448 - Change Database Path : 
2021-09-26 22:29:25,014 [INFO] MicroXplorer:478 - Change Database Version : DB.6.0.30
2021-09-26 22:29:25,014 [WARN] ThirdParty:813 - waiting for thirdparty lock release [close project]
2021-09-26 22:29:25,014 [INFO] ThirdParty:815 - entering critical section [close project]
2021-09-26 22:29:25,014 [INFO] ThirdParty:825 - exiting critical section [close project]
2021-09-26 22:29:25,014 [INFO] PinOutPanel:1463 - setPackage(No Configuration,No Configuration)
2021-09-26 22:29:25,014 [INFO] UtilMem:74 - Begin LoadConfig() Used Memory: 667597072 Bytes (808452096)
2021-09-26 22:29:25,014 [INFO] MicroXplorer:448 - Change Database Path : 
2021-09-26 22:29:25,014 [INFO] MicroXplorer:478 - Change Database Version : DB.6.0.30
2021-09-26 22:29:25,014 [INFO] OpenFileManager:313 - Change cursor
2021-09-26 22:29:25,863 [INFO] Context:592 - Trying to add GPIOservice into a context  which must be forbidden
2021-09-26 22:29:26,057 [INFO] ImportTextPane:167 - (OptionalMessage_ERROR) Unable to find key (Mcu.ThirdPartyNb) in loaded IOC file
2021-09-26 22:29:26,057 [INFO] ImportTextPane:167 - (OptionalMessage_ERROR) Unable to find key (Mcu.PinsNb) in loaded IOC file
2021-09-26 22:29:26,057 [INFO] ImportTextPane:167 - (OptionalMessage_ERROR) Unable to find key (Mcu.IPNb) in loaded IOC file
2021-09-26 22:29:26,104 [WARN] ApiManager:304 - Cannot register API 'Board Extension:S2868A1' from pack STMicroelectronics.X-CUBE-SFXS2LP1.3.1.0: no header file found
2021-09-26 22:29:26,104 [WARN] ApiManager:304 - Cannot register API 'Board Extension:S2868A2' from pack STMicroelectronics.X-CUBE-SFXS2LP1.3.1.0: no header file found
2021-09-26 22:29:26,104 [WARN] ApiManager:304 - Cannot register API 'Board Extension:S2915A1' from pack STMicroelectronics.X-CUBE-SFXS2LP1.3.1.0: no header file found
2021-09-26 22:29:26,119 [WARN] ModelIntegratedComponent:60 - No mode defined for component null
2021-09-26 22:29:26,119 [WARN] ModelIntegratedComponent:60 - No mode defined for component null
2021-09-26 22:29:26,119 [WARN] ModelIntegratedComponent:60 - No mode defined for component null
2021-09-26 22:29:26,119 [WARN] ModelIntegratedComponent:60 - No mode defined for component null
2021-09-26 22:29:26,119 [WARN] ModelIntegratedComponent:60 - No mode defined for component null
2021-09-26 22:29:26,119 [WARN] ModelIntegratedComponent:60 - No mode defined for component null
2021-09-26 22:29:26,119 [WARN] ModelIntegratedComponent:60 - No mode defined for component null
2021-09-26 22:29:26,119 [WARN] ModelIntegratedComponent:60 - No mode defined for component null
2021-09-26 22:29:26,119 [WARN] ModelIntegratedComponent:60 - No mode defined for component null
2021-09-26 22:29:26,119 [WARN] ModelIntegratedComponent:60 - No mode defined for component null
2021-09-26 22:29:26,119 [WARN] ModelIntegratedComponent:60 - No mode defined for component null
2021-09-26 22:29:26,119 [WARN] ModelIntegratedComponent:60 - No mode defined for component null
2021-09-26 22:29:26,119 [WARN] ModelIntegratedComponent:60 - No mode defined for component null
2021-09-26 22:29:26,119 [WARN] ModelIntegratedComponent:60 - No mode defined for component null
2021-09-26 22:29:26,119 [WARN] ModelIntegratedComponent:60 - No mode defined for component null
2021-09-26 22:29:26,119 [WARN] ModelIntegratedComponent:60 - No mode defined for component null
2021-09-26 22:29:26,119 [WARN] ModelIntegratedComponent:60 - No mode defined for component null
2021-09-26 22:29:26,119 [WARN] ModelIntegratedComponent:60 - No mode defined for component null
2021-09-26 22:29:26,119 [WARN] ModelIntegratedComponent:60 - No mode defined for component null
2021-09-26 22:29:26,119 [WARN] ModelIntegratedComponent:60 - No mode defined for component null
2021-09-26 22:29:26,119 [WARN] ModelIntegratedComponent:60 - No mode defined for component null
2021-09-26 22:29:26,119 [WARN] ModelIntegratedComponent:60 - No mode defined for component null
2021-09-26 22:29:26,119 [WARN] ModelIntegratedComponent:60 - No mode defined for component null
2021-09-26 22:29:26,119 [WARN] ModelIntegratedComponent:60 - No mode defined for component null
2021-09-26 22:29:26,119 [WARN] ModelIntegratedComponent:60 - No mode defined for component null
2021-09-26 22:29:26,119 [WARN] ModelIntegratedComponent:60 - No mode defined for component null
2021-09-26 22:29:26,119 [WARN] ModelIntegratedComponent:60 - No mode defined for component null
2021-09-26 22:29:26,119 [WARN] ModelIntegratedComponent:60 - No mode defined for component null
2021-09-26 22:29:26,119 [WARN] ModelIntegratedComponent:60 - No mode defined for component null
2021-09-26 22:29:26,119 [WARN] ModelIntegratedComponent:60 - No mode defined for component null
2021-09-26 22:29:26,119 [WARN] ModelIntegratedComponent:60 - No mode defined for component null
2021-09-26 22:29:26,257 [WARN] ApiManager:304 - Cannot register API 'Board Extension:IKS01A3' from pack STMicroelectronics.X-CUBE-MEMS1.9.0.0: no header file found
2021-09-26 22:29:26,257 [WARN] ApiManager:304 - Cannot register API 'Board Extension:IKS01A2' from pack STMicroelectronics.X-CUBE-MEMS1.9.0.0: no header file found
2021-09-26 22:29:26,257 [WARN] ApiManager:304 - Cannot register API 'Board Extension:IKS02A1' from pack STMicroelectronics.X-CUBE-MEMS1.9.0.0: no header file found
2021-09-26 22:29:26,273 [WARN] ApiManager:304 - Cannot register API 'Board Extension:S2868A1' from pack STMicroelectronics.X-CUBE-SUBG2.4.2.0: no header file found
2021-09-26 22:29:26,273 [WARN] ApiManager:304 - Cannot register API 'Board Extension:S2868A2' from pack STMicroelectronics.X-CUBE-SUBG2.4.2.0: no header file found
2021-09-26 22:29:26,273 [WARN] ApiManager:304 - Cannot register API 'Board Extension:S2915A1' from pack STMicroelectronics.X-CUBE-SUBG2.4.2.0: no header file found
2021-09-26 22:29:26,273 [INFO] RtosManager:484 - Registered RTOS mode: class=CMSIS, group=RTOS, mode=CMSIS_V1, owner=FREERTOS
2021-09-26 22:29:26,273 [INFO] RtosManager:484 - Registered RTOS mode: class=CMSIS, group=RTOS2, mode=CMSIS_V2, owner=FREERTOS
2021-09-26 22:29:26,273 [INFO] RtosManager:484 - Registered RTOS mode: class=RTOS, group=Core, mode=CMSIS_V1, owner=FREERTOS
2021-09-26 22:29:26,273 [INFO] RtosManager:484 - Registered RTOS mode: class=RTOS, group=Core, mode=CMSIS_V2, owner=FREERTOS
2021-09-26 22:29:26,273 [WARN] ModelIntegratedComponent:181 - Missing modes for component STMicroelectronics:FreeRTOS:0.0.1:STMicroelectronics:RTOS:FreeRTOS:Core:::10.2.0:
2021-09-26 22:29:26,273 [WARN] ApiManager:304 - Cannot register API 'Board Extension:EEPRMA1' from pack STMicroelectronics.X-CUBE-EEPRMA1.3.1.0: no header file found
2021-09-26 22:29:26,273 [WARN] ApiManager:304 - Cannot register API 'Board Extension:EEPRMA2' from pack STMicroelectronics.X-CUBE-EEPRMA1.3.1.0: no header file found
2021-09-26 22:29:26,273 [WARN] ApiManager:304 - Cannot register API 'Board Extension:GNSS1A1' from pack STMicroelectronics.X-CUBE-GNSS1.5.2.0: no header file found
2021-09-26 22:29:26,273 [WARN] ApiManager:304 - Cannot register API 'Board Support:Custom' from pack STMicroelectronics.X-CUBE-GNSS1.5.2.0: no header file found
2021-09-26 22:29:26,273 [WARN] ApiManager:304 - Cannot register API 'Data Exchange:lib_gnss' from pack STMicroelectronics.X-CUBE-GNSS1.5.2.0: no header file found
2021-09-26 22:29:26,273 [WARN] ApiManager:304 - Cannot register API 'Wireless:BlueNRG-MS' from pack STMicroelectronics.X-CUBE-BLE1.6.2.1: no header file found
2021-09-26 22:29:26,273 [WARN] ApiManager:304 - Cannot register API 'Wireless:BlueNRG-2' from pack STMicroelectronics.X-CUBE-BLE2.3.2.1: no header file found
2021-09-26 22:29:26,273 [WARN] ApiManager:304 - Cannot register API 'Board Extension:NFC04A1' from pack STMicroelectronics.X-CUBE-NFC4.2.0.3: no header file found
2021-09-26 22:29:26,910 [INFO] UtilMem:74 - End LoadConfig() Used Memory: 512451840 Bytes (808452096)
2021-09-26 22:29:26,910 [WARN] ThirdParty:779 - waiting for thirdparty lock release [change project]
2021-09-26 22:29:26,910 [INFO] ThirdParty:781 - entering critical section [change project]
2021-09-26 22:29:26,910 [INFO] ThirdParty:967 - CMSIS Pack Vendor :STMicroelectronics X-CUBE-SFXS2LP1 3.1.0
2021-09-26 22:29:26,910 [INFO] ThirdParty:967 - CMSIS Pack Vendor :RoweBots I-CUBE-UNISONRTOS 5.5.0-4
2021-09-26 22:29:26,910 [INFO] ThirdParty:967 - CMSIS Pack Vendor :STMicroelectronics X-CUBE-AZRTOS-F4 1.0.0
2021-09-26 22:29:26,910 [INFO] ThirdParty:967 - CMSIS Pack Vendor :STMicroelectronics USB_HOST 2.0.0
2021-09-26 22:29:26,910 [INFO] ThirdParty:967 - CMSIS Pack Vendor :STMicroelectronics X-CUBE-AZRTOS-H7 2.0.0
2021-09-26 22:29:26,910 [INFO] ThirdParty:967 - CMSIS Pack Vendor :STMicroelectronics USB_DEVICE 3.0.0
2021-09-26 22:29:26,910 [INFO] ThirdParty:967 - CMSIS Pack Vendor :STMicroelectronics X-CUBE-TOF1 2.0.0
2021-09-26 22:29:26,910 [INFO] ThirdParty:967 - CMSIS Pack Vendor :STMicroelectronics HAL Drivers 0.0.0
2021-09-26 22:29:26,910 [INFO] ThirdParty:967 - CMSIS Pack Vendor :STMicroelectronics MBEDTLS 2.16.2
2021-09-26 22:29:26,910 [INFO] ThirdParty:967 - CMSIS Pack Vendor :STMicroelectronics MBEDTLS 2.14.1
2021-09-26 22:29:26,910 [INFO] ThirdParty:967 - CMSIS Pack Vendor :STMicroelectronics X-CUBE-MEMS1 9.0.0
2021-09-26 22:29:26,910 [INFO] ThirdParty:967 - CMSIS Pack Vendor :STMicroelectronics X-CUBE-AZRTOS-H7 1.1.0
2021-09-26 22:29:26,910 [INFO] ThirdParty:967 - CMSIS Pack Vendor :STMicroelectronics X-CUBE-SUBG2 4.2.0
2021-09-26 22:29:26,910 [INFO] ThirdParty:967 - CMSIS Pack Vendor :STMicroelectronics X-CUBE-ALS 1.0.1
2021-09-26 22:29:26,910 [INFO] ThirdParty:967 - CMSIS Pack Vendor :STMicroelectronics USB_DEVICE 2.0.0
2021-09-26 22:29:26,910 [INFO] ThirdParty:967 - CMSIS Pack Vendor :STMicroelectronics X-CUBE-AI 7.0.0
2021-09-26 22:29:26,910 [INFO] ThirdParty:967 - CMSIS Pack Vendor :STMicroelectronics X-CUBE-ALGOBUILD 1.2.1
2021-09-26 22:29:26,910 [INFO] ThirdParty:967 - CMSIS Pack Vendor :STMicroelectronics X-CUBE-DISPLAY 1.0.0
2021-09-26 22:29:26,910 [INFO] ThirdParty:967 - CMSIS Pack Vendor :STMicroelectronics FreeRTOS 0.0.1
2021-09-26 22:29:26,910 [INFO] ThirdParty:967 - CMSIS Pack Vendor :STMicroelectronics USB_DEVICE 1.0.0
2021-09-26 22:29:26,910 [INFO] ThirdParty:967 - CMSIS Pack Vendor :SEGGER I-CUBE-embOS 1.2.0
2021-09-26 22:29:26,925 [INFO] ThirdParty:967 - CMSIS Pack Vendor :STMicroelectronics X-CUBE-EEPRMA1 3.1.0
2021-09-26 22:29:26,925 [INFO] ThirdParty:967 - CMSIS Pack Vendor :STMicroelectronics X-CUBE-GNSS1 5.2.0
2021-09-26 22:29:26,925 [INFO] ThirdParty:967 - CMSIS Pack Vendor :STMicroelectronics ThreadX 0.0.2
2021-09-26 22:29:26,925 [INFO] ThirdParty:967 - CMSIS Pack Vendor :STMicroelectronics lwIP 2.0.3
2021-09-26 22:29:26,925 [INFO] ThirdParty:967 - CMSIS Pack Vendor :STMicroelectronics lwIP 2.1.2
2021-09-26 22:29:26,925 [INFO] ThirdParty:967 - CMSIS Pack Vendor :STMicroelectronics X-CUBE-BLE1 6.2.1
2021-09-26 22:29:26,925 [INFO] ThirdParty:967 - CMSIS Pack Vendor :STMicroelectronics X-CUBE-BLE2 3.2.1
2021-09-26 22:29:26,925 [INFO] ThirdParty:967 - CMSIS Pack Vendor :STMicroelectronics USB_HOST 1.0.0
2021-09-26 22:29:26,925 [INFO] ThirdParty:967 - CMSIS Pack Vendor :STMicroelectronics X-CUBE-NFC4 2.0.3
2021-09-26 22:29:26,925 [INFO] ThirdParty:967 - CMSIS Pack Vendor :wolfSSL I-CUBE-wolfSSL 4.8.0
2021-09-26 22:29:26,925 [INFO] ThirdParty:967 - CMSIS Pack Vendor :STMicroelectronics X-CUBE-TOUCHGFX 4.17.0
2021-09-26 22:29:26,925 [INFO] ThirdParty:967 - CMSIS Pack Vendor :STMicroelectronics PDM2PCM 3.1.0
2021-09-26 22:29:26,925 [INFO] ThirdParty:967 - CMSIS Pack Vendor :STMicroelectronics PDM2PCM 3.2.0
2021-09-26 22:29:26,925 [INFO] ThirdParty:967 - CMSIS Pack Vendor :STMicroelectronics PDM2PCM 3.3.0
2021-09-26 22:29:26,925 [INFO] ThirdParty:787 - exiting critical section [change project]
2021-09-26 22:29:27,110 [INFO] PinOutPanel:1463 - setPackage(No Configuration,No Configuration)
2021-09-26 22:29:27,110 [INFO] PinOutPanel:1463 - setPackage(STM32F103C6Tx,LQFP48)
2021-09-26 22:29:27,427 [INFO] UtilMem:74 - Before build in PCC Used Memory: 610493696 Bytes (808452096)
2021-09-26 22:29:27,959 [INFO] UtilMem:74 - After build in PCC Used Memory: 689659136 Bytes (808452096)
2021-09-26 22:29:27,975 [INFO] IPUIPlugin:74 - create IPUIPlugin
2021-09-26 22:29:27,975 [INFO] IPUIPlugin:74 - create IPUIPlugin
2021-09-26 22:29:27,975 [INFO] IPUIPlugin:74 - create IPUIPlugin
2021-09-26 22:29:27,975 [INFO] IPUIPlugin:74 - create IPUIPlugin
2021-09-26 22:29:27,975 [INFO] IPUIPlugin:74 - create IPUIPlugin
2021-09-26 22:29:27,975 [INFO] IPUIPlugin:74 - create IPUIPlugin
2021-09-26 22:29:27,975 [INFO] IPUIPlugin:74 - create IPUIPlugin
2021-09-26 22:29:27,975 [INFO] IPUIPlugin:74 - create IPUIPlugin
2021-09-26 22:29:27,975 [INFO] IPUIPlugin:74 - create IPUIPlugin
2021-09-26 22:29:27,975 [INFO] IPUIPlugin:74 - create IPUIPlugin
2021-09-26 22:29:27,975 [INFO] IPUIPlugin:74 - create IPUIPlugin
2021-09-26 22:29:27,975 [INFO] IPUIPlugin:74 - create IPUIPlugin
2021-09-26 22:29:27,975 [INFO] IPUIPlugin:74 - create IPUIPlugin
2021-09-26 22:29:27,975 [INFO] IPUIPlugin:74 - create IPUIPlugin
2021-09-26 22:29:27,975 [INFO] IPUIPlugin:74 - create IPUIPlugin
2021-09-26 22:29:27,975 [INFO] IPUIPlugin:74 - create IPUIPlugin
2021-09-26 22:29:27,975 [INFO] IPUIPlugin:74 - create IPUIPlugin
2021-09-26 22:29:27,975 [INFO] IPUIPlugin:74 - create IPUIPlugin
2021-09-26 22:29:27,975 [INFO] IPUIPlugin:74 - create IPUIPlugin
2021-09-26 22:29:27,975 [INFO] IPUIPlugin:74 - create IPUIPlugin
2021-09-26 22:29:27,975 [INFO] IPUIPlugin:74 - create IPUIPlugin
2021-09-26 22:29:27,975 [INFO] IPUIPlugin:74 - create IPUIPlugin
2021-09-26 22:29:27,975 [INFO] IPUIPlugin:74 - create IPUIPlugin
2021-09-26 22:29:28,097 [INFO] OpenFileManager:333 - Restore cursor
2021-09-26 22:29:28,329 [INFO] UtilMem:74 - End SaveConfig() Used Memory: 538902632 Bytes (808452096)
2021-09-26 22:29:28,376 [INFO] UtilMem:74 - End SaveConfig() Used Memory: 551485544 Bytes (808452096)
2021-09-26 22:29:28,661 [INFO] BlockDiagram:2740 - set Specific Code input for plugin: NVIC
2021-09-26 22:29:28,661 [INFO] BlockDiagram:2740 - set Specific Code input for plugin: SYS
2021-09-26 22:29:28,661 [INFO] BlockDiagram:2740 - set Specific Code input for plugin: RCC
2021-09-26 22:29:28,661 [INFO] CodeGenerator:663 - code generatio: config db path: C:\ST\STM32CubeIDE_1.7.0\STM32CubeIDE\plugins\com.st.stm32cube.common.mx_6.3.0.202107141111\\db\
2021-09-26 22:29:28,962 [INFO] CodeEngine:239 - oldGeneratedFile, C:\Users\THIENGO_WIN\Desktop\mcu\hcmut-mcu\theory\interrupt\code\interrupt-exercise\MXTmpFiles\license.tmp_save
2021-09-26 22:29:29,247 [INFO] CodeEngine:257 - Generated code: C:\Users\THIENGO_WIN\Desktop\mcu\hcmut-mcu\theory\interrupt\code\interrupt-exercise\MXTmpFiles\license.tmp
2021-09-26 22:29:29,416 [INFO] CodeEngine:239 - oldGeneratedFile, C:\Users\THIENGO_WIN\Desktop\mcu\hcmut-mcu\theory\interrupt\code\interrupt-exercise\Core\Src\stm32f1xx_it.c_save
2021-09-26 22:29:29,563 [INFO] CodeEngine:257 - Generated code: C:\Users\THIENGO_WIN\Desktop\mcu\hcmut-mcu\theory\interrupt\code\interrupt-exercise\Core\Src\stm32f1xx_it.c
2021-09-26 22:29:29,579 [INFO] CodeEngine:239 - oldGeneratedFile, C:\Users\THIENGO_WIN\Desktop\mcu\hcmut-mcu\theory\interrupt\code\interrupt-exercise\Core\Inc\stm32f1xx_it.h_save
2021-09-26 22:29:29,648 [INFO] CodeEngine:257 - Generated code: C:\Users\THIENGO_WIN\Desktop\mcu\hcmut-mcu\theory\interrupt\code\interrupt-exercise\Core\Inc\stm32f1xx_it.h
2021-09-26 22:29:29,663 [INFO] CodeEngine:239 - oldGeneratedFile, C:\Users\THIENGO_WIN\Desktop\mcu\hcmut-mcu\theory\interrupt\code\interrupt-exercise\Core\Src\stm32f1xx_hal_msp.c_save
2021-09-26 22:29:29,748 [INFO] CodeEngine:257 - Generated code: C:\Users\THIENGO_WIN\Desktop\mcu\hcmut-mcu\theory\interrupt\code\interrupt-exercise\Core\Src\stm32f1xx_hal_msp.c
2021-09-26 22:29:29,748 [INFO] CodeEngine:239 - oldGeneratedFile, C:\Users\THIENGO_WIN\Desktop\mcu\hcmut-mcu\theory\interrupt\code\interrupt-exercise\MXTmpFiles\system.tmp_save
2021-09-26 22:29:29,801 [INFO] CodeEngine:257 - Generated code: C:\Users\THIENGO_WIN\Desktop\mcu\hcmut-mcu\theory\interrupt\code\interrupt-exercise\MXTmpFiles\system.tmp
2021-09-26 22:29:29,817 [INFO] CodeEngine:239 - oldGeneratedFile, C:\Users\THIENGO_WIN\Desktop\mcu\hcmut-mcu\theory\interrupt\code\interrupt-exercise\Core\Inc\stm32f1xx_hal_conf.h_save
2021-09-26 22:29:29,902 [INFO] CodeEngine:257 - Generated code: C:\Users\THIENGO_WIN\Desktop\mcu\hcmut-mcu\theory\interrupt\code\interrupt-exercise\Core\Inc\stm32f1xx_hal_conf.h
2021-09-26 22:29:29,949 [INFO] CodeEngine:239 - oldGeneratedFile, C:\Users\THIENGO_WIN\Desktop\mcu\hcmut-mcu\theory\interrupt\code\interrupt-exercise\Core\Inc\main.h_save
2021-09-26 22:29:30,034 [INFO] CodeEngine:257 - Generated code: C:\Users\THIENGO_WIN\Desktop\mcu\hcmut-mcu\theory\interrupt\code\interrupt-exercise\Core\Inc\main.h
2021-09-26 22:29:30,044 [INFO] CodeEngine:239 - oldGeneratedFile, C:\Users\THIENGO_WIN\Desktop\mcu\hcmut-mcu\theory\interrupt\code\interrupt-exercise\Core\Src\main.c_save
2021-09-26 22:29:30,165 [INFO] CodeEngine:257 - Generated code: C:\Users\THIENGO_WIN\Desktop\mcu\hcmut-mcu\theory\interrupt\code\interrupt-exercise\Core\Src\main.c
2021-09-26 22:29:31,227 [INFO] ProjectBuilder:2578 - Time for Copy HAL[1] : 291mS.
2021-09-26 22:29:31,243 [INFO] ProjectBuilder:3622 - Project Generator version: 3.14.1
2021-09-26 22:29:31,776 [INFO] ConfigFileManager:1271 - The Die is : DIE412
2021-09-26 22:29:31,798 [INFO] ApiDbMcu:468 - Load IP Config File for FATFS
2021-09-26 22:29:31,845 [INFO] ApiDbMcu:468 - Load IP Config File for FREERTOS
2021-09-26 22:29:31,876 [INFO] ApiDbMcu:468 - Load IP Config File for USB_DEVICE
2021-09-26 22:29:37,656 [INFO] ProjectBuilder:3789 - Time for Generating toolchain IDE Files: 6413mS.
2021-09-26 22:29:37,656 [INFO] ProjectBuilder:2457 - Time for Copy CMSIS : 0mS.
2021-09-26 22:29:37,656 [INFO] ProjectBuilder:2457 - Time for Copy CMSIS : 0mS.
2021-09-26 22:29:38,468 [INFO] McuFinderGlobals:52 - Set McuFinderConnectedMode to true
2021-09-26 22:29:38,468 [INFO] ApiDb:276 - Save user favorites file C:\Users\THIENGO_WIN/.stm32cubeide/favorites.mcus.txt: 0 item(s)
2021-09-26 22:29:38,468 [INFO] ApiDb:280 - User favorites MCUs=[]
2021-09-26 22:30:22,373 [INFO] UtilMem:74 - End SaveConfig() Used Memory: 1052365648 Bytes (1073741824)
2021-09-26 22:30:24,975 [INFO] UtilMem:74 - End SaveConfig() Used Memory: 664479064 Bytes (1073741824)
2021-09-26 22:30:25,260 [INFO] BlockDiagram:2740 - set Specific Code input for plugin: NVIC
2021-09-26 22:30:25,260 [INFO] BlockDiagram:2740 - set Specific Code input for plugin: SYS
2021-09-26 22:30:25,260 [INFO] BlockDiagram:2740 - set Specific Code input for plugin: GPIO
2021-09-26 22:30:25,260 [INFO] BlockDiagram:2740 - set Specific Code input for plugin: RCC
2021-09-26 22:30:25,260 [INFO] CodeGenerator:663 - code generatio: config db path: C:\ST\STM32CubeIDE_1.7.0\STM32CubeIDE\plugins\com.st.stm32cube.common.mx_6.3.0.202107141111\\db\
2021-09-26 22:30:25,514 [INFO] CodeEngine:239 - oldGeneratedFile, C:\Users\THIENGO_WIN\Desktop\mcu\hcmut-mcu\theory\interrupt\code\interrupt-exercise\MXTmpFiles\license.tmp_save
2021-09-26 22:30:25,561 [INFO] CodeEngine:257 - Generated code: C:\Users\THIENGO_WIN\Desktop\mcu\hcmut-mcu\theory\interrupt\code\interrupt-exercise\MXTmpFiles\license.tmp
2021-09-26 22:30:25,583 [INFO] CodeEngine:239 - oldGeneratedFile, C:\Users\THIENGO_WIN\Desktop\mcu\hcmut-mcu\theory\interrupt\code\interrupt-exercise\MXTmpFiles\gpio.tmp_save
2021-09-26 22:30:25,630 [INFO] CodeEngine:257 - Generated code: C:\Users\THIENGO_WIN\Desktop\mcu\hcmut-mcu\theory\interrupt\code\interrupt-exercise\MXTmpFiles\gpio.tmp
2021-09-26 22:30:25,646 [INFO] CodeEngine:239 - oldGeneratedFile, C:\Users\THIENGO_WIN\Desktop\mcu\hcmut-mcu\theory\interrupt\code\interrupt-exercise\Core\Src\stm32f1xx_it.c_save
2021-09-26 22:30:25,730 [INFO] CodeEngine:257 - Generated code: C:\Users\THIENGO_WIN\Desktop\mcu\hcmut-mcu\theory\interrupt\code\interrupt-exercise\Core\Src\stm32f1xx_it.c
2021-09-26 22:30:25,746 [INFO] CodeEngine:239 - oldGeneratedFile, C:\Users\THIENGO_WIN\Desktop\mcu\hcmut-mcu\theory\interrupt\code\interrupt-exercise\Core\Inc\stm32f1xx_it.h_save
2021-09-26 22:30:25,799 [INFO] CodeEngine:257 - Generated code: C:\Users\THIENGO_WIN\Desktop\mcu\hcmut-mcu\theory\interrupt\code\interrupt-exercise\Core\Inc\stm32f1xx_it.h
2021-09-26 22:30:25,815 [INFO] CodeEngine:239 - oldGeneratedFile, C:\Users\THIENGO_WIN\Desktop\mcu\hcmut-mcu\theory\interrupt\code\interrupt-exercise\Core\Src\stm32f1xx_hal_msp.c_save
2021-09-26 22:30:25,900 [INFO] CodeEngine:257 - Generated code: C:\Users\THIENGO_WIN\Desktop\mcu\hcmut-mcu\theory\interrupt\code\interrupt-exercise\Core\Src\stm32f1xx_hal_msp.c
2021-09-26 22:30:25,900 [INFO] CodeEngine:239 - oldGeneratedFile, C:\Users\THIENGO_WIN\Desktop\mcu\hcmut-mcu\theory\interrupt\code\interrupt-exercise\MXTmpFiles\system.tmp_save
2021-09-26 22:30:25,947 [INFO] CodeEngine:257 - Generated code: C:\Users\THIENGO_WIN\Desktop\mcu\hcmut-mcu\theory\interrupt\code\interrupt-exercise\MXTmpFiles\system.tmp
2021-09-26 22:30:25,962 [INFO] CodeEngine:239 - oldGeneratedFile, C:\Users\THIENGO_WIN\Desktop\mcu\hcmut-mcu\theory\interrupt\code\interrupt-exercise\Core\Inc\stm32f1xx_hal_conf.h_save
2021-09-26 22:30:26,031 [INFO] CodeEngine:257 - Generated code: C:\Users\THIENGO_WIN\Desktop\mcu\hcmut-mcu\theory\interrupt\code\interrupt-exercise\Core\Inc\stm32f1xx_hal_conf.h
2021-09-26 22:30:26,062 [INFO] CodeEngine:239 - oldGeneratedFile, C:\Users\THIENGO_WIN\Desktop\mcu\hcmut-mcu\theory\interrupt\code\interrupt-exercise\Core\Inc\main.h_save
2021-09-26 22:30:26,116 [INFO] CodeEngine:257 - Generated code: C:\Users\THIENGO_WIN\Desktop\mcu\hcmut-mcu\theory\interrupt\code\interrupt-exercise\Core\Inc\main.h
2021-09-26 22:30:26,131 [INFO] CodeEngine:239 - oldGeneratedFile, C:\Users\THIENGO_WIN\Desktop\mcu\hcmut-mcu\theory\interrupt\code\interrupt-exercise\Core\Src\main.c_save
2021-09-26 22:30:26,301 [INFO] CodeEngine:257 - Generated code: C:\Users\THIENGO_WIN\Desktop\mcu\hcmut-mcu\theory\interrupt\code\interrupt-exercise\Core\Src\main.c
2021-09-26 22:30:27,080 [INFO] ProjectBuilder:2578 - Time for Copy HAL[1] : 116mS.
2021-09-26 22:30:27,080 [INFO] ProjectBuilder:3622 - Project Generator version: 3.14.1
2021-09-26 22:30:27,462 [INFO] ConfigFileManager:1271 - The Die is : DIE412
2021-09-26 22:30:29,171 [INFO] ProjectBuilder:3789 - Time for Generating toolchain IDE Files: 2091mS.
2021-09-26 22:30:29,171 [INFO] ProjectBuilder:2457 - Time for Copy CMSIS : 0mS.
2021-09-26 22:30:29,171 [INFO] ProjectBuilder:2457 - Time for Copy CMSIS : 0mS.
2021-09-26 23:47:28,168 [INFO] Activator:177 - 


2021-09-26 23:47:28,172 [INFO] Activator:178 - !SESSION log4j initialized
2021-09-26 23:50:38,642 [INFO] Activator:177 - 


2021-09-26 23:50:38,642 [INFO] Activator:178 - !SESSION log4j initialized
2021-09-26 23:51:08,143 [INFO] RetryExec:97 - I/O exception (java.net.SocketException) caught when processing request to {s}->https://download.eclipse.org:443: Socket operation on nonsocket: configureBlocking
2021-09-26 23:51:08,143 [INFO] RetryExec:113 - Retrying request to {s}->https://download.eclipse.org:443
