2021-11-05 17:00:35,283 [INFO] Activator:177 - 


2021-11-05 17:00:35,284 [INFO] Activator:178 - !SESSION log4j initialized
2021-11-05 17:00:38,758 [INFO] McuFinderGlobals:39 - Set McuFinder mode to 2 (CubeIDE integrated)
2021-11-05 17:00:39,873 [INFO] ApplicationProperties:181 - Using Application install path: C:\ST\STM32CubeIDE_1.7.0\STM32CubeIDE\plugins\com.st.stm32cube.common.mx_6.3.0.202107141111
2021-11-05 17:00:39,888 [INFO] DbMcusXml:74 - Set database path to: C:\ST\STM32CubeIDE_1.7.0\STM32CubeIDE\plugins\com.st.stm32cube.common.mx_6.3.0.202107141111\\db\/mcu/
2021-11-05 17:00:39,892 [INFO] DbBoardsPdsc:56 - Set plugin database path to: C:\ST\STM32CubeIDE_1.7.0\STM32CubeIDE\plugins\com.st.stm32cube.common.mx_6.3.0.202107141111\\db\/plugins/boardmanager/
2021-11-05 17:00:39,893 [INFO] DbMcus:258 - Set plugin images path to: C:\ST\STM32CubeIDE_1.7.0\STM32CubeIDE\plugins\com.st.stm32cube.common.mx_6.3.0.202107141111\\db\/plugins/mcufinder/images/
2021-11-05 17:00:39,893 [INFO] DbBoards:264 - Set plugin images path to: C:\ST\STM32CubeIDE_1.7.0\STM32CubeIDE\plugins\com.st.stm32cube.common.mx_6.3.0.202107141111\\db\/plugins/mcufinder/images/
2021-11-05 17:00:39,896 [INFO] DbExamples:333 - Set plugin images path to: C:\ST\STM32CubeIDE_1.7.0\STM32CubeIDE\plugins\com.st.stm32cube.common.mx_6.3.0.202107141111\\db\/plugins/mcufinder/images/
2021-11-05 17:00:39,905 [INFO] DbMcusAds:119 - Set database path to: C:\Users\THIENGO_WIN\.stmcufinder\plugins\mcufinder//mcu/
2021-11-05 17:00:39,906 [INFO] DbMcusDocs:110 - Set database path to: C:\Users\THIENGO_WIN\.stmcufinder\plugins\mcufinder//mcu/
2021-11-05 17:00:39,908 [INFO] DbMcusJson:64 - Set database path to: C:\Users\THIENGO_WIN\.stmcufinder\plugins\mcufinder//mcu/
2021-11-05 17:00:39,909 [INFO] DbBoardsDocs:110 - Set database path to: C:\Users\THIENGO_WIN\.stmcufinder\plugins\mcufinder//mcu/
2021-11-05 17:00:39,910 [INFO] DbBoardsJson:57 - Set database path to: C:\Users\THIENGO_WIN\.stmcufinder\plugins\mcufinder//mcu/
2021-11-05 17:00:39,913 [INFO] CrossReferenceDbSqlite:196 - Set database path to: C:\Users\THIENGO_WIN\.stmcufinder\plugins\mcufinder//mcu/cs/
2021-11-05 17:00:39,916 [INFO] DbExamplesSqlite:767 - Set database path to: C:\Users\THIENGO_WIN\.stmcufinder\plugins\mcufinder//mcu/
2021-11-05 17:00:40,013 [INFO] RulesReader:57 - Compatibility file has been processed (242 Rules)
2021-11-05 17:00:40,110 [INFO] DbMcusXml:74 - Set database path to: C:\ST\STM32CubeIDE_1.7.0\STM32CubeIDE\plugins\com.st.stm32cube.common.mx_6.3.0.202107141111\\db\/mcu/
2021-11-05 17:00:40,111 [INFO] DbBoardsPdsc:56 - Set plugin database path to: C:\ST\STM32CubeIDE_1.7.0\STM32CubeIDE\plugins\com.st.stm32cube.common.mx_6.3.0.202107141111\\db\/plugins/boardmanager/
2021-11-05 17:00:40,111 [INFO] DbMcus:258 - Set plugin images path to: C:\ST\STM32CubeIDE_1.7.0\STM32CubeIDE\plugins\com.st.stm32cube.common.mx_6.3.0.202107141111\\db\/plugins/mcufinder/images/
2021-11-05 17:00:40,111 [INFO] DbBoards:264 - Set plugin images path to: C:\ST\STM32CubeIDE_1.7.0\STM32CubeIDE\plugins\com.st.stm32cube.common.mx_6.3.0.202107141111\\db\/plugins/mcufinder/images/
2021-11-05 17:00:40,111 [INFO] DbExamples:333 - Set plugin images path to: C:\ST\STM32CubeIDE_1.7.0\STM32CubeIDE\plugins\com.st.stm32cube.common.mx_6.3.0.202107141111\\db\/plugins/mcufinder/images/
2021-11-05 17:00:40,112 [WARN] DbFile:35 - Overriding database path with different value: C:\Users\THIENGO_WIN\.stmcufinder\plugins\mcufinder/ => C:\Users\THIENGO_WIN\.stmcufinder\plugins\mcufinder
2021-11-05 17:00:40,112 [INFO] DbMcusAds:119 - Set database path to: C:\Users\THIENGO_WIN\.stmcufinder\plugins\mcufinder//mcu/
2021-11-05 17:00:40,112 [WARN] DbFile:35 - Overriding database path with different value: C:\Users\THIENGO_WIN\.stmcufinder\plugins\mcufinder/ => C:\Users\THIENGO_WIN\.stmcufinder\plugins\mcufinder
2021-11-05 17:00:40,112 [INFO] DbMcusDocs:110 - Set database path to: C:\Users\THIENGO_WIN\.stmcufinder\plugins\mcufinder//mcu/
2021-11-05 17:00:40,112 [WARN] DbFile:35 - Overriding database path with different value: C:\Users\THIENGO_WIN\.stmcufinder\plugins\mcufinder/ => C:\Users\THIENGO_WIN\.stmcufinder\plugins\mcufinder
2021-11-05 17:00:40,112 [INFO] DbMcusJson:64 - Set database path to: C:\Users\THIENGO_WIN\.stmcufinder\plugins\mcufinder//mcu/
2021-11-05 17:00:40,112 [WARN] DbFile:35 - Overriding database path with different value: C:\Users\THIENGO_WIN\.stmcufinder\plugins\mcufinder/ => C:\Users\THIENGO_WIN\.stmcufinder\plugins\mcufinder
2021-11-05 17:00:40,112 [INFO] DbBoardsDocs:110 - Set database path to: C:\Users\THIENGO_WIN\.stmcufinder\plugins\mcufinder//mcu/
2021-11-05 17:00:40,113 [WARN] DbFile:35 - Overriding database path with different value: C:\Users\THIENGO_WIN\.stmcufinder\plugins\mcufinder/ => C:\Users\THIENGO_WIN\.stmcufinder\plugins\mcufinder
2021-11-05 17:00:40,113 [INFO] DbBoardsJson:57 - Set database path to: C:\Users\THIENGO_WIN\.stmcufinder\plugins\mcufinder//mcu/
2021-11-05 17:00:40,113 [WARN] DbFile:35 - Overriding database path with different value: C:\Users\THIENGO_WIN\.stmcufinder\plugins\mcufinder/ => C:\Users\THIENGO_WIN\.stmcufinder\plugins\mcufinder
2021-11-05 17:00:40,113 [WARN] DbFile:35 - Overriding database path with different value: C:\Users\THIENGO_WIN\.stmcufinder\plugins\mcufinder/ => C:\Users\THIENGO_WIN\.stmcufinder\plugins\mcufinder
2021-11-05 17:00:40,113 [INFO] CrossReferenceDbSqlite:196 - Set database path to: C:\Users\THIENGO_WIN\.stmcufinder\plugins\mcufinder//mcu/cs/
2021-11-05 17:00:40,113 [WARN] DbFile:35 - Overriding database path with different value: C:\Users\THIENGO_WIN\.stmcufinder\plugins\mcufinder/ => C:\Users\THIENGO_WIN\.stmcufinder\plugins\mcufinder
2021-11-05 17:00:40,113 [INFO] DbExamplesSqlite:767 - Set database path to: C:\Users\THIENGO_WIN\.stmcufinder\plugins\mcufinder//mcu/
2021-11-05 17:00:40,187 [INFO] MainPanel:214 - HeapMemory: 268435456
2021-11-05 17:00:40,288 [INFO] DbMcusXml:74 - Set database path to: C:\ST\STM32CubeIDE_1.7.0\STM32CubeIDE\plugins\com.st.stm32cube.common.mx_6.3.0.202107141111\\db\/mcu/
2021-11-05 17:00:40,288 [INFO] DbBoardsPdsc:56 - Set plugin database path to: C:\ST\STM32CubeIDE_1.7.0\STM32CubeIDE\plugins\com.st.stm32cube.common.mx_6.3.0.202107141111\\db\/plugins/boardmanager/
2021-11-05 17:00:40,288 [INFO] DbMcus:258 - Set plugin images path to: C:\ST\STM32CubeIDE_1.7.0\STM32CubeIDE\plugins\com.st.stm32cube.common.mx_6.3.0.202107141111\\db\/plugins/mcufinder/images/
2021-11-05 17:00:40,288 [INFO] DbBoards:264 - Set plugin images path to: C:\ST\STM32CubeIDE_1.7.0\STM32CubeIDE\plugins\com.st.stm32cube.common.mx_6.3.0.202107141111\\db\/plugins/mcufinder/images/
2021-11-05 17:00:40,288 [INFO] DbExamples:333 - Set plugin images path to: C:\ST\STM32CubeIDE_1.7.0\STM32CubeIDE\plugins\com.st.stm32cube.common.mx_6.3.0.202107141111\\db\/plugins/mcufinder/images/
2021-11-05 17:00:40,290 [WARN] DbFile:35 - Overriding database path with different value: C:\Users\THIENGO_WIN\.stmcufinder\plugins\mcufinder/ => C:\Users\THIENGO_WIN\.stmcufinder\plugins\mcufinder
2021-11-05 17:00:40,290 [INFO] DbMcusAds:119 - Set database path to: C:\Users\THIENGO_WIN\.stmcufinder\plugins\mcufinder//mcu/
2021-11-05 17:00:40,290 [WARN] DbFile:35 - Overriding database path with different value: C:\Users\THIENGO_WIN\.stmcufinder\plugins\mcufinder/ => C:\Users\THIENGO_WIN\.stmcufinder\plugins\mcufinder
2021-11-05 17:00:40,290 [INFO] DbMcusDocs:110 - Set database path to: C:\Users\THIENGO_WIN\.stmcufinder\plugins\mcufinder//mcu/
2021-11-05 17:00:40,290 [WARN] DbFile:35 - Overriding database path with different value: C:\Users\THIENGO_WIN\.stmcufinder\plugins\mcufinder/ => C:\Users\THIENGO_WIN\.stmcufinder\plugins\mcufinder
2021-11-05 17:00:40,290 [INFO] DbMcusJson:64 - Set database path to: C:\Users\THIENGO_WIN\.stmcufinder\plugins\mcufinder//mcu/
2021-11-05 17:00:40,290 [WARN] DbFile:35 - Overriding database path with different value: C:\Users\THIENGO_WIN\.stmcufinder\plugins\mcufinder/ => C:\Users\THIENGO_WIN\.stmcufinder\plugins\mcufinder
2021-11-05 17:00:40,290 [INFO] DbBoardsDocs:110 - Set database path to: C:\Users\THIENGO_WIN\.stmcufinder\plugins\mcufinder//mcu/
2021-11-05 17:00:40,290 [WARN] DbFile:35 - Overriding database path with different value: C:\Users\THIENGO_WIN\.stmcufinder\plugins\mcufinder/ => C:\Users\THIENGO_WIN\.stmcufinder\plugins\mcufinder
2021-11-05 17:00:40,291 [INFO] DbBoardsJson:57 - Set database path to: C:\Users\THIENGO_WIN\.stmcufinder\plugins\mcufinder//mcu/
2021-11-05 17:00:40,291 [WARN] DbFile:35 - Overriding database path with different value: C:\Users\THIENGO_WIN\.stmcufinder\plugins\mcufinder/ => C:\Users\THIENGO_WIN\.stmcufinder\plugins\mcufinder
2021-11-05 17:00:40,291 [WARN] DbFile:35 - Overriding database path with different value: C:\Users\THIENGO_WIN\.stmcufinder\plugins\mcufinder/ => C:\Users\THIENGO_WIN\.stmcufinder\plugins\mcufinder
2021-11-05 17:00:40,291 [INFO] CrossReferenceDbSqlite:196 - Set database path to: C:\Users\THIENGO_WIN\.stmcufinder\plugins\mcufinder//mcu/cs/
2021-11-05 17:00:40,291 [WARN] DbFile:35 - Overriding database path with different value: C:\Users\THIENGO_WIN\.stmcufinder\plugins\mcufinder/ => C:\Users\THIENGO_WIN\.stmcufinder\plugins\mcufinder
2021-11-05 17:00:40,291 [INFO] DbExamplesSqlite:767 - Set database path to: C:\Users\THIENGO_WIN\.stmcufinder\plugins\mcufinder//mcu/
2021-11-05 17:00:40,310 [INFO] ApplicationProperties:181 - Using Application install path: C:\ST\STM32CubeIDE_1.7.0\STM32CubeIDE\plugins\com.st.stm32cube.common.mx_6.3.0.202107141111
2021-11-05 17:00:40,311 [INFO] PluginManage:188 - Search for loadable plugins [exclusion list=, ]
2021-11-05 17:00:40,313 [INFO] PluginManage:302 - Check plugin analytics
2021-11-05 17:00:40,461 [INFO] AnalyticsPlugin:257 - Accepted Software Licenses: 
2021-11-05 17:00:40,462 [INFO] AnalyticsPlugin:259 - Accepted CMSIS Pack Licenses: 
2021-11-05 17:00:40,462 [INFO] AnalyticsPlugin:261 - Accepted Firmware Licenses: FW.G0.1.5.0
2021-11-05 17:00:40,463 [INFO] PluginManage:352 - Loaded plugin analytics (category:tool,tabindex:-1)
2021-11-05 17:00:40,463 [INFO] PluginManage:302 - Check plugin clock
2021-11-05 17:00:40,486 [INFO] PluginManage:352 - Loaded plugin clock (category:base,tabindex:2)
2021-11-05 17:00:40,487 [INFO] PluginManage:302 - Check plugin ddr
2021-11-05 17:00:40,489 [INFO] PluginManage:352 - Loaded plugin ddr (category:tool,tabindex:6)
2021-11-05 17:00:40,489 [INFO] PluginManage:302 - Check plugin filemanager
2021-11-05 17:00:40,622 [INFO] PluginManage:352 - Loaded plugin filemanager (category:base,tabindex:10)
2021-11-05 17:00:40,622 [INFO] PluginManage:302 - Check plugin ipmanager
2021-11-05 17:00:40,631 [INFO] PluginManage:352 - Loaded plugin ipmanager (category:base,tabindex:5)
2021-11-05 17:00:40,631 [INFO] PluginManage:302 - Check plugin pinoutandconfiguration
2021-11-05 17:00:40,651 [INFO] PluginManage:352 - Loaded plugin pinoutandconfiguration (category:base,tabindex:1)
2021-11-05 17:00:40,651 [INFO] PluginManage:302 - Check plugin pinoutconfig
2021-11-05 17:00:40,690 [INFO] PluginManage:352 - Loaded plugin pinoutconfig (category:base,tabindex:0)
2021-11-05 17:00:40,690 [INFO] PluginManage:302 - Check plugin power
2021-11-05 17:00:40,722 [INFO] PluginManage:352 - Loaded plugin power (category:power,tabindex:4)
2021-11-05 17:00:40,722 [INFO] PluginManage:302 - Check plugin projectmanager
2021-11-05 17:00:40,739 [INFO] PluginManage:352 - Loaded plugin projectmanager (category:projectmanager,tabindex:3)
2021-11-05 17:00:40,739 [INFO] PluginManage:302 - Check plugin thirdparty
2021-11-05 17:00:40,971 [WARN] IntegrityCheckThread:78 - waiting for thirdparty lock release [integrity check]
2021-11-05 17:00:40,971 [INFO] IntegrityCheckThread:80 - entering critical section [integrity check]
2021-11-05 17:00:40,971 [INFO] PluginManage:352 - Loaded plugin thirdparty (category:base,tabindex:-1)
2021-11-05 17:00:40,972 [INFO] ThirdPartyUpdaterWithRetryManager:66 - Updater plugin not ready yet. [1/15]
2021-11-05 17:00:40,972 [INFO] PluginManage:302 - Check plugin tools
2021-11-05 17:00:41,017 [INFO] PluginManage:352 - Loaded plugin tools (category:base,tabindex:7)
2021-11-05 17:00:41,017 [INFO] PluginManage:302 - Check plugin tutovideos
2021-11-05 17:00:41,244 [INFO] PluginManage:352 - Loaded plugin tutovideos (category:base,tabindex:-1)
2021-11-05 17:00:41,244 [INFO] PluginManage:302 - Check plugin updater
2021-11-05 17:00:41,257 [INFO] PluginManage:352 - Loaded plugin updater (category:base,tabindex:12)
2021-11-05 17:00:41,257 [INFO] PluginManage:275 - PluginManage : Loaded plugins [13]
2021-11-05 17:00:41,450 [INFO] PinOutPanel:1463 - setPackage(No Configuration,No Configuration)
2021-11-05 17:00:41,541 [INFO] IPUIPlugin:74 - create IPUIPlugin
2021-11-05 17:00:41,542 [INFO] PluginManager:213 - loadIPPluginJar : add adc
2021-11-05 17:00:41,571 [INFO] IPUIPlugin:74 - create IPUIPlugin
2021-11-05 17:00:41,571 [INFO] PluginManager:213 - loadIPPluginJar : add aes
2021-11-05 17:00:41,605 [INFO] IPUIPlugin:74 - create IPUIPlugin
2021-11-05 17:00:41,605 [INFO] PluginManager:213 - loadIPPluginJar : add can
2021-11-05 17:00:41,628 [INFO] IPUIPlugin:74 - create IPUIPlugin
2021-11-05 17:00:41,628 [INFO] PluginManager:213 - loadIPPluginJar : add comp
2021-11-05 17:00:41,655 [INFO] IPUIPlugin:74 - create IPUIPlugin
2021-11-05 17:00:41,655 [INFO] PluginManager:213 - loadIPPluginJar : add cryp
2021-11-05 17:00:41,682 [INFO] IPUIPlugin:74 - create IPUIPlugin
2021-11-05 17:00:41,682 [INFO] PluginManager:213 - loadIPPluginJar : add dfsdm
2021-11-05 17:00:41,696 [INFO] IPUIPlugin:74 - create IPUIPlugin
2021-11-05 17:00:41,696 [INFO] PluginManager:213 - loadIPPluginJar : add dma
2021-11-05 17:00:41,733 [INFO] IPUIPlugin:74 - create IPUIPlugin
2021-11-05 17:00:41,734 [INFO] PluginManager:213 - loadIPPluginJar : add dma3
2021-11-05 17:00:41,754 [INFO] IPUIPlugin:74 - create IPUIPlugin
2021-11-05 17:00:41,754 [INFO] PluginManager:213 - loadIPPluginJar : add fatfs
2021-11-05 17:00:41,797 [INFO] IPUIPlugin:74 - create IPUIPlugin
2021-11-05 17:00:41,797 [INFO] PluginManager:213 - loadIPPluginJar : add fmc
2021-11-05 17:00:41,813 [INFO] IPUIPlugin:74 - create IPUIPlugin
2021-11-05 17:00:41,813 [INFO] PluginManager:213 - loadIPPluginJar : add freertos
2021-11-05 17:00:41,834 [INFO] IPUIPlugin:74 - create IPUIPlugin
2021-11-05 17:00:41,834 [INFO] PluginManager:213 - loadIPPluginJar : add genericplugin
2021-11-05 17:00:41,899 [INFO] IPUIPlugin:74 - create IPUIPlugin
2021-11-05 17:00:41,899 [INFO] PluginManager:213 - loadIPPluginJar : add gfxmmu
2021-11-05 17:00:42,000 [INFO] IPUIPlugin:74 - create IPUIPlugin
2021-11-05 17:00:42,000 [INFO] PluginManager:213 - loadIPPluginJar : add gic
2021-11-05 17:00:42,012 [INFO] IPUIPlugin:74 - create IPUIPlugin
2021-11-05 17:00:42,013 [INFO] PluginManager:213 - loadIPPluginJar : add gpio
2021-11-05 17:00:42,074 [INFO] IPUIPlugin:74 - create IPUIPlugin
2021-11-05 17:00:42,075 [INFO] PluginManager:213 - loadIPPluginJar : add gtzc
2021-11-05 17:00:42,111 [INFO] IPUIPlugin:74 - create IPUIPlugin
2021-11-05 17:00:42,111 [INFO] PluginManager:213 - loadIPPluginJar : add hash
2021-11-05 17:00:42,156 [INFO] IPUIPlugin:74 - create IPUIPlugin
2021-11-05 17:00:42,156 [INFO] PluginManager:213 - loadIPPluginJar : add i2c
2021-11-05 17:00:42,204 [INFO] IPUIPlugin:74 - create IPUIPlugin
2021-11-05 17:00:42,204 [INFO] PluginManager:213 - loadIPPluginJar : add i2s
2021-11-05 17:00:42,216 [INFO] IPUIPlugin:74 - create IPUIPlugin
2021-11-05 17:00:42,216 [INFO] PluginManager:213 - loadIPPluginJar : add ipddr
2021-11-05 17:00:42,298 [INFO] IPUIPlugin:74 - create IPUIPlugin
2021-11-05 17:00:42,299 [INFO] PluginManager:213 - loadIPPluginJar : add linkedlist
2021-11-05 17:00:42,335 [INFO] IPUIPlugin:74 - create IPUIPlugin
2021-11-05 17:00:42,336 [INFO] PluginManager:213 - loadIPPluginJar : add lorawan
2021-11-05 17:00:42,371 [INFO] IPUIPlugin:74 - create IPUIPlugin
2021-11-05 17:00:42,371 [INFO] PluginManager:213 - loadIPPluginJar : add ltdc
2021-11-05 17:00:42,383 [INFO] IPUIPlugin:74 - create IPUIPlugin
2021-11-05 17:00:42,383 [INFO] PluginManager:213 - loadIPPluginJar : add mdma
2021-11-05 17:00:42,395 [INFO] IPUIPlugin:74 - create IPUIPlugin
2021-11-05 17:00:42,395 [INFO] PluginManager:213 - loadIPPluginJar : add nvic
2021-11-05 17:00:42,429 [INFO] IPUIPlugin:74 - create IPUIPlugin
2021-11-05 17:00:42,430 [INFO] PluginManager:213 - loadIPPluginJar : add opamp
2021-11-05 17:00:42,480 [INFO] IPUIPlugin:74 - create IPUIPlugin
2021-11-05 17:00:42,481 [INFO] PluginManager:213 - loadIPPluginJar : add openamp
2021-11-05 17:00:42,523 [INFO] IPUIPlugin:74 - create IPUIPlugin
2021-11-05 17:00:42,523 [INFO] PluginManager:213 - loadIPPluginJar : add pdm2pcm
2021-11-05 17:00:42,541 [INFO] IPUIPlugin:74 - create IPUIPlugin
2021-11-05 17:00:42,546 [INFO] PluginManager:213 - loadIPPluginJar : add plateformsettings
2021-11-05 17:00:42,572 [INFO] IPUIPlugin:74 - create IPUIPlugin
2021-11-05 17:00:42,572 [INFO] PluginManager:213 - loadIPPluginJar : add quadspi
2021-11-05 17:00:42,586 [INFO] IPUIPlugin:74 - create IPUIPlugin
2021-11-05 17:00:42,586 [INFO] PluginManager:213 - loadIPPluginJar : add resmgrutility
2021-11-05 17:00:42,644 [INFO] IPUIPlugin:74 - create IPUIPlugin
2021-11-05 17:00:42,644 [INFO] PluginManager:213 - loadIPPluginJar : add sai
2021-11-05 17:00:42,686 [INFO] IPUIPlugin:74 - create IPUIPlugin
2021-11-05 17:00:42,686 [INFO] PluginManager:213 - loadIPPluginJar : add spi
2021-11-05 17:00:42,734 [INFO] IPUIPlugin:74 - create IPUIPlugin
2021-11-05 17:00:42,734 [INFO] PluginManager:213 - loadIPPluginJar : add stm32_wpan
2021-11-05 17:00:42,764 [INFO] IPUIPlugin:74 - create IPUIPlugin
2021-11-05 17:00:42,764 [INFO] PluginManager:213 - loadIPPluginJar : add tim
2021-11-05 17:00:42,832 [INFO] IPUIPlugin:74 - create IPUIPlugin
2021-11-05 17:00:42,833 [INFO] PluginManager:213 - loadIPPluginJar : add touchsensing
2021-11-05 17:00:42,865 [INFO] IPUIPlugin:74 - create IPUIPlugin
2021-11-05 17:00:42,865 [INFO] PluginManager:213 - loadIPPluginJar : add tracer_emb
2021-11-05 17:00:42,897 [INFO] IPUIPlugin:74 - create IPUIPlugin
2021-11-05 17:00:42,897 [INFO] PluginManager:213 - loadIPPluginJar : add ts
2021-11-05 17:00:42,926 [INFO] IPUIPlugin:74 - create IPUIPlugin
2021-11-05 17:00:42,927 [INFO] PluginManager:213 - loadIPPluginJar : add tsc
2021-11-05 17:00:42,955 [INFO] IPUIPlugin:74 - create IPUIPlugin
2021-11-05 17:00:42,955 [INFO] PluginManager:213 - loadIPPluginJar : add ucpd
2021-11-05 17:00:43,000 [INFO] IPUIPlugin:74 - create IPUIPlugin
2021-11-05 17:00:43,000 [INFO] PluginManager:213 - loadIPPluginJar : add usart
2021-11-05 17:00:43,033 [INFO] IPUIPlugin:74 - create IPUIPlugin
2021-11-05 17:00:43,033 [INFO] PluginManager:213 - loadIPPluginJar : add usbx
2021-11-05 17:00:43,348 [FATAL] Updater:294 - Updater called before beeing initialized
2021-11-05 17:00:43,457 [FATAL] Updater:294 - Updater called before beeing initialized
2021-11-05 17:00:43,462 [INFO] DbMcusAds:47 - JSON generation date=Thu Sep 30 13:55:09 ICT 2021 (1632984909249)
2021-11-05 17:00:43,462 [FATAL] Updater:294 - Updater called before beeing initialized
2021-11-05 17:00:43,530 [WARN] DetailPanel:314 - Failed to get advertising image, set to default
2021-11-05 17:00:43,619 [FATAL] Updater:294 - Updater called before beeing initialized
2021-11-05 17:00:43,621 [FATAL] Updater:294 - Updater called before beeing initialized
2021-11-05 17:00:43,621 [FATAL] Updater:294 - Updater called before beeing initialized
2021-11-05 17:00:43,621 [WARN] DetailPanel:314 - Failed to get advertising image, set to default
2021-11-05 17:00:43,622 [FATAL] Updater:294 - Updater called before beeing initialized
2021-11-05 17:00:43,673 [ERROR] Updater:1075 - MainUpdater not yet initialized. External WinMGr cannot be set.
2021-11-05 17:00:43,680 [INFO] Updater:1012 - Updater Version found : 6.3.0
2021-11-05 17:00:43,700 [INFO] ApplicationProperties:181 - Using Application install path: C:\ST\STM32CubeIDE_1.7.0\STM32CubeIDE\plugins\com.st.stm32cube.common.mx_6.3.0.202107141111
2021-11-05 17:00:43,897 [INFO] MainUpdater:2671 - connection check result : 10
2021-11-05 17:00:43,899 [INFO] MainUpdater:265 - Updater Check For Update Now.
2021-11-05 17:00:43,900 [INFO] MicroXplorer:478 - Change Database Version : DB.6.0.30
2021-11-05 17:00:43,985 [WARN] MainUpdater:1122 - Updater busy. Cannot search thirdparties
2021-11-05 17:00:43,985 [INFO] ThirdPartyUpdaterWithRetryManager:92 - Updater plugin is busy. [1/15]
2021-11-05 17:00:44,081 [INFO] CheckServerUpdateThread:112 - End of CheckServer Thread
2021-11-05 17:00:44,170 [INFO] MainUpdater:2671 - connection check result : 10
2021-11-05 17:00:44,550 [INFO] McuFinderGlobals:52 - Set McuFinderConnectedMode to false
2021-11-05 17:00:44,644 [INFO] CrossSelectorPresenter:1330 - Cross Selector saved comparison directory: C:\Users\THIENGO_WIN\.stmcufinder\plugins\mcufinder\mcu\cs_comparisons_mx
2021-11-05 17:00:44,648 [INFO] MultiScanPanel:197 - Auto-refresh data requested => check proxy status ongoing
2021-11-05 17:00:44,649 [INFO] MultiScanPanel:201 - Proxy status is invalid
2021-11-05 17:00:44,653 [INFO] FinderPluginLoader:87 - Searching for filters in installed packs
2021-11-05 17:00:44,654 [INFO] DbMcusXml:100 - Load MCU database from C:\ST\STM32CubeIDE_1.7.0\STM32CubeIDE\plugins\com.st.stm32cube.common.mx_6.3.0.202107141111\\db\/mcu/families.xml
2021-11-05 17:00:45,639 [INFO] DbMcusJson:93 - JSON generation date=Fri Oct 29 14:56:29 ICT 2021 (1635494189)
2021-11-05 17:00:46,392 [INFO] DbMcus:175 - Found 1951 MCUs (1903 are supported by CubeMX, 1905 are visible in CubeMX)
2021-11-05 17:00:46,396 [INFO] ApiDb:251 - Load user favorites file C:\Users\THIENGO_WIN/.stm32cubeide/favorites.mcus.txt: 0 item(s)
2021-11-05 17:00:46,396 [INFO] ApiDb:255 - User favorites MCUs=[]
2021-11-05 17:00:46,396 [INFO] DbMcus:187 - Set 0 / 0 favorites MCUs
2021-11-05 17:00:46,888 [INFO] DetailPanel:309 - Set advertising image to C:/Users/THIENGO_WIN/STM32Cube/Repository/\en.Prom_NBSTM32U50921.jpg
2021-11-05 17:00:47,173 [WARN] PackLoader:238 - Cannot read IP mode file for STMicroelectronics.X-CUBE-AZRTOS-H7.1.1.0
2021-11-05 17:00:47,195 [WARN] PackLoader:238 - Cannot read IP mode file for STMicroelectronics.X-CUBE-BLE1.6.2.1
2021-11-05 17:00:47,205 [WARN] PackLoader:238 - Cannot read IP mode file for STMicroelectronics.X-CUBE-BLE1.6.2.2
2021-11-05 17:00:47,217 [WARN] PackLoader:238 - Cannot read IP mode file for STMicroelectronics.X-CUBE-BLE2.3.2.1
2021-11-05 17:00:47,230 [WARN] PackLoader:238 - Cannot read IP mode file for STMicroelectronics.X-CUBE-BLE2.3.2.2
2021-11-05 17:00:47,242 [WARN] PackLoader:238 - Cannot read IP mode file for STMicroelectronics.X-CUBE-NFC4.2.0.3
2021-11-05 17:00:47,253 [WARN] PackLoader:238 - Cannot read IP mode file for wolfSSL.I-CUBE-wolfSSL.4.8.0
2021-11-05 17:00:47,269 [WARN] PackLoader:238 - Cannot read IP mode file for STMicroelectronics.X-CUBE-SFXS2LP1.3.1.0
2021-11-05 17:00:47,316 [WARN] PackLoader:238 - Cannot read IP mode file for STMicroelectronics.X-CUBE-AZRTOS-F4.1.0.0
2021-11-05 17:00:47,333 [WARN] PackLoader:238 - Cannot read IP mode file for STMicroelectronics.X-CUBE-TOF1.2.0.0
2021-11-05 17:00:47,355 [WARN] PackLoader:238 - Cannot read IP mode file for STMicroelectronics.X-CUBE-SUBG2.4.2.0
2021-11-05 17:00:47,370 [INFO] DbBoardsPdsc:90 - Found 25 items
2021-11-05 17:00:47,373 [WARN] PackLoader:238 - Cannot read IP mode file for STMicroelectronics.X-CUBE-ALGOBUILD.1.2.1
2021-11-05 17:00:47,378 [INFO] DbBoardsPdsc:90 - Found 9 items
2021-11-05 17:00:47,384 [WARN] PackLoader:238 - Cannot read IP mode file for STMicroelectronics.X-CUBE-DISPLAY.1.0.0
2021-11-05 17:00:47,389 [INFO] DbBoardsPdsc:90 - Found 33 items
2021-11-05 17:00:47,396 [WARN] PackLoader:238 - Cannot read IP mode file for STMicroelectronics.X-CUBE-TOUCHGFX.4.18.0
2021-11-05 17:00:47,398 [INFO] DbBoardsPdsc:90 - Found 1 items
2021-11-05 17:00:47,412 [WARN] PackLoader:238 - Cannot read IP mode file for RoweBots.I-CUBE-UNISONRTOS.5.5.0-4
2021-11-05 17:00:47,414 [INFO] DbBoardsPdsc:90 - Found 48 items
2021-11-05 17:00:47,430 [INFO] DbBoardsPdsc:90 - Found 43 items
2021-11-05 17:00:47,437 [INFO] DbBoardsPdsc:90 - Found 2 items
2021-11-05 17:00:47,446 [INFO] DbBoardsPdsc:90 - Found 5 items
2021-11-05 17:00:47,451 [WARN] DbBoardsPdsc:254 - Board STM32H7B3I-DK: unknown feature type=Audio, name=, username=Audio stereo codec with Headphone Amp (CS42L51-CNZ), n=1
2021-11-05 17:00:47,451 [WARN] DbBoardsPdsc:254 - Board STM32H735G-DK: unknown feature type=Audio, name=, username=Audio stereo codec with Headphone Amp (WM8994ECS/R), n=1
2021-11-05 17:00:47,453 [WARN] DbBoardsPdsc:254 - Board STM32H7B3I-EVAL: unknown feature type=Audio, name=, username=Multi-Channel Audio Codec (CS42L51-CNZ), n=1
2021-11-05 17:00:47,453 [WARN] DbBoardsPdsc:254 - Board STM32H7B3I-EVAL: unknown feature type=Meter, name=, username=Power-metering and Temperature-monitoring with sigma-delta modulators, n=1
2021-11-05 17:00:47,453 [WARN] DbBoardsPdsc:254 - Board STM32H7B3I-EVAL: unknown feature type=Motor, name=, username=Motor Control, n=1
2021-11-05 17:00:47,454 [WARN] DbBoardsPdsc:254 - Board STM32U575I-EV: unknown feature type=joystick, name=, username=4-direction joystick with selection button, n=1
2021-11-05 17:00:47,485 [WARN] PackLoader:238 - Cannot read IP mode file for STMicroelectronics.X-CUBE-MEMS1.9.0.0
2021-11-05 17:00:47,500 [INFO] DbBoardsJson:86 - JSON generation date=Fri Oct 29 14:56:29 ICT 2021 (1635494189)
2021-11-05 17:00:47,505 [INFO] DbBoards:117 - Found 167 boards (163 are supported by CubeMX)
2021-11-05 17:00:47,514 [INFO] DbBoardsDocs:143 - JSON generation date=Fri Oct 29 14:56:29 ICT 2021 (1635494189)
2021-11-05 17:00:47,517 [INFO] DbBoardsDocs:79 - Found 209 boards documents
2021-11-05 17:00:47,518 [WARN] DbBoards:127 - board B-L475E-IOT01A2 has no document id list !
2021-11-05 17:00:47,519 [WARN] DbBoards:127 - board NUCLEO-H743ZI has no document id list !
2021-11-05 17:00:47,520 [WARN] DbBoards:127 - board NUCLEO-WL55JC2 has no document id list !
2021-11-05 17:00:47,520 [WARN] DbBoards:127 - board P-NUCLEO-WB55-Nucleo has no document id list !
2021-11-05 17:00:47,520 [WARN] DbBoards:127 - board P-NUCLEO-WB55-USBDongle has no document id list !
2021-11-05 17:00:47,520 [WARN] DbBoards:127 - board STEVAL-BFA001V1B has no document id list !
2021-11-05 17:00:47,520 [WARN] DbBoards:127 - board STEVAL-BFA001V2B has no document id list !
2021-11-05 17:00:47,520 [WARN] DbBoards:127 - board STEVAL-IDP005V1 has no document id list !
2021-11-05 17:00:47,520 [WARN] DbBoards:127 - board STEVAL-IDP005V2 has no document id list !
2021-11-05 17:00:47,520 [WARN] DbBoards:127 - board STEVAL-MKSBOX1V1 has no document id list !
2021-11-05 17:00:47,520 [WARN] DbBoards:127 - board STEVAL-STWINKT1 has no document id list !
2021-11-05 17:00:47,520 [WARN] DbBoards:127 - board STEVAL-STWINKT1B has no document id list !
2021-11-05 17:00:47,521 [WARN] DbBoards:127 - board STM32439I-EVAL2 has no document id list !
2021-11-05 17:00:47,521 [WARN] DbBoards:127 - board STM32F401C-DISCO has no document id list !
2021-11-05 17:00:47,522 [WARN] DbBoards:127 - board STM32F769I-DISC1 has no document id list !
2021-11-05 17:00:47,522 [WARN] DbBoards:127 - board STM32G474E-EVAL1 has no document id list !
2021-11-05 17:00:47,522 [WARN] DbBoards:127 - board STM32H743I-EVAL2 has no document id list !
2021-11-05 17:00:47,522 [WARN] DbBoards:127 - board STM32H747I-DISC1 has no document id list !
2021-11-05 17:00:47,522 [WARN] DbBoards:127 - board STM32H753I-EVAL2 has no document id list !
2021-11-05 17:00:47,523 [WARN] DbBoards:127 - board STM32L-DISCOVERY has no document id list !
2021-11-05 17:00:47,674 [ERROR] DbBoards:189 - Image file not found for board B-U585I-IOT02A: C:\ST\STM32CubeIDE_1.7.0\STM32CubeIDE\plugins\com.st.stm32cube.common.mx_6.3.0.202107141111\\db\/plugins/mcufinder/images/boards/B-U585I-IOT02A_small.jpg
2021-11-05 17:00:47,681 [WARN] PackLoader:238 - Cannot read IP mode file for SEGGER.I-CUBE-embOS.1.2.0
2021-11-05 17:00:47,726 [WARN] PackLoader:238 - Cannot read IP mode file for STMicroelectronics.X-CUBE-TOUCHGFX.4.17.0
2021-11-05 17:00:47,759 [WARN] PackLoader:238 - Cannot read IP mode file for STMicroelectronics.X-CUBE-AZRTOS-H7.2.0.0
2021-11-05 17:00:47,806 [WARN] PackLoader:238 - Cannot read IP mode file for STMicroelectronics.X-CUBE-AZRTOS-L4.1.0.0
2021-11-05 17:00:47,863 [WARN] PackLoader:238 - Cannot read IP mode file for STMicroelectronics.X-CUBE-MEMS1.9.1.0
2021-11-05 17:00:48,018 [WARN] PackLoader:238 - Cannot read IP mode file for STMicroelectronics.X-CUBE-ALS.1.0.1
2021-11-05 17:00:48,031 [WARN] PackLoader:238 - Cannot read IP mode file for STMicroelectronics.X-CUBE-AI.7.0.0
2021-11-05 17:00:48,049 [WARN] PackLoader:238 - Cannot read IP mode file for STMicroelectronics.X-CUBE-EEPRMA1.3.1.0
2021-11-05 17:00:48,060 [WARN] PackLoader:238 - Cannot read IP mode file for STMicroelectronics.X-CUBE-GNSS1.5.2.0
2021-11-05 17:00:48,069 [WARN] PackLoader:238 - Cannot read IP mode file for STMicroelectronics.X-CUBE-DISPLAY.2.0.0
2021-11-05 17:00:48,071 [INFO] ThirdParty:915 - Integrity check success = true
2021-11-05 17:00:48,071 [INFO] IntegrityCheckThread:94 - exiting critical section [integrity check]
2021-11-05 17:00:48,071 [INFO] IntegrityCheckThread:97 - End integrity checks thread
2021-11-05 17:00:49,346 [INFO] ApiDb:251 - Load user favorites file C:\Users\THIENGO_WIN/.stm32cubeide/favorites.boards.txt: 0 item(s)
2021-11-05 17:00:49,347 [INFO] ApiDb:255 - User favorites Boards=[]
2021-11-05 17:00:49,347 [INFO] DbBoards:206 - Set 0 / 0 favorites Boards
2021-11-05 17:01:52,524 [INFO] DbMcusDocs:143 - JSON generation date=Fri Oct 29 14:56:29 ICT 2021 (1635494189)
2021-11-05 17:01:52,823 [INFO] DbMcusDocs:79 - Found 682 MCUs documents
2021-11-05 17:02:02,345 [INFO] MainUpdater:2671 - connection check result : 10
2021-11-05 17:02:02,346 [INFO] MainUpdater:2671 - connection check result : 10
2021-11-05 17:02:02,391 [INFO] MicroXplorer:448 - Change Database Path : 
2021-11-05 17:02:02,391 [INFO] MicroXplorer:478 - Change Database Version : DB.6.0.30
2021-11-05 17:02:02,392 [WARN] ThirdParty:813 - waiting for thirdparty lock release [close project]
2021-11-05 17:02:02,392 [INFO] ThirdParty:815 - entering critical section [close project]
2021-11-05 17:02:02,393 [INFO] ThirdParty:825 - exiting critical section [close project]
2021-11-05 17:02:02,398 [INFO] PinOutPanel:1463 - setPackage(No Configuration,No Configuration)
2021-11-05 17:02:02,399 [INFO] UtilMem:74 - Begin LoadConfig() Used Memory: 402385768 Bytes (482344960)
2021-11-05 17:02:02,400 [INFO] MicroXplorer:448 - Change Database Path : 
2021-11-05 17:02:02,400 [INFO] MicroXplorer:478 - Change Database Version : DB.6.0.30
2021-11-05 17:02:02,400 [INFO] OpenFileManager:313 - Change cursor
2021-11-05 17:02:03,354 [INFO] Context:592 - Trying to add GPIOservice into a context  which must be forbidden
2021-11-05 17:02:03,657 [INFO] ImportTextPane:167 - (OptionalMessage_ERROR) Unable to find key (Mcu.ThirdPartyNb) in loaded IOC file
2021-11-05 17:02:03,657 [INFO] ImportTextPane:167 - (OptionalMessage_ERROR) Unable to find key (Mcu.PinsNb) in loaded IOC file
2021-11-05 17:02:03,657 [INFO] ImportTextPane:167 - (OptionalMessage_ERROR) Unable to find key (Mcu.IPNb) in loaded IOC file
2021-11-05 17:02:03,697 [WARN] ApiManager:304 - Cannot register API 'Board Extension:S2868A1' from pack STMicroelectronics.X-CUBE-SFXS2LP1.3.1.0: no header file found
2021-11-05 17:02:03,698 [WARN] ApiManager:304 - Cannot register API 'Board Extension:S2868A2' from pack STMicroelectronics.X-CUBE-SFXS2LP1.3.1.0: no header file found
2021-11-05 17:02:03,698 [WARN] ApiManager:304 - Cannot register API 'Board Extension:S2915A1' from pack STMicroelectronics.X-CUBE-SFXS2LP1.3.1.0: no header file found
2021-11-05 17:02:03,714 [WARN] ModelIntegratedComponent:60 - No mode defined for component null
2021-11-05 17:02:03,714 [WARN] ModelIntegratedComponent:60 - No mode defined for component null
2021-11-05 17:02:03,714 [WARN] ModelIntegratedComponent:60 - No mode defined for component null
2021-11-05 17:02:03,714 [WARN] ModelIntegratedComponent:60 - No mode defined for component null
2021-11-05 17:02:03,714 [WARN] ModelIntegratedComponent:60 - No mode defined for component null
2021-11-05 17:02:03,714 [WARN] ModelIntegratedComponent:60 - No mode defined for component null
2021-11-05 17:02:03,714 [WARN] ModelIntegratedComponent:60 - No mode defined for component null
2021-11-05 17:02:03,715 [WARN] ModelIntegratedComponent:60 - No mode defined for component null
2021-11-05 17:02:03,715 [WARN] ModelIntegratedComponent:60 - No mode defined for component null
2021-11-05 17:02:03,715 [WARN] ModelIntegratedComponent:60 - No mode defined for component null
2021-11-05 17:02:03,715 [WARN] ModelIntegratedComponent:60 - No mode defined for component null
2021-11-05 17:02:03,715 [WARN] ModelIntegratedComponent:60 - No mode defined for component null
2021-11-05 17:02:03,715 [WARN] ModelIntegratedComponent:60 - No mode defined for component null
2021-11-05 17:02:03,715 [WARN] ModelIntegratedComponent:60 - No mode defined for component null
2021-11-05 17:02:03,715 [WARN] ModelIntegratedComponent:60 - No mode defined for component null
2021-11-05 17:02:03,716 [WARN] ModelIntegratedComponent:60 - No mode defined for component null
2021-11-05 17:02:03,716 [WARN] ModelIntegratedComponent:60 - No mode defined for component null
2021-11-05 17:02:03,716 [WARN] ModelIntegratedComponent:60 - No mode defined for component null
2021-11-05 17:02:03,716 [WARN] ModelIntegratedComponent:60 - No mode defined for component null
2021-11-05 17:02:03,716 [WARN] ModelIntegratedComponent:60 - No mode defined for component null
2021-11-05 17:02:03,716 [WARN] ModelIntegratedComponent:60 - No mode defined for component null
2021-11-05 17:02:03,716 [WARN] ModelIntegratedComponent:60 - No mode defined for component null
2021-11-05 17:02:03,716 [WARN] ModelIntegratedComponent:60 - No mode defined for component null
2021-11-05 17:02:03,716 [WARN] ModelIntegratedComponent:60 - No mode defined for component null
2021-11-05 17:02:03,716 [WARN] ModelIntegratedComponent:60 - No mode defined for component null
2021-11-05 17:02:03,717 [WARN] ModelIntegratedComponent:60 - No mode defined for component null
2021-11-05 17:02:03,717 [WARN] ModelIntegratedComponent:60 - No mode defined for component null
2021-11-05 17:02:03,717 [WARN] ModelIntegratedComponent:60 - No mode defined for component null
2021-11-05 17:02:03,717 [WARN] ModelIntegratedComponent:60 - No mode defined for component null
2021-11-05 17:02:03,717 [WARN] ModelIntegratedComponent:60 - No mode defined for component null
2021-11-05 17:02:03,717 [WARN] ModelIntegratedComponent:60 - No mode defined for component null
2021-11-05 17:02:03,934 [WARN] ApiManager:304 - Cannot register API 'Board Extension:IKS01A3' from pack STMicroelectronics.X-CUBE-MEMS1.9.0.0: no header file found
2021-11-05 17:02:03,934 [WARN] ApiManager:304 - Cannot register API 'Board Extension:IKS01A2' from pack STMicroelectronics.X-CUBE-MEMS1.9.0.0: no header file found
2021-11-05 17:02:03,934 [WARN] ApiManager:304 - Cannot register API 'Board Extension:IKS02A1' from pack STMicroelectronics.X-CUBE-MEMS1.9.0.0: no header file found
2021-11-05 17:02:03,946 [WARN] ApiManager:304 - Cannot register API 'Board Extension:S2868A1' from pack STMicroelectronics.X-CUBE-SUBG2.4.2.0: no header file found
2021-11-05 17:02:03,946 [WARN] ApiManager:304 - Cannot register API 'Board Extension:S2868A2' from pack STMicroelectronics.X-CUBE-SUBG2.4.2.0: no header file found
2021-11-05 17:02:03,947 [WARN] ApiManager:304 - Cannot register API 'Board Extension:S2915A1' from pack STMicroelectronics.X-CUBE-SUBG2.4.2.0: no header file found
2021-11-05 17:02:04,230 [WARN] ApiManager:304 - Cannot register API 'Board Extension:IKS01A3' from pack STMicroelectronics.X-CUBE-MEMS1.9.1.0: no header file found
2021-11-05 17:02:04,231 [WARN] ApiManager:304 - Cannot register API 'Board Extension:IKS01A2' from pack STMicroelectronics.X-CUBE-MEMS1.9.1.0: no header file found
2021-11-05 17:02:04,231 [WARN] ApiManager:304 - Cannot register API 'Board Extension:IKS02A1' from pack STMicroelectronics.X-CUBE-MEMS1.9.1.0: no header file found
2021-11-05 17:02:04,257 [INFO] RtosManager:484 - Registered RTOS mode: class=CMSIS, group=RTOS, mode=CMSIS_V1, owner=FREERTOS
2021-11-05 17:02:04,257 [INFO] RtosManager:484 - Registered RTOS mode: class=CMSIS, group=RTOS2, mode=CMSIS_V2, owner=FREERTOS
2021-11-05 17:02:04,258 [INFO] RtosManager:484 - Registered RTOS mode: class=RTOS, group=Core, mode=CMSIS_V1, owner=FREERTOS
2021-11-05 17:02:04,258 [INFO] RtosManager:484 - Registered RTOS mode: class=RTOS, group=Core, mode=CMSIS_V2, owner=FREERTOS
2021-11-05 17:02:04,258 [WARN] ModelIntegratedComponent:181 - Missing modes for component STMicroelectronics:FreeRTOS:0.0.1:STMicroelectronics:RTOS:FreeRTOS:Core:::10.2.0:
2021-11-05 17:02:04,263 [WARN] ApiManager:304 - Cannot register API 'Board Extension:EEPRMA1' from pack STMicroelectronics.X-CUBE-EEPRMA1.3.1.0: no header file found
2021-11-05 17:02:04,264 [WARN] ApiManager:304 - Cannot register API 'Board Extension:EEPRMA2' from pack STMicroelectronics.X-CUBE-EEPRMA1.3.1.0: no header file found
2021-11-05 17:02:04,265 [WARN] ApiManager:304 - Cannot register API 'Board Extension:GNSS1A1' from pack STMicroelectronics.X-CUBE-GNSS1.5.2.0: no header file found
2021-11-05 17:02:04,265 [WARN] ApiManager:304 - Cannot register API 'Board Support:Custom' from pack STMicroelectronics.X-CUBE-GNSS1.5.2.0: no header file found
2021-11-05 17:02:04,265 [WARN] ApiManager:304 - Cannot register API 'Data Exchange:lib_gnss' from pack STMicroelectronics.X-CUBE-GNSS1.5.2.0: no header file found
2021-11-05 17:02:04,266 [WARN] ApiManager:304 - Cannot register API 'Wireless:BlueNRG-MS' from pack STMicroelectronics.X-CUBE-BLE1.6.2.1: no header file found
2021-11-05 17:02:04,267 [WARN] ApiManager:304 - Cannot register API 'Wireless:BlueNRG-MS' from pack STMicroelectronics.X-CUBE-BLE1.6.2.2: no header file found
2021-11-05 17:02:04,268 [WARN] ApiManager:304 - Cannot register API 'Wireless:BlueNRG-2' from pack STMicroelectronics.X-CUBE-BLE2.3.2.1: no header file found
2021-11-05 17:02:04,268 [WARN] ApiManager:304 - Cannot register API 'Wireless:BlueNRG-2' from pack STMicroelectronics.X-CUBE-BLE2.3.2.2: no header file found
2021-11-05 17:02:04,270 [WARN] ApiManager:304 - Cannot register API 'Board Extension:NFC04A1' from pack STMicroelectronics.X-CUBE-NFC4.2.0.3: no header file found
2021-11-05 17:02:06,250 [INFO] UtilMem:74 - End LoadConfig() Used Memory: 465619664 Bytes (611319808)
2021-11-05 17:02:06,258 [WARN] ThirdParty:779 - waiting for thirdparty lock release [change project]
2021-11-05 17:02:06,258 [INFO] ThirdParty:781 - entering critical section [change project]
2021-11-05 17:02:06,259 [INFO] ThirdParty:967 - CMSIS Pack Vendor :STMicroelectronics X-CUBE-SFXS2LP1 3.1.0
2021-11-05 17:02:06,259 [INFO] ThirdParty:967 - CMSIS Pack Vendor :RoweBots I-CUBE-UNISONRTOS 5.5.0-4
2021-11-05 17:02:06,259 [INFO] ThirdParty:967 - CMSIS Pack Vendor :STMicroelectronics X-CUBE-AZRTOS-F4 1.0.0
2021-11-05 17:02:06,259 [INFO] ThirdParty:967 - CMSIS Pack Vendor :STMicroelectronics USB_HOST 2.0.0
2021-11-05 17:02:06,259 [INFO] ThirdParty:967 - CMSIS Pack Vendor :STMicroelectronics X-CUBE-AZRTOS-H7 2.0.0
2021-11-05 17:02:06,259 [INFO] ThirdParty:967 - CMSIS Pack Vendor :STMicroelectronics X-CUBE-AZRTOS-L4 1.0.0
2021-11-05 17:02:06,259 [INFO] ThirdParty:967 - CMSIS Pack Vendor :STMicroelectronics USB_DEVICE 3.0.0
2021-11-05 17:02:06,259 [INFO] ThirdParty:967 - CMSIS Pack Vendor :STMicroelectronics X-CUBE-TOF1 2.0.0
2021-11-05 17:02:06,259 [INFO] ThirdParty:967 - CMSIS Pack Vendor :STMicroelectronics HAL Drivers 0.0.0
2021-11-05 17:02:06,259 [INFO] ThirdParty:967 - CMSIS Pack Vendor :STMicroelectronics MBEDTLS 2.16.2
2021-11-05 17:02:06,259 [INFO] ThirdParty:967 - CMSIS Pack Vendor :STMicroelectronics MBEDTLS 2.14.1
2021-11-05 17:02:06,259 [INFO] ThirdParty:967 - CMSIS Pack Vendor :STMicroelectronics X-CUBE-MEMS1 9.0.0
2021-11-05 17:02:06,259 [INFO] ThirdParty:967 - CMSIS Pack Vendor :STMicroelectronics X-CUBE-AZRTOS-H7 1.1.0
2021-11-05 17:02:06,259 [INFO] ThirdParty:967 - CMSIS Pack Vendor :STMicroelectronics X-CUBE-SUBG2 4.2.0
2021-11-05 17:02:06,259 [INFO] ThirdParty:967 - CMSIS Pack Vendor :STMicroelectronics X-CUBE-MEMS1 9.1.0
2021-11-05 17:02:06,260 [INFO] ThirdParty:967 - CMSIS Pack Vendor :STMicroelectronics X-CUBE-ALS 1.0.1
2021-11-05 17:02:06,260 [INFO] ThirdParty:967 - CMSIS Pack Vendor :STMicroelectronics USB_DEVICE 2.0.0
2021-11-05 17:02:06,260 [INFO] ThirdParty:967 - CMSIS Pack Vendor :STMicroelectronics X-CUBE-AI 7.0.0
2021-11-05 17:02:06,260 [INFO] ThirdParty:967 - CMSIS Pack Vendor :STMicroelectronics X-CUBE-ALGOBUILD 1.2.1
2021-11-05 17:02:06,260 [INFO] ThirdParty:967 - CMSIS Pack Vendor :STMicroelectronics X-CUBE-DISPLAY 1.0.0
2021-11-05 17:02:06,260 [INFO] ThirdParty:967 - CMSIS Pack Vendor :STMicroelectronics FreeRTOS 0.0.1
2021-11-05 17:02:06,260 [INFO] ThirdParty:967 - CMSIS Pack Vendor :STMicroelectronics USB_DEVICE 1.0.0
2021-11-05 17:02:06,260 [INFO] ThirdParty:967 - CMSIS Pack Vendor :SEGGER I-CUBE-embOS 1.2.0
2021-11-05 17:02:06,260 [INFO] ThirdParty:967 - CMSIS Pack Vendor :STMicroelectronics X-CUBE-EEPRMA1 3.1.0
2021-11-05 17:02:06,260 [INFO] ThirdParty:967 - CMSIS Pack Vendor :STMicroelectronics X-CUBE-GNSS1 5.2.0
2021-11-05 17:02:06,260 [INFO] ThirdParty:967 - CMSIS Pack Vendor :STMicroelectronics ThreadX 0.0.2
2021-11-05 17:02:06,260 [INFO] ThirdParty:967 - CMSIS Pack Vendor :STMicroelectronics lwIP 2.0.3
2021-11-05 17:02:06,260 [INFO] ThirdParty:967 - CMSIS Pack Vendor :STMicroelectronics lwIP 2.1.2
2021-11-05 17:02:06,260 [INFO] ThirdParty:967 - CMSIS Pack Vendor :STMicroelectronics X-CUBE-BLE1 6.2.1
2021-11-05 17:02:06,260 [INFO] ThirdParty:967 - CMSIS Pack Vendor :STMicroelectronics X-CUBE-BLE1 6.2.2
2021-11-05 17:02:06,260 [INFO] ThirdParty:967 - CMSIS Pack Vendor :STMicroelectronics X-CUBE-BLE2 3.2.1
2021-11-05 17:02:06,261 [INFO] ThirdParty:967 - CMSIS Pack Vendor :STMicroelectronics X-CUBE-BLE2 3.2.2
2021-11-05 17:02:06,261 [INFO] ThirdParty:967 - CMSIS Pack Vendor :STMicroelectronics X-CUBE-DISPLAY 2.0.0
2021-11-05 17:02:06,261 [INFO] ThirdParty:967 - CMSIS Pack Vendor :STMicroelectronics USB_HOST 1.0.0
2021-11-05 17:02:06,261 [INFO] ThirdParty:967 - CMSIS Pack Vendor :STMicroelectronics X-CUBE-NFC4 2.0.3
2021-11-05 17:02:06,261 [INFO] ThirdParty:967 - CMSIS Pack Vendor :wolfSSL I-CUBE-wolfSSL 4.8.0
2021-11-05 17:02:06,261 [INFO] ThirdParty:967 - CMSIS Pack Vendor :STMicroelectronics X-CUBE-TOUCHGFX 4.17.0
2021-11-05 17:02:06,261 [INFO] ThirdParty:967 - CMSIS Pack Vendor :STMicroelectronics PDM2PCM 3.1.0
2021-11-05 17:02:06,261 [INFO] ThirdParty:967 - CMSIS Pack Vendor :STMicroelectronics PDM2PCM 3.2.0
2021-11-05 17:02:06,261 [INFO] ThirdParty:967 - CMSIS Pack Vendor :STMicroelectronics PDM2PCM 3.3.0
2021-11-05 17:02:06,261 [INFO] ThirdParty:967 - CMSIS Pack Vendor :STMicroelectronics X-CUBE-TOUCHGFX 4.18.0
2021-11-05 17:02:06,261 [INFO] ThirdParty:787 - exiting critical section [change project]
2021-11-05 17:02:06,488 [INFO] PinOutPanel:1463 - setPackage(No Configuration,No Configuration)
2021-11-05 17:02:06,489 [INFO] PinOutPanel:1463 - setPackage(STM32F103C6Tx,LQFP48)
2021-11-05 17:02:06,953 [INFO] UtilMem:74 - Before build in PCC Used Memory: 435041216 Bytes (611319808)
2021-11-05 17:02:07,618 [INFO] UtilMem:74 - After build in PCC Used Memory: 405764712 Bytes (611319808)
2021-11-05 17:02:07,638 [INFO] IPUIPlugin:74 - create IPUIPlugin
2021-11-05 17:02:07,638 [INFO] IPUIPlugin:74 - create IPUIPlugin
2021-11-05 17:02:07,638 [INFO] IPUIPlugin:74 - create IPUIPlugin
2021-11-05 17:02:07,638 [INFO] IPUIPlugin:74 - create IPUIPlugin
2021-11-05 17:02:07,639 [INFO] IPUIPlugin:74 - create IPUIPlugin
2021-11-05 17:02:07,639 [INFO] IPUIPlugin:74 - create IPUIPlugin
2021-11-05 17:02:07,639 [INFO] IPUIPlugin:74 - create IPUIPlugin
2021-11-05 17:02:07,639 [INFO] IPUIPlugin:74 - create IPUIPlugin
2021-11-05 17:02:07,639 [INFO] IPUIPlugin:74 - create IPUIPlugin
2021-11-05 17:02:07,639 [INFO] IPUIPlugin:74 - create IPUIPlugin
2021-11-05 17:02:07,640 [INFO] IPUIPlugin:74 - create IPUIPlugin
2021-11-05 17:02:07,640 [INFO] IPUIPlugin:74 - create IPUIPlugin
2021-11-05 17:02:07,640 [INFO] IPUIPlugin:74 - create IPUIPlugin
2021-11-05 17:02:07,640 [INFO] IPUIPlugin:74 - create IPUIPlugin
2021-11-05 17:02:07,652 [INFO] IPUIPlugin:74 - create IPUIPlugin
2021-11-05 17:02:07,652 [INFO] IPUIPlugin:74 - create IPUIPlugin
2021-11-05 17:02:07,653 [INFO] IPUIPlugin:74 - create IPUIPlugin
2021-11-05 17:02:07,653 [INFO] IPUIPlugin:74 - create IPUIPlugin
2021-11-05 17:02:07,653 [INFO] IPUIPlugin:74 - create IPUIPlugin
2021-11-05 17:02:07,654 [INFO] IPUIPlugin:74 - create IPUIPlugin
2021-11-05 17:02:07,654 [INFO] IPUIPlugin:74 - create IPUIPlugin
2021-11-05 17:02:07,655 [INFO] IPUIPlugin:74 - create IPUIPlugin
2021-11-05 17:02:07,655 [INFO] IPUIPlugin:74 - create IPUIPlugin
2021-11-05 17:02:07,768 [INFO] OpenFileManager:333 - Restore cursor
2021-11-05 17:02:08,024 [INFO] UtilMem:74 - End SaveConfig() Used Memory: 494257784 Bytes (611319808)
2021-11-05 17:02:08,070 [INFO] UtilMem:74 - End SaveConfig() Used Memory: 506366448 Bytes (611319808)
2021-11-05 17:02:08,409 [INFO] BlockDiagram:2740 - set Specific Code input for plugin: NVIC
2021-11-05 17:02:08,409 [INFO] BlockDiagram:2740 - set Specific Code input for plugin: SYS
2021-11-05 17:02:08,409 [INFO] BlockDiagram:2740 - set Specific Code input for plugin: RCC
2021-11-05 17:02:08,411 [INFO] CodeGenerator:663 - code generatio: config db path: C:\ST\STM32CubeIDE_1.7.0\STM32CubeIDE\plugins\com.st.stm32cube.common.mx_6.3.0.202107141111\\db\
2021-11-05 17:02:08,839 [INFO] CodeEngine:239 - oldGeneratedFile, C:\Users\THIENGO_WIN\Desktop\mcu\hcmut-mcu\lab\lab4-scheduler\code\lab4\MXTmpFiles\license.tmp_save
2021-11-05 17:02:09,208 [INFO] CodeEngine:257 - Generated code: C:\Users\THIENGO_WIN\Desktop\mcu\hcmut-mcu\lab\lab4-scheduler\code\lab4\MXTmpFiles\license.tmp
2021-11-05 17:02:09,393 [INFO] CodeEngine:239 - oldGeneratedFile, C:\Users\THIENGO_WIN\Desktop\mcu\hcmut-mcu\lab\lab4-scheduler\code\lab4\Core\Src\stm32f1xx_it.c_save
2021-11-05 17:02:09,589 [INFO] CodeEngine:257 - Generated code: C:\Users\THIENGO_WIN\Desktop\mcu\hcmut-mcu\lab\lab4-scheduler\code\lab4\Core\Src\stm32f1xx_it.c
2021-11-05 17:02:09,602 [INFO] CodeEngine:239 - oldGeneratedFile, C:\Users\THIENGO_WIN\Desktop\mcu\hcmut-mcu\lab\lab4-scheduler\code\lab4\Core\Inc\stm32f1xx_it.h_save
2021-11-05 17:02:09,682 [INFO] CodeEngine:257 - Generated code: C:\Users\THIENGO_WIN\Desktop\mcu\hcmut-mcu\lab\lab4-scheduler\code\lab4\Core\Inc\stm32f1xx_it.h
2021-11-05 17:02:09,701 [INFO] CodeEngine:239 - oldGeneratedFile, C:\Users\THIENGO_WIN\Desktop\mcu\hcmut-mcu\lab\lab4-scheduler\code\lab4\Core\Src\stm32f1xx_hal_msp.c_save
2021-11-05 17:02:09,829 [INFO] CodeEngine:257 - Generated code: C:\Users\THIENGO_WIN\Desktop\mcu\hcmut-mcu\lab\lab4-scheduler\code\lab4\Core\Src\stm32f1xx_hal_msp.c
2021-11-05 17:02:09,839 [INFO] CodeEngine:239 - oldGeneratedFile, C:\Users\THIENGO_WIN\Desktop\mcu\hcmut-mcu\lab\lab4-scheduler\code\lab4\MXTmpFiles\system.tmp_save
2021-11-05 17:02:09,933 [INFO] CodeEngine:257 - Generated code: C:\Users\THIENGO_WIN\Desktop\mcu\hcmut-mcu\lab\lab4-scheduler\code\lab4\MXTmpFiles\system.tmp
2021-11-05 17:02:09,951 [INFO] CodeEngine:239 - oldGeneratedFile, C:\Users\THIENGO_WIN\Desktop\mcu\hcmut-mcu\lab\lab4-scheduler\code\lab4\Core\Inc\stm32f1xx_hal_conf.h_save
2021-11-05 17:02:10,075 [INFO] CodeEngine:257 - Generated code: C:\Users\THIENGO_WIN\Desktop\mcu\hcmut-mcu\lab\lab4-scheduler\code\lab4\Core\Inc\stm32f1xx_hal_conf.h
2021-11-05 17:02:10,134 [INFO] CodeEngine:239 - oldGeneratedFile, C:\Users\THIENGO_WIN\Desktop\mcu\hcmut-mcu\lab\lab4-scheduler\code\lab4\Core\Inc\main.h_save
2021-11-05 17:02:10,272 [INFO] CodeEngine:257 - Generated code: C:\Users\THIENGO_WIN\Desktop\mcu\hcmut-mcu\lab\lab4-scheduler\code\lab4\Core\Inc\main.h
2021-11-05 17:02:10,281 [INFO] CodeEngine:239 - oldGeneratedFile, C:\Users\THIENGO_WIN\Desktop\mcu\hcmut-mcu\lab\lab4-scheduler\code\lab4\Core\Src\main.c_save
2021-11-05 17:02:10,442 [INFO] CodeEngine:257 - Generated code: C:\Users\THIENGO_WIN\Desktop\mcu\hcmut-mcu\lab\lab4-scheduler\code\lab4\Core\Src\main.c
2021-11-05 17:02:11,611 [INFO] ProjectBuilder:2578 - Time for Copy HAL[1] : 291mS.
2021-11-05 17:02:11,618 [INFO] ProjectBuilder:3622 - Project Generator version: 3.14.1
2021-11-05 17:02:12,198 [INFO] ConfigFileManager:1271 - The Die is : DIE412
2021-11-05 17:02:12,236 [INFO] ApiDbMcu:468 - Load IP Config File for FATFS
2021-11-05 17:02:12,298 [INFO] ApiDbMcu:468 - Load IP Config File for FREERTOS
2021-11-05 17:02:12,349 [INFO] ApiDbMcu:468 - Load IP Config File for USB_DEVICE
2021-11-05 17:02:18,860 [INFO] ProjectBuilder:3789 - Time for Generating toolchain IDE Files: 7242mS.
2021-11-05 17:02:18,861 [INFO] ProjectBuilder:2457 - Time for Copy CMSIS : 1mS.
2021-11-05 17:02:18,863 [INFO] ProjectBuilder:2457 - Time for Copy CMSIS : 0mS.
2021-11-05 17:02:19,807 [INFO] McuFinderGlobals:52 - Set McuFinderConnectedMode to true
2021-11-05 17:02:19,809 [INFO] ApiDb:276 - Save user favorites file C:\Users\THIENGO_WIN/.stm32cubeide/favorites.mcus.txt: 0 item(s)
2021-11-05 17:02:19,809 [INFO] ApiDb:280 - User favorites MCUs=[]
2021-11-05 17:03:39,290 [INFO] NvicIntPanel:96 - NVIC parent = com.st.microxplorer.plugins.ip.nvic.MultiNvicIntPanel[,0,0,0x0,invalid,layout=javax.swing.BoxLayout,alignmentX=0.0,alignmentY=0.0,border=,flags=9,maximumSize=,minimumSize=,preferredSize=]
2021-11-05 17:03:41,148 [INFO] NvicIntPanel:96 - NVIC parent = com.st.microxplorer.plugins.ip.nvic.MultiNvicIntPanel[,0,0,0x0,invalid,layout=javax.swing.BoxLayout,alignmentX=0.0,alignmentY=0.0,border=,flags=9,maximumSize=,minimumSize=,preferredSize=]
2021-11-05 17:03:42,359 [INFO] NvicIntPanel:96 - NVIC parent = com.st.microxplorer.plugins.ip.nvic.MultiNvicIntPanel[,0,0,0x0,invalid,layout=javax.swing.BoxLayout,alignmentX=0.0,alignmentY=0.0,border=,flags=9,maximumSize=,minimumSize=,preferredSize=]
2021-11-05 17:03:45,202 [INFO] NvicIntPanel:96 - NVIC parent = com.st.microxplorer.plugins.ip.nvic.MultiNvicIntPanel[,0,0,450x190,invalid,layout=javax.swing.BoxLayout,alignmentX=0.0,alignmentY=0.0,border=,flags=9,maximumSize=,minimumSize=,preferredSize=]
2021-11-05 17:03:48,312 [INFO] NvicIntPanel:96 - NVIC parent = com.st.microxplorer.plugins.ip.nvic.MultiNvicIntPanel[,0,0,0x0,invalid,layout=javax.swing.BoxLayout,alignmentX=0.0,alignmentY=0.0,border=,flags=9,maximumSize=,minimumSize=,preferredSize=]
2021-11-05 17:05:32,356 [ERROR] LogOutputStream:74 - [STDERR_REDIRECT] Exception in thread "AWT-EventQueue-0" java.awt.IllegalComponentStateException: component must be showing on the screen to determine its location
2021-11-05 17:05:32,358 [ERROR] LogOutputStream:74 - [STDERR_REDIRECT] 	at java.desktop/java.awt.Component.getLocationOnScreen_NoTreeLock(Component.java:2101)
2021-11-05 17:05:32,359 [ERROR] LogOutputStream:74 - [STDERR_REDIRECT] 	at java.desktop/java.awt.Component.getLocationOnScreen(Component.java:2075)
2021-11-05 17:05:32,360 [ERROR] LogOutputStream:74 - [STDERR_REDIRECT] 	at java.desktop/javax.swing.JPopupMenu.show(JPopupMenu.java:940)
2021-11-05 17:05:32,362 [ERROR] LogOutputStream:74 - [STDERR_REDIRECT] 	at java.desktop/javax.swing.plaf.basic.BasicComboPopup.show(BasicComboPopup.java:235)
2021-11-05 17:05:32,363 [ERROR] LogOutputStream:74 - [STDERR_REDIRECT] 	at java.desktop/javax.swing.plaf.basic.BasicComboPopup.togglePopup(BasicComboPopup.java:1218)
2021-11-05 17:05:32,365 [ERROR] LogOutputStream:74 - [STDERR_REDIRECT] 	at java.desktop/javax.swing.plaf.basic.BasicComboPopup$Handler.mousePressed(BasicComboPopup.java:897)
2021-11-05 17:05:32,368 [ERROR] LogOutputStream:74 - [STDERR_REDIRECT] 	at java.desktop/java.awt.Component.processMouseEvent(Component.java:6632)
2021-11-05 17:05:32,371 [ERROR] LogOutputStream:74 - [STDERR_REDIRECT] 	at java.desktop/javax.swing.JComponent.processMouseEvent(JComponent.java:3342)
2021-11-05 17:05:32,374 [ERROR] LogOutputStream:74 - [STDERR_REDIRECT] 	at java.desktop/java.awt.Component.processEvent(Component.java:6400)
2021-11-05 17:05:32,377 [ERROR] LogOutputStream:74 - [STDERR_REDIRECT] 	at java.desktop/java.awt.Container.processEvent(Container.java:2263)
2021-11-05 17:05:32,380 [ERROR] LogOutputStream:74 - [STDERR_REDIRECT] 	at java.desktop/java.awt.Component.dispatchEventImpl(Component.java:5011)
2021-11-05 17:05:32,382 [ERROR] LogOutputStream:74 - [STDERR_REDIRECT] 	at java.desktop/java.awt.Container.dispatchEventImpl(Container.java:2321)
2021-11-05 17:05:32,385 [ERROR] LogOutputStream:74 - [STDERR_REDIRECT] 	at java.desktop/java.awt.Component.dispatchEvent(Component.java:4843)
2021-11-05 17:05:32,389 [ERROR] LogOutputStream:74 - [STDERR_REDIRECT] 	at java.desktop/javax.swing.plaf.basic.BasicTableUI$Handler.repostEvent(BasicTableUI.java:967)
2021-11-05 17:05:32,393 [ERROR] LogOutputStream:74 - [STDERR_REDIRECT] 	at java.desktop/javax.swing.plaf.basic.BasicTableUI$Handler.adjustSelection(BasicTableUI.java:1129)
2021-11-05 17:05:32,396 [ERROR] LogOutputStream:74 - [STDERR_REDIRECT] 	at java.desktop/javax.swing.plaf.basic.BasicTableUI$Handler.mousePressed(BasicTableUI.java:1057)
2021-11-05 17:05:32,400 [ERROR] LogOutputStream:74 - [STDERR_REDIRECT] 	at java.desktop/java.awt.AWTEventMulticaster.mousePressed(AWTEventMulticaster.java:288)
2021-11-05 17:05:32,403 [ERROR] LogOutputStream:74 - [STDERR_REDIRECT] 	at java.desktop/java.awt.AWTEventMulticaster.mousePressed(AWTEventMulticaster.java:287)
2021-11-05 17:05:32,405 [ERROR] LogOutputStream:74 - [STDERR_REDIRECT] 	at java.desktop/java.awt.AWTEventMulticaster.mousePressed(AWTEventMulticaster.java:287)
2021-11-05 17:05:32,407 [ERROR] LogOutputStream:74 - [STDERR_REDIRECT] 	at java.desktop/java.awt.AWTEventMulticaster.mousePressed(AWTEventMulticaster.java:287)
2021-11-05 17:05:32,408 [ERROR] LogOutputStream:74 - [STDERR_REDIRECT] 	at java.desktop/java.awt.Component.processMouseEvent(Component.java:6632)
2021-11-05 17:05:32,410 [ERROR] LogOutputStream:74 - [STDERR_REDIRECT] 	at java.desktop/javax.swing.JComponent.processMouseEvent(JComponent.java:3342)
2021-11-05 17:05:32,411 [ERROR] LogOutputStream:74 - [STDERR_REDIRECT] 	at java.desktop/java.awt.Component.processEvent(Component.java:6400)
2021-11-05 17:05:32,412 [ERROR] LogOutputStream:74 - [STDERR_REDIRECT] 	at java.desktop/java.awt.Container.processEvent(Container.java:2263)
2021-11-05 17:05:32,413 [ERROR] LogOutputStream:74 - [STDERR_REDIRECT] 	at java.desktop/java.awt.Component.dispatchEventImpl(Component.java:5011)
2021-11-05 17:05:32,414 [ERROR] LogOutputStream:74 - [STDERR_REDIRECT] 	at java.desktop/java.awt.Container.dispatchEventImpl(Container.java:2321)
2021-11-05 17:05:32,415 [ERROR] LogOutputStream:74 - [STDERR_REDIRECT] 	at java.desktop/java.awt.Component.dispatchEvent(Component.java:4843)
2021-11-05 17:05:32,417 [ERROR] LogOutputStream:74 - [STDERR_REDIRECT] 	at java.desktop/java.awt.LightweightDispatcher.retargetMouseEvent(Container.java:4918)
2021-11-05 17:05:32,418 [ERROR] LogOutputStream:74 - [STDERR_REDIRECT] 	at java.desktop/java.awt.LightweightDispatcher.processMouseEvent(Container.java:4544)
2021-11-05 17:05:32,419 [ERROR] LogOutputStream:74 - [STDERR_REDIRECT] 	at java.desktop/java.awt.LightweightDispatcher.dispatchEvent(Container.java:4488)
2021-11-05 17:05:32,421 [ERROR] LogOutputStream:74 - [STDERR_REDIRECT] 	at java.desktop/java.awt.Container.dispatchEventImpl(Container.java:2307)
2021-11-05 17:05:32,423 [ERROR] LogOutputStream:74 - [STDERR_REDIRECT] 	at java.desktop/java.awt.Component.dispatchEvent(Component.java:4843)
2021-11-05 17:05:32,424 [ERROR] LogOutputStream:74 - [STDERR_REDIRECT] 	at java.desktop/java.awt.EventQueue.dispatchEventImpl(EventQueue.java:772)
2021-11-05 17:05:32,425 [ERROR] LogOutputStream:74 - [STDERR_REDIRECT] 	at java.desktop/java.awt.EventQueue$4.run(EventQueue.java:721)
2021-11-05 17:05:32,426 [ERROR] LogOutputStream:74 - [STDERR_REDIRECT] 	at java.desktop/java.awt.EventQueue$4.run(EventQueue.java:715)
2021-11-05 17:05:32,427 [ERROR] LogOutputStream:74 - [STDERR_REDIRECT] 	at java.base/java.security.AccessController.doPrivileged(Native Method)
2021-11-05 17:05:32,429 [ERROR] LogOutputStream:74 - [STDERR_REDIRECT] 	at java.base/java.security.ProtectionDomain$JavaSecurityAccessImpl.doIntersectionPrivilege(ProtectionDomain.java:85)
2021-11-05 17:05:32,431 [ERROR] LogOutputStream:74 - [STDERR_REDIRECT] 	at java.base/java.security.ProtectionDomain$JavaSecurityAccessImpl.doIntersectionPrivilege(ProtectionDomain.java:95)
2021-11-05 17:05:32,432 [ERROR] LogOutputStream:74 - [STDERR_REDIRECT] 	at java.desktop/java.awt.EventQueue$5.run(EventQueue.java:745)
2021-11-05 17:05:32,433 [ERROR] LogOutputStream:74 - [STDERR_REDIRECT] 	at java.desktop/java.awt.EventQueue$5.run(EventQueue.java:743)
2021-11-05 17:05:32,434 [ERROR] LogOutputStream:74 - [STDERR_REDIRECT] 	at java.base/java.security.AccessController.doPrivileged(Native Method)
2021-11-05 17:05:32,435 [ERROR] LogOutputStream:74 - [STDERR_REDIRECT] 	at java.base/java.security.ProtectionDomain$JavaSecurityAccessImpl.doIntersectionPrivilege(ProtectionDomain.java:85)
2021-11-05 17:05:32,437 [ERROR] LogOutputStream:74 - [STDERR_REDIRECT] 	at java.desktop/java.awt.EventQueue.dispatchEvent(EventQueue.java:742)
2021-11-05 17:05:32,438 [ERROR] LogOutputStream:74 - [STDERR_REDIRECT] 	at java.desktop/java.awt.EventDispatchThread.pumpOneEventForFilters(EventDispatchThread.java:203)
2021-11-05 17:05:32,439 [ERROR] LogOutputStream:74 - [STDERR_REDIRECT] 	at java.desktop/java.awt.EventDispatchThread.pumpEventsForFilter(EventDispatchThread.java:124)
2021-11-05 17:05:32,441 [ERROR] LogOutputStream:74 - [STDERR_REDIRECT] 	at java.desktop/java.awt.EventDispatchThread.pumpEventsForHierarchy(EventDispatchThread.java:113)
2021-11-05 17:05:32,442 [ERROR] LogOutputStream:74 - [STDERR_REDIRECT] 	at java.desktop/java.awt.EventDispatchThread.pumpEvents(EventDispatchThread.java:109)
2021-11-05 17:05:32,443 [ERROR] LogOutputStream:74 - [STDERR_REDIRECT] 	at java.desktop/java.awt.EventDispatchThread.pumpEvents(EventDispatchThread.java:101)
2021-11-05 17:05:32,445 [ERROR] LogOutputStream:74 - [STDERR_REDIRECT] 	at java.desktop/java.awt.EventDispatchThread.run(EventDispatchThread.java:90)
2021-11-05 17:05:33,288 [INFO] UtilMem:74 - End SaveConfig() Used Memory: 675663152 Bytes (970981376)
2021-11-05 17:05:47,916 [INFO] UtilMem:74 - End SaveConfig() Used Memory: 523273192 Bytes (970981376)
2021-11-05 17:05:48,246 [INFO] BlockDiagram:2740 - set Specific Code input for plugin: NVIC
2021-11-05 17:05:48,247 [INFO] BlockDiagram:2740 - set Specific Code input for plugin: SYS
2021-11-05 17:05:48,247 [INFO] BlockDiagram:2740 - set Specific Code input for plugin: GPIO
2021-11-05 17:05:48,247 [INFO] BlockDiagram:2740 - set Specific Code input for plugin: USART
2021-11-05 17:05:48,248 [INFO] BlockDiagram:2740 - set Specific Code input for plugin: RCC
2021-11-05 17:05:48,249 [INFO] CodeGenerator:663 - code generatio: config db path: C:\ST\STM32CubeIDE_1.7.0\STM32CubeIDE\plugins\com.st.stm32cube.common.mx_6.3.0.202107141111\\db\
2021-11-05 17:05:48,663 [INFO] CodeEngine:239 - oldGeneratedFile, C:\Users\THIENGO_WIN\Desktop\mcu\hcmut-mcu\lab\lab4-scheduler\code\lab4\MXTmpFiles\license.tmp_save
2021-11-05 17:05:48,748 [INFO] CodeEngine:257 - Generated code: C:\Users\THIENGO_WIN\Desktop\mcu\hcmut-mcu\lab\lab4-scheduler\code\lab4\MXTmpFiles\license.tmp
2021-11-05 17:05:48,808 [INFO] CodeEngine:239 - oldGeneratedFile, C:\Users\THIENGO_WIN\Desktop\mcu\hcmut-mcu\lab\lab4-scheduler\code\lab4\MXTmpFiles\gpio.tmp_save
2021-11-05 17:05:48,890 [INFO] CodeEngine:257 - Generated code: C:\Users\THIENGO_WIN\Desktop\mcu\hcmut-mcu\lab\lab4-scheduler\code\lab4\MXTmpFiles\gpio.tmp
2021-11-05 17:05:49,005 [INFO] CodeEngine:239 - oldGeneratedFile, C:\Users\THIENGO_WIN\Desktop\mcu\hcmut-mcu\lab\lab4-scheduler\code\lab4\Core\Src\stm32f1xx_it.c_save
2021-11-05 17:05:49,129 [INFO] CodeEngine:257 - Generated code: C:\Users\THIENGO_WIN\Desktop\mcu\hcmut-mcu\lab\lab4-scheduler\code\lab4\Core\Src\stm32f1xx_it.c
2021-11-05 17:05:49,134 [INFO] CodeEngine:239 - oldGeneratedFile, C:\Users\THIENGO_WIN\Desktop\mcu\hcmut-mcu\lab\lab4-scheduler\code\lab4\Core\Inc\stm32f1xx_it.h_save
2021-11-05 17:05:49,270 [INFO] CodeEngine:257 - Generated code: C:\Users\THIENGO_WIN\Desktop\mcu\hcmut-mcu\lab\lab4-scheduler\code\lab4\Core\Inc\stm32f1xx_it.h
2021-11-05 17:05:49,292 [INFO] CodeEngine:239 - oldGeneratedFile, C:\Users\THIENGO_WIN\Desktop\mcu\hcmut-mcu\lab\lab4-scheduler\code\lab4\Core\Src\stm32f1xx_hal_msp.c_save
2021-11-05 17:05:49,426 [INFO] CodeEngine:257 - Generated code: C:\Users\THIENGO_WIN\Desktop\mcu\hcmut-mcu\lab\lab4-scheduler\code\lab4\Core\Src\stm32f1xx_hal_msp.c
2021-11-05 17:05:49,430 [INFO] CodeEngine:239 - oldGeneratedFile, C:\Users\THIENGO_WIN\Desktop\mcu\hcmut-mcu\lab\lab4-scheduler\code\lab4\MXTmpFiles\system.tmp_save
2021-11-05 17:05:49,491 [INFO] CodeEngine:257 - Generated code: C:\Users\THIENGO_WIN\Desktop\mcu\hcmut-mcu\lab\lab4-scheduler\code\lab4\MXTmpFiles\system.tmp
2021-11-05 17:05:49,508 [INFO] CodeEngine:239 - oldGeneratedFile, C:\Users\THIENGO_WIN\Desktop\mcu\hcmut-mcu\lab\lab4-scheduler\code\lab4\Core\Inc\stm32f1xx_hal_conf.h_save
2021-11-05 17:05:49,605 [INFO] CodeEngine:257 - Generated code: C:\Users\THIENGO_WIN\Desktop\mcu\hcmut-mcu\lab\lab4-scheduler\code\lab4\Core\Inc\stm32f1xx_hal_conf.h
2021-11-05 17:05:49,649 [INFO] CodeEngine:239 - oldGeneratedFile, C:\Users\THIENGO_WIN\Desktop\mcu\hcmut-mcu\lab\lab4-scheduler\code\lab4\Core\Inc\main.h_save
2021-11-05 17:05:49,729 [INFO] CodeEngine:257 - Generated code: C:\Users\THIENGO_WIN\Desktop\mcu\hcmut-mcu\lab\lab4-scheduler\code\lab4\Core\Inc\main.h
2021-11-05 17:05:49,743 [INFO] CodeEngine:239 - oldGeneratedFile, C:\Users\THIENGO_WIN\Desktop\mcu\hcmut-mcu\lab\lab4-scheduler\code\lab4\Core\Src\main.c_save
2021-11-05 17:05:49,938 [INFO] CodeEngine:257 - Generated code: C:\Users\THIENGO_WIN\Desktop\mcu\hcmut-mcu\lab\lab4-scheduler\code\lab4\Core\Src\main.c
2021-11-05 17:05:50,949 [INFO] ProjectBuilder:2578 - Time for Copy HAL[1] : 167mS.
2021-11-05 17:05:50,954 [INFO] ProjectBuilder:3622 - Project Generator version: 3.14.1
2021-11-05 17:05:51,574 [INFO] ConfigFileManager:1271 - The Die is : DIE412
2021-11-05 17:05:54,039 [INFO] ProjectBuilder:3789 - Time for Generating toolchain IDE Files: 3085mS.
2021-11-05 17:05:54,040 [INFO] ProjectBuilder:2457 - Time for Copy CMSIS : 1mS.
2021-11-05 17:05:54,043 [INFO] ProjectBuilder:2457 - Time for Copy CMSIS : 0mS.
2021-11-05 18:06:49,479 [INFO] NvicIntPanel:96 - NVIC parent = com.st.microxplorer.plugins.ip.nvic.MultiNvicIntPanel[,0,0,460x198,layout=javax.swing.BoxLayout,alignmentX=0.0,alignmentY=0.0,border=,flags=9,maximumSize=,minimumSize=,preferredSize=]
2021-11-05 18:06:50,834 [INFO] NvicIntPanel:96 - NVIC parent = com.st.microxplorer.plugins.ip.nvic.MultiNvicIntPanel[,0,0,0x0,invalid,layout=javax.swing.BoxLayout,alignmentX=0.0,alignmentY=0.0,border=,flags=9,maximumSize=,minimumSize=,preferredSize=]
2021-11-05 18:08:58,820 [INFO] NvicIntPanel:96 - NVIC parent = com.st.microxplorer.plugins.ip.nvic.MultiNvicIntPanel[,0,0,460x198,layout=javax.swing.BoxLayout,alignmentX=0.0,alignmentY=0.0,border=,flags=9,maximumSize=,minimumSize=,preferredSize=]
2021-11-05 18:08:59,787 [INFO] NvicIntPanel:96 - NVIC parent = com.st.microxplorer.plugins.ip.nvic.MultiNvicIntPanel[,0,0,0x0,invalid,layout=javax.swing.BoxLayout,alignmentX=0.0,alignmentY=0.0,border=,flags=9,maximumSize=,minimumSize=,preferredSize=]
2021-11-05 18:09:30,335 [INFO] UtilMem:74 - End SaveConfig() Used Memory: 303715480 Bytes (980418560)
2021-11-05 18:09:31,062 [INFO] UtilMem:74 - End SaveConfig() Used Memory: 324124768 Bytes (980418560)
2021-11-05 18:09:32,196 [INFO] UtilMem:74 - End SaveConfig() Used Memory: 356181536 Bytes (980418560)
2021-11-05 18:09:32,450 [INFO] BlockDiagram:2740 - set Specific Code input for plugin: NVIC
2021-11-05 18:09:32,450 [INFO] BlockDiagram:2740 - set Specific Code input for plugin: SYS
2021-11-05 18:09:32,450 [INFO] BlockDiagram:2740 - set Specific Code input for plugin: GPIO
2021-11-05 18:09:32,451 [INFO] BlockDiagram:2740 - set Specific Code input for plugin: USART
2021-11-05 18:09:32,451 [INFO] BlockDiagram:2740 - set Specific Code input for plugin: RCC
2021-11-05 18:09:32,451 [INFO] BlockDiagram:2740 - set Specific Code input for plugin: TIM1_8F1
2021-11-05 18:09:32,451 [INFO] BlockDiagram:2740 - set Specific Code input for plugin: TIM1_8F1
2021-11-05 18:09:32,451 [INFO] CodeGenerator:663 - code generatio: config db path: C:\ST\STM32CubeIDE_1.7.0\STM32CubeIDE\plugins\com.st.stm32cube.common.mx_6.3.0.202107141111\\db\
2021-11-05 18:09:32,724 [INFO] CodeEngine:239 - oldGeneratedFile, C:\Users\THIENGO_WIN\Desktop\mcu\hcmut-mcu\lab\lab4-scheduler\code\lab4\MXTmpFiles\license.tmp_save
2021-11-05 18:09:32,798 [INFO] CodeEngine:257 - Generated code: C:\Users\THIENGO_WIN\Desktop\mcu\hcmut-mcu\lab\lab4-scheduler\code\lab4\MXTmpFiles\license.tmp
2021-11-05 18:09:32,814 [INFO] CodeEngine:239 - oldGeneratedFile, C:\Users\THIENGO_WIN\Desktop\mcu\hcmut-mcu\lab\lab4-scheduler\code\lab4\MXTmpFiles\gpio.tmp_save
2021-11-05 18:09:32,886 [INFO] CodeEngine:257 - Generated code: C:\Users\THIENGO_WIN\Desktop\mcu\hcmut-mcu\lab\lab4-scheduler\code\lab4\MXTmpFiles\gpio.tmp
2021-11-05 18:09:33,027 [INFO] CodeEngine:239 - oldGeneratedFile, C:\Users\THIENGO_WIN\Desktop\mcu\hcmut-mcu\lab\lab4-scheduler\code\lab4\Core\Src\stm32f1xx_it.c_save
2021-11-05 18:09:33,115 [INFO] CodeEngine:257 - Generated code: C:\Users\THIENGO_WIN\Desktop\mcu\hcmut-mcu\lab\lab4-scheduler\code\lab4\Core\Src\stm32f1xx_it.c
2021-11-05 18:09:33,120 [INFO] CodeEngine:239 - oldGeneratedFile, C:\Users\THIENGO_WIN\Desktop\mcu\hcmut-mcu\lab\lab4-scheduler\code\lab4\Core\Inc\stm32f1xx_it.h_save
2021-11-05 18:09:33,189 [INFO] CodeEngine:257 - Generated code: C:\Users\THIENGO_WIN\Desktop\mcu\hcmut-mcu\lab\lab4-scheduler\code\lab4\Core\Inc\stm32f1xx_it.h
2021-11-05 18:09:33,205 [INFO] CodeEngine:239 - oldGeneratedFile, C:\Users\THIENGO_WIN\Desktop\mcu\hcmut-mcu\lab\lab4-scheduler\code\lab4\Core\Src\stm32f1xx_hal_msp.c_save
2021-11-05 18:09:33,314 [INFO] CodeEngine:257 - Generated code: C:\Users\THIENGO_WIN\Desktop\mcu\hcmut-mcu\lab\lab4-scheduler\code\lab4\Core\Src\stm32f1xx_hal_msp.c
2021-11-05 18:09:33,317 [INFO] CodeEngine:239 - oldGeneratedFile, C:\Users\THIENGO_WIN\Desktop\mcu\hcmut-mcu\lab\lab4-scheduler\code\lab4\MXTmpFiles\system.tmp_save
2021-11-05 18:09:33,395 [INFO] CodeEngine:257 - Generated code: C:\Users\THIENGO_WIN\Desktop\mcu\hcmut-mcu\lab\lab4-scheduler\code\lab4\MXTmpFiles\system.tmp
2021-11-05 18:09:33,414 [INFO] CodeEngine:239 - oldGeneratedFile, C:\Users\THIENGO_WIN\Desktop\mcu\hcmut-mcu\lab\lab4-scheduler\code\lab4\Core\Inc\stm32f1xx_hal_conf.h_save
2021-11-05 18:09:33,505 [INFO] CodeEngine:257 - Generated code: C:\Users\THIENGO_WIN\Desktop\mcu\hcmut-mcu\lab\lab4-scheduler\code\lab4\Core\Inc\stm32f1xx_hal_conf.h
2021-11-05 18:09:33,529 [WARN] IPConfigManager:3148 - IP not found : TIM
2021-11-05 18:09:33,529 [WARN] CodeGenerator:3268 - IP not found : null
2021-11-05 18:09:33,542 [INFO] CodeEngine:239 - oldGeneratedFile, C:\Users\THIENGO_WIN\Desktop\mcu\hcmut-mcu\lab\lab4-scheduler\code\lab4\Core\Inc\main.h_save
2021-11-05 18:09:33,607 [INFO] CodeEngine:257 - Generated code: C:\Users\THIENGO_WIN\Desktop\mcu\hcmut-mcu\lab\lab4-scheduler\code\lab4\Core\Inc\main.h
2021-11-05 18:09:33,616 [INFO] CodeEngine:239 - oldGeneratedFile, C:\Users\THIENGO_WIN\Desktop\mcu\hcmut-mcu\lab\lab4-scheduler\code\lab4\Core\Src\main.c_save
2021-11-05 18:09:33,759 [INFO] CodeEngine:257 - Generated code: C:\Users\THIENGO_WIN\Desktop\mcu\hcmut-mcu\lab\lab4-scheduler\code\lab4\Core\Src\main.c
2021-11-05 18:09:34,621 [INFO] ProjectBuilder:2578 - Time for Copy HAL[1] : 131mS.
2021-11-05 18:09:34,624 [INFO] ProjectBuilder:3622 - Project Generator version: 3.14.1
2021-11-05 18:09:34,941 [INFO] ConfigFileManager:1271 - The Die is : DIE412
2021-11-05 18:09:36,651 [INFO] ProjectBuilder:3789 - Time for Generating toolchain IDE Files: 2027mS.
2021-11-05 18:09:36,652 [INFO] ProjectBuilder:2457 - Time for Copy CMSIS : 1mS.
2021-11-05 18:09:36,654 [INFO] ProjectBuilder:2457 - Time for Copy CMSIS : 0mS.
2021-11-05 18:53:58,881 [INFO] UtilMem:74 - End SaveConfig() Used Memory: 478783128 Bytes (980418560)
2021-11-05 18:53:59,488 [INFO] UtilMem:74 - End SaveConfig() Used Memory: 498706072 Bytes (980418560)
2021-11-05 18:54:00,707 [INFO] UtilMem:74 - End SaveConfig() Used Memory: 581021336 Bytes (980418560)
2021-11-05 18:54:01,003 [INFO] BlockDiagram:2740 - set Specific Code input for plugin: NVIC
2021-11-05 18:54:01,003 [INFO] BlockDiagram:2740 - set Specific Code input for plugin: SYS
2021-11-05 18:54:01,004 [INFO] BlockDiagram:2740 - set Specific Code input for plugin: GPIO
2021-11-05 18:54:01,004 [INFO] BlockDiagram:2740 - set Specific Code input for plugin: USART
2021-11-05 18:54:01,004 [INFO] BlockDiagram:2740 - set Specific Code input for plugin: RCC
2021-11-05 18:54:01,004 [INFO] BlockDiagram:2740 - set Specific Code input for plugin: TIM1_8F1
2021-11-05 18:54:01,004 [INFO] BlockDiagram:2740 - set Specific Code input for plugin: TIM1_8F1
2021-11-05 18:54:01,005 [INFO] CodeGenerator:663 - code generatio: config db path: C:\ST\STM32CubeIDE_1.7.0\STM32CubeIDE\plugins\com.st.stm32cube.common.mx_6.3.0.202107141111\\db\
2021-11-05 18:54:01,276 [INFO] CodeEngine:239 - oldGeneratedFile, C:\Users\THIENGO_WIN\Desktop\mcu\hcmut-mcu\lab\lab4-scheduler\code\lab4\MXTmpFiles\license.tmp_save
2021-11-05 18:54:01,377 [INFO] CodeEngine:257 - Generated code: C:\Users\THIENGO_WIN\Desktop\mcu\hcmut-mcu\lab\lab4-scheduler\code\lab4\MXTmpFiles\license.tmp
2021-11-05 18:54:01,407 [INFO] CodeEngine:239 - oldGeneratedFile, C:\Users\THIENGO_WIN\Desktop\mcu\hcmut-mcu\lab\lab4-scheduler\code\lab4\MXTmpFiles\gpio.tmp_save
2021-11-05 18:54:01,500 [INFO] CodeEngine:257 - Generated code: C:\Users\THIENGO_WIN\Desktop\mcu\hcmut-mcu\lab\lab4-scheduler\code\lab4\MXTmpFiles\gpio.tmp
2021-11-05 18:54:01,671 [INFO] CodeEngine:239 - oldGeneratedFile, C:\Users\THIENGO_WIN\Desktop\mcu\hcmut-mcu\lab\lab4-scheduler\code\lab4\Core\Src\stm32f1xx_it.c_save
2021-11-05 18:54:01,769 [INFO] CodeEngine:257 - Generated code: C:\Users\THIENGO_WIN\Desktop\mcu\hcmut-mcu\lab\lab4-scheduler\code\lab4\Core\Src\stm32f1xx_it.c
2021-11-05 18:54:01,774 [INFO] CodeEngine:239 - oldGeneratedFile, C:\Users\THIENGO_WIN\Desktop\mcu\hcmut-mcu\lab\lab4-scheduler\code\lab4\Core\Inc\stm32f1xx_it.h_save
2021-11-05 18:54:01,856 [INFO] CodeEngine:257 - Generated code: C:\Users\THIENGO_WIN\Desktop\mcu\hcmut-mcu\lab\lab4-scheduler\code\lab4\Core\Inc\stm32f1xx_it.h
2021-11-05 18:54:01,880 [INFO] CodeEngine:239 - oldGeneratedFile, C:\Users\THIENGO_WIN\Desktop\mcu\hcmut-mcu\lab\lab4-scheduler\code\lab4\Core\Src\stm32f1xx_hal_msp.c_save
2021-11-05 18:54:02,028 [INFO] CodeEngine:257 - Generated code: C:\Users\THIENGO_WIN\Desktop\mcu\hcmut-mcu\lab\lab4-scheduler\code\lab4\Core\Src\stm32f1xx_hal_msp.c
2021-11-05 18:54:02,031 [INFO] CodeEngine:239 - oldGeneratedFile, C:\Users\THIENGO_WIN\Desktop\mcu\hcmut-mcu\lab\lab4-scheduler\code\lab4\MXTmpFiles\system.tmp_save
2021-11-05 18:54:02,086 [INFO] CodeEngine:257 - Generated code: C:\Users\THIENGO_WIN\Desktop\mcu\hcmut-mcu\lab\lab4-scheduler\code\lab4\MXTmpFiles\system.tmp
2021-11-05 18:54:02,099 [INFO] CodeEngine:239 - oldGeneratedFile, C:\Users\THIENGO_WIN\Desktop\mcu\hcmut-mcu\lab\lab4-scheduler\code\lab4\Core\Inc\stm32f1xx_hal_conf.h_save
2021-11-05 18:54:02,206 [INFO] CodeEngine:257 - Generated code: C:\Users\THIENGO_WIN\Desktop\mcu\hcmut-mcu\lab\lab4-scheduler\code\lab4\Core\Inc\stm32f1xx_hal_conf.h
2021-11-05 18:54:02,229 [WARN] IPConfigManager:3148 - IP not found : TIM
2021-11-05 18:54:02,229 [WARN] CodeGenerator:3268 - IP not found : null
2021-11-05 18:54:02,241 [INFO] CodeEngine:239 - oldGeneratedFile, C:\Users\THIENGO_WIN\Desktop\mcu\hcmut-mcu\lab\lab4-scheduler\code\lab4\Core\Inc\main.h_save
2021-11-05 18:54:02,309 [INFO] CodeEngine:257 - Generated code: C:\Users\THIENGO_WIN\Desktop\mcu\hcmut-mcu\lab\lab4-scheduler\code\lab4\Core\Inc\main.h
2021-11-05 18:54:02,319 [INFO] CodeEngine:239 - oldGeneratedFile, C:\Users\THIENGO_WIN\Desktop\mcu\hcmut-mcu\lab\lab4-scheduler\code\lab4\Core\Src\main.c_save
2021-11-05 18:54:02,441 [INFO] CodeEngine:257 - Generated code: C:\Users\THIENGO_WIN\Desktop\mcu\hcmut-mcu\lab\lab4-scheduler\code\lab4\Core\Src\main.c
2021-11-05 18:54:03,365 [INFO] ProjectBuilder:2578 - Time for Copy HAL[1] : 127mS.
2021-11-05 18:54:03,368 [INFO] ProjectBuilder:3622 - Project Generator version: 3.14.1
2021-11-05 18:54:03,680 [INFO] ConfigFileManager:1271 - The Die is : DIE412
2021-11-05 18:54:05,447 [INFO] ProjectBuilder:3789 - Time for Generating toolchain IDE Files: 2079mS.
2021-11-05 18:54:05,448 [INFO] ProjectBuilder:2457 - Time for Copy CMSIS : 1mS.
2021-11-05 18:54:05,450 [INFO] ProjectBuilder:2457 - Time for Copy CMSIS : 0mS.
