2021-09-28 18:42:13,397 [INFO] Activator:177 - 


2021-09-28 18:42:13,413 [INFO] Activator:178 - !SESSION log4j initialized
2021-09-28 18:42:19,351 [INFO] McuFinderGlobals:39 - Set McuFinder mode to 2 (CubeIDE integrated)
2021-09-28 18:42:19,444 [INFO] ApplicationProperties:181 - Using Application install path: C:\ST\STM32CubeIDE_1.7.0\STM32CubeIDE\plugins\com.st.stm32cube.common.mx_6.3.0.202107141111
2021-09-28 18:42:19,451 [INFO] DbMcusXml:74 - Set database path to: C:\ST\STM32CubeIDE_1.7.0\STM32CubeIDE\plugins\com.st.stm32cube.common.mx_6.3.0.202107141111\\db\/mcu/
2021-09-28 18:42:19,451 [INFO] DbBoardsPdsc:56 - Set plugin database path to: C:\ST\STM32CubeIDE_1.7.0\STM32CubeIDE\plugins\com.st.stm32cube.common.mx_6.3.0.202107141111\\db\/plugins/boardmanager/
2021-09-28 18:42:19,451 [INFO] DbMcus:258 - Set plugin images path to: C:\ST\STM32CubeIDE_1.7.0\STM32CubeIDE\plugins\com.st.stm32cube.common.mx_6.3.0.202107141111\\db\/plugins/mcufinder/images/
2021-09-28 18:42:19,451 [INFO] DbBoards:264 - Set plugin images path to: C:\ST\STM32CubeIDE_1.7.0\STM32CubeIDE\plugins\com.st.stm32cube.common.mx_6.3.0.202107141111\\db\/plugins/mcufinder/images/
2021-09-28 18:42:19,451 [INFO] DbExamples:333 - Set plugin images path to: C:\ST\STM32CubeIDE_1.7.0\STM32CubeIDE\plugins\com.st.stm32cube.common.mx_6.3.0.202107141111\\db\/plugins/mcufinder/images/
2021-09-28 18:42:19,451 [INFO] DbMcusAds:119 - Set database path to: C:\Users\THIENGO_WIN\.stmcufinder\plugins\mcufinder//mcu/
2021-09-28 18:42:19,451 [INFO] DbMcusDocs:110 - Set database path to: C:\Users\THIENGO_WIN\.stmcufinder\plugins\mcufinder//mcu/
2021-09-28 18:42:19,451 [INFO] DbMcusJson:64 - Set database path to: C:\Users\THIENGO_WIN\.stmcufinder\plugins\mcufinder//mcu/
2021-09-28 18:42:19,451 [INFO] DbBoardsDocs:110 - Set database path to: C:\Users\THIENGO_WIN\.stmcufinder\plugins\mcufinder//mcu/
2021-09-28 18:42:19,467 [INFO] DbBoardsJson:57 - Set database path to: C:\Users\THIENGO_WIN\.stmcufinder\plugins\mcufinder//mcu/
2021-09-28 18:42:19,467 [INFO] CrossReferenceDbSqlite:196 - Set database path to: C:\Users\THIENGO_WIN\.stmcufinder\plugins\mcufinder//mcu/cs/
2021-09-28 18:42:19,467 [INFO] DbExamplesSqlite:767 - Set database path to: C:\Users\THIENGO_WIN\.stmcufinder\plugins\mcufinder//mcu/
2021-09-28 18:42:19,567 [INFO] RulesReader:57 - Compatibility file has been processed (242 Rules)
2021-09-28 18:42:19,645 [INFO] DbMcusXml:74 - Set database path to: C:\ST\STM32CubeIDE_1.7.0\STM32CubeIDE\plugins\com.st.stm32cube.common.mx_6.3.0.202107141111\\db\/mcu/
2021-09-28 18:42:19,645 [INFO] DbBoardsPdsc:56 - Set plugin database path to: C:\ST\STM32CubeIDE_1.7.0\STM32CubeIDE\plugins\com.st.stm32cube.common.mx_6.3.0.202107141111\\db\/plugins/boardmanager/
2021-09-28 18:42:19,645 [INFO] DbMcus:258 - Set plugin images path to: C:\ST\STM32CubeIDE_1.7.0\STM32CubeIDE\plugins\com.st.stm32cube.common.mx_6.3.0.202107141111\\db\/plugins/mcufinder/images/
2021-09-28 18:42:19,645 [INFO] DbBoards:264 - Set plugin images path to: C:\ST\STM32CubeIDE_1.7.0\STM32CubeIDE\plugins\com.st.stm32cube.common.mx_6.3.0.202107141111\\db\/plugins/mcufinder/images/
2021-09-28 18:42:19,652 [INFO] DbExamples:333 - Set plugin images path to: C:\ST\STM32CubeIDE_1.7.0\STM32CubeIDE\plugins\com.st.stm32cube.common.mx_6.3.0.202107141111\\db\/plugins/mcufinder/images/
2021-09-28 18:42:19,652 [WARN] DbFile:35 - Overriding database path with different value: C:\Users\THIENGO_WIN\.stmcufinder\plugins\mcufinder/ => C:\Users\THIENGO_WIN\.stmcufinder\plugins\mcufinder
2021-09-28 18:42:19,652 [INFO] DbMcusAds:119 - Set database path to: C:\Users\THIENGO_WIN\.stmcufinder\plugins\mcufinder//mcu/
2021-09-28 18:42:19,652 [WARN] DbFile:35 - Overriding database path with different value: C:\Users\THIENGO_WIN\.stmcufinder\plugins\mcufinder/ => C:\Users\THIENGO_WIN\.stmcufinder\plugins\mcufinder
2021-09-28 18:42:19,652 [INFO] DbMcusDocs:110 - Set database path to: C:\Users\THIENGO_WIN\.stmcufinder\plugins\mcufinder//mcu/
2021-09-28 18:42:19,652 [WARN] DbFile:35 - Overriding database path with different value: C:\Users\THIENGO_WIN\.stmcufinder\plugins\mcufinder/ => C:\Users\THIENGO_WIN\.stmcufinder\plugins\mcufinder
2021-09-28 18:42:19,652 [INFO] DbMcusJson:64 - Set database path to: C:\Users\THIENGO_WIN\.stmcufinder\plugins\mcufinder//mcu/
2021-09-28 18:42:19,652 [WARN] DbFile:35 - Overriding database path with different value: C:\Users\THIENGO_WIN\.stmcufinder\plugins\mcufinder/ => C:\Users\THIENGO_WIN\.stmcufinder\plugins\mcufinder
2021-09-28 18:42:19,652 [INFO] DbBoardsDocs:110 - Set database path to: C:\Users\THIENGO_WIN\.stmcufinder\plugins\mcufinder//mcu/
2021-09-28 18:42:19,652 [WARN] DbFile:35 - Overriding database path with different value: C:\Users\THIENGO_WIN\.stmcufinder\plugins\mcufinder/ => C:\Users\THIENGO_WIN\.stmcufinder\plugins\mcufinder
2021-09-28 18:42:19,652 [INFO] DbBoardsJson:57 - Set database path to: C:\Users\THIENGO_WIN\.stmcufinder\plugins\mcufinder//mcu/
2021-09-28 18:42:19,652 [WARN] DbFile:35 - Overriding database path with different value: C:\Users\THIENGO_WIN\.stmcufinder\plugins\mcufinder/ => C:\Users\THIENGO_WIN\.stmcufinder\plugins\mcufinder
2021-09-28 18:42:19,652 [WARN] DbFile:35 - Overriding database path with different value: C:\Users\THIENGO_WIN\.stmcufinder\plugins\mcufinder/ => C:\Users\THIENGO_WIN\.stmcufinder\plugins\mcufinder
2021-09-28 18:42:19,652 [INFO] CrossReferenceDbSqlite:196 - Set database path to: C:\Users\THIENGO_WIN\.stmcufinder\plugins\mcufinder//mcu/cs/
2021-09-28 18:42:19,652 [WARN] DbFile:35 - Overriding database path with different value: C:\Users\THIENGO_WIN\.stmcufinder\plugins\mcufinder/ => C:\Users\THIENGO_WIN\.stmcufinder\plugins\mcufinder
2021-09-28 18:42:19,652 [INFO] DbExamplesSqlite:767 - Set database path to: C:\Users\THIENGO_WIN\.stmcufinder\plugins\mcufinder//mcu/
2021-09-28 18:42:19,683 [INFO] MainPanel:214 - HeapMemory: 268435456
2021-09-28 18:42:19,745 [INFO] DbMcusXml:74 - Set database path to: C:\ST\STM32CubeIDE_1.7.0\STM32CubeIDE\plugins\com.st.stm32cube.common.mx_6.3.0.202107141111\\db\/mcu/
2021-09-28 18:42:19,745 [INFO] DbBoardsPdsc:56 - Set plugin database path to: C:\ST\STM32CubeIDE_1.7.0\STM32CubeIDE\plugins\com.st.stm32cube.common.mx_6.3.0.202107141111\\db\/plugins/boardmanager/
2021-09-28 18:42:19,745 [INFO] DbMcus:258 - Set plugin images path to: C:\ST\STM32CubeIDE_1.7.0\STM32CubeIDE\plugins\com.st.stm32cube.common.mx_6.3.0.202107141111\\db\/plugins/mcufinder/images/
2021-09-28 18:42:19,745 [INFO] DbBoards:264 - Set plugin images path to: C:\ST\STM32CubeIDE_1.7.0\STM32CubeIDE\plugins\com.st.stm32cube.common.mx_6.3.0.202107141111\\db\/plugins/mcufinder/images/
2021-09-28 18:42:19,745 [INFO] DbExamples:333 - Set plugin images path to: C:\ST\STM32CubeIDE_1.7.0\STM32CubeIDE\plugins\com.st.stm32cube.common.mx_6.3.0.202107141111\\db\/plugins/mcufinder/images/
2021-09-28 18:42:19,745 [WARN] DbFile:35 - Overriding database path with different value: C:\Users\THIENGO_WIN\.stmcufinder\plugins\mcufinder/ => C:\Users\THIENGO_WIN\.stmcufinder\plugins\mcufinder
2021-09-28 18:42:19,745 [INFO] DbMcusAds:119 - Set database path to: C:\Users\THIENGO_WIN\.stmcufinder\plugins\mcufinder//mcu/
2021-09-28 18:42:19,745 [WARN] DbFile:35 - Overriding database path with different value: C:\Users\THIENGO_WIN\.stmcufinder\plugins\mcufinder/ => C:\Users\THIENGO_WIN\.stmcufinder\plugins\mcufinder
2021-09-28 18:42:19,745 [INFO] DbMcusDocs:110 - Set database path to: C:\Users\THIENGO_WIN\.stmcufinder\plugins\mcufinder//mcu/
2021-09-28 18:42:19,745 [WARN] DbFile:35 - Overriding database path with different value: C:\Users\THIENGO_WIN\.stmcufinder\plugins\mcufinder/ => C:\Users\THIENGO_WIN\.stmcufinder\plugins\mcufinder
2021-09-28 18:42:19,745 [INFO] DbMcusJson:64 - Set database path to: C:\Users\THIENGO_WIN\.stmcufinder\plugins\mcufinder//mcu/
2021-09-28 18:42:19,745 [WARN] DbFile:35 - Overriding database path with different value: C:\Users\THIENGO_WIN\.stmcufinder\plugins\mcufinder/ => C:\Users\THIENGO_WIN\.stmcufinder\plugins\mcufinder
2021-09-28 18:42:19,745 [INFO] DbBoardsDocs:110 - Set database path to: C:\Users\THIENGO_WIN\.stmcufinder\plugins\mcufinder//mcu/
2021-09-28 18:42:19,745 [WARN] DbFile:35 - Overriding database path with different value: C:\Users\THIENGO_WIN\.stmcufinder\plugins\mcufinder/ => C:\Users\THIENGO_WIN\.stmcufinder\plugins\mcufinder
2021-09-28 18:42:19,745 [INFO] DbBoardsJson:57 - Set database path to: C:\Users\THIENGO_WIN\.stmcufinder\plugins\mcufinder//mcu/
2021-09-28 18:42:19,745 [WARN] DbFile:35 - Overriding database path with different value: C:\Users\THIENGO_WIN\.stmcufinder\plugins\mcufinder/ => C:\Users\THIENGO_WIN\.stmcufinder\plugins\mcufinder
2021-09-28 18:42:19,745 [WARN] DbFile:35 - Overriding database path with different value: C:\Users\THIENGO_WIN\.stmcufinder\plugins\mcufinder/ => C:\Users\THIENGO_WIN\.stmcufinder\plugins\mcufinder
2021-09-28 18:42:19,745 [INFO] CrossReferenceDbSqlite:196 - Set database path to: C:\Users\THIENGO_WIN\.stmcufinder\plugins\mcufinder//mcu/cs/
2021-09-28 18:42:19,745 [WARN] DbFile:35 - Overriding database path with different value: C:\Users\THIENGO_WIN\.stmcufinder\plugins\mcufinder/ => C:\Users\THIENGO_WIN\.stmcufinder\plugins\mcufinder
2021-09-28 18:42:19,745 [INFO] DbExamplesSqlite:767 - Set database path to: C:\Users\THIENGO_WIN\.stmcufinder\plugins\mcufinder//mcu/
2021-09-28 18:42:19,752 [INFO] ApplicationProperties:181 - Using Application install path: C:\ST\STM32CubeIDE_1.7.0\STM32CubeIDE\plugins\com.st.stm32cube.common.mx_6.3.0.202107141111
2021-09-28 18:42:19,752 [INFO] PluginManage:188 - Search for loadable plugins [exclusion list=, ]
2021-09-28 18:42:19,752 [INFO] PluginManage:302 - Check plugin analytics
2021-09-28 18:42:19,868 [INFO] AnalyticsPlugin:257 - Accepted Software Licenses: 
2021-09-28 18:42:19,868 [INFO] AnalyticsPlugin:259 - Accepted CMSIS Pack Licenses: 
2021-09-28 18:42:19,868 [INFO] AnalyticsPlugin:261 - Accepted Firmware Licenses: FW.G0.1.5.0
2021-09-28 18:42:19,868 [INFO] PluginManage:352 - Loaded plugin analytics (category:tool,tabindex:-1)
2021-09-28 18:42:19,868 [INFO] PluginManage:302 - Check plugin clock
2021-09-28 18:42:19,883 [INFO] PluginManage:352 - Loaded plugin clock (category:base,tabindex:2)
2021-09-28 18:42:19,883 [INFO] PluginManage:302 - Check plugin ddr
2021-09-28 18:42:19,883 [INFO] PluginManage:352 - Loaded plugin ddr (category:tool,tabindex:6)
2021-09-28 18:42:19,883 [INFO] PluginManage:302 - Check plugin filemanager
2021-09-28 18:42:19,984 [INFO] PluginManage:352 - Loaded plugin filemanager (category:base,tabindex:10)
2021-09-28 18:42:19,984 [INFO] PluginManage:302 - Check plugin ipmanager
2021-09-28 18:42:19,984 [INFO] PluginManage:352 - Loaded plugin ipmanager (category:base,tabindex:5)
2021-09-28 18:42:19,984 [INFO] PluginManage:302 - Check plugin pinoutandconfiguration
2021-09-28 18:42:19,984 [INFO] PluginManage:352 - Loaded plugin pinoutandconfiguration (category:base,tabindex:1)
2021-09-28 18:42:19,984 [INFO] PluginManage:302 - Check plugin pinoutconfig
2021-09-28 18:42:20,015 [INFO] PluginManage:352 - Loaded plugin pinoutconfig (category:base,tabindex:0)
2021-09-28 18:42:20,015 [INFO] PluginManage:302 - Check plugin power
2021-09-28 18:42:20,015 [INFO] PluginManage:352 - Loaded plugin power (category:power,tabindex:4)
2021-09-28 18:42:20,015 [INFO] PluginManage:302 - Check plugin projectmanager
2021-09-28 18:42:20,031 [INFO] PluginManage:352 - Loaded plugin projectmanager (category:projectmanager,tabindex:3)
2021-09-28 18:42:20,031 [INFO] PluginManage:302 - Check plugin thirdparty
2021-09-28 18:42:20,131 [WARN] IntegrityCheckThread:78 - waiting for thirdparty lock release [integrity check]
2021-09-28 18:42:20,131 [INFO] PluginManage:352 - Loaded plugin thirdparty (category:base,tabindex:-1)
2021-09-28 18:42:20,131 [INFO] IntegrityCheckThread:80 - entering critical section [integrity check]
2021-09-28 18:42:20,131 [INFO] PluginManage:302 - Check plugin tools
2021-09-28 18:42:20,131 [INFO] ThirdPartyUpdaterWithRetryManager:66 - Updater plugin not ready yet. [1/15]
2021-09-28 18:42:20,131 [INFO] PluginManage:352 - Loaded plugin tools (category:base,tabindex:7)
2021-09-28 18:42:20,131 [INFO] PluginManage:302 - Check plugin tutovideos
2021-09-28 18:42:20,286 [INFO] PluginManage:352 - Loaded plugin tutovideos (category:base,tabindex:-1)
2021-09-28 18:42:20,286 [INFO] PluginManage:302 - Check plugin updater
2021-09-28 18:42:20,296 [INFO] PluginManage:352 - Loaded plugin updater (category:base,tabindex:12)
2021-09-28 18:42:20,296 [INFO] PluginManage:275 - PluginManage : Loaded plugins [13]
2021-09-28 18:42:20,427 [INFO] PinOutPanel:1463 - setPackage(No Configuration,No Configuration)
2021-09-28 18:42:20,480 [INFO] IPUIPlugin:74 - create IPUIPlugin
2021-09-28 18:42:20,480 [INFO] PluginManager:213 - loadIPPluginJar : add adc
2021-09-28 18:42:20,480 [INFO] IPUIPlugin:74 - create IPUIPlugin
2021-09-28 18:42:20,480 [INFO] PluginManager:213 - loadIPPluginJar : add aes
2021-09-28 18:42:20,480 [INFO] IPUIPlugin:74 - create IPUIPlugin
2021-09-28 18:42:20,480 [INFO] PluginManager:213 - loadIPPluginJar : add can
2021-09-28 18:42:20,496 [INFO] IPUIPlugin:74 - create IPUIPlugin
2021-09-28 18:42:20,496 [INFO] PluginManager:213 - loadIPPluginJar : add comp
2021-09-28 18:42:20,496 [INFO] IPUIPlugin:74 - create IPUIPlugin
2021-09-28 18:42:20,496 [INFO] PluginManager:213 - loadIPPluginJar : add cryp
2021-09-28 18:42:20,496 [INFO] IPUIPlugin:74 - create IPUIPlugin
2021-09-28 18:42:20,496 [INFO] PluginManager:213 - loadIPPluginJar : add dfsdm
2021-09-28 18:42:20,496 [INFO] IPUIPlugin:74 - create IPUIPlugin
2021-09-28 18:42:20,496 [INFO] PluginManager:213 - loadIPPluginJar : add dma
2021-09-28 18:42:20,496 [INFO] IPUIPlugin:74 - create IPUIPlugin
2021-09-28 18:42:20,496 [INFO] PluginManager:213 - loadIPPluginJar : add dma3
2021-09-28 18:42:20,496 [INFO] IPUIPlugin:74 - create IPUIPlugin
2021-09-28 18:42:20,496 [INFO] PluginManager:213 - loadIPPluginJar : add fatfs
2021-09-28 18:42:20,496 [INFO] IPUIPlugin:74 - create IPUIPlugin
2021-09-28 18:42:20,496 [INFO] PluginManager:213 - loadIPPluginJar : add fmc
2021-09-28 18:42:20,512 [INFO] IPUIPlugin:74 - create IPUIPlugin
2021-09-28 18:42:20,512 [INFO] PluginManager:213 - loadIPPluginJar : add freertos
2021-09-28 18:42:20,512 [INFO] IPUIPlugin:74 - create IPUIPlugin
2021-09-28 18:42:20,512 [INFO] PluginManager:213 - loadIPPluginJar : add genericplugin
2021-09-28 18:42:20,512 [INFO] IPUIPlugin:74 - create IPUIPlugin
2021-09-28 18:42:20,512 [INFO] PluginManager:213 - loadIPPluginJar : add gfxmmu
2021-09-28 18:42:20,512 [INFO] IPUIPlugin:74 - create IPUIPlugin
2021-09-28 18:42:20,512 [INFO] PluginManager:213 - loadIPPluginJar : add gic
2021-09-28 18:42:20,512 [INFO] IPUIPlugin:74 - create IPUIPlugin
2021-09-28 18:42:20,512 [INFO] PluginManager:213 - loadIPPluginJar : add gpio
2021-09-28 18:42:20,512 [INFO] IPUIPlugin:74 - create IPUIPlugin
2021-09-28 18:42:20,512 [INFO] PluginManager:213 - loadIPPluginJar : add gtzc
2021-09-28 18:42:20,527 [INFO] IPUIPlugin:74 - create IPUIPlugin
2021-09-28 18:42:20,527 [INFO] PluginManager:213 - loadIPPluginJar : add hash
2021-09-28 18:42:20,527 [INFO] IPUIPlugin:74 - create IPUIPlugin
2021-09-28 18:42:20,527 [INFO] PluginManager:213 - loadIPPluginJar : add i2c
2021-09-28 18:42:20,527 [INFO] IPUIPlugin:74 - create IPUIPlugin
2021-09-28 18:42:20,527 [INFO] PluginManager:213 - loadIPPluginJar : add i2s
2021-09-28 18:42:20,527 [INFO] IPUIPlugin:74 - create IPUIPlugin
2021-09-28 18:42:20,527 [INFO] PluginManager:213 - loadIPPluginJar : add ipddr
2021-09-28 18:42:20,527 [INFO] IPUIPlugin:74 - create IPUIPlugin
2021-09-28 18:42:20,527 [INFO] PluginManager:213 - loadIPPluginJar : add linkedlist
2021-09-28 18:42:20,527 [INFO] IPUIPlugin:74 - create IPUIPlugin
2021-09-28 18:42:20,527 [INFO] PluginManager:213 - loadIPPluginJar : add lorawan
2021-09-28 18:42:20,527 [INFO] IPUIPlugin:74 - create IPUIPlugin
2021-09-28 18:42:20,527 [INFO] PluginManager:213 - loadIPPluginJar : add ltdc
2021-09-28 18:42:20,543 [INFO] IPUIPlugin:74 - create IPUIPlugin
2021-09-28 18:42:20,543 [INFO] PluginManager:213 - loadIPPluginJar : add mdma
2021-09-28 18:42:20,543 [INFO] IPUIPlugin:74 - create IPUIPlugin
2021-09-28 18:42:20,543 [INFO] PluginManager:213 - loadIPPluginJar : add nvic
2021-09-28 18:42:20,543 [INFO] IPUIPlugin:74 - create IPUIPlugin
2021-09-28 18:42:20,543 [INFO] PluginManager:213 - loadIPPluginJar : add opamp
2021-09-28 18:42:20,543 [INFO] IPUIPlugin:74 - create IPUIPlugin
2021-09-28 18:42:20,543 [INFO] PluginManager:213 - loadIPPluginJar : add openamp
2021-09-28 18:42:20,543 [INFO] IPUIPlugin:74 - create IPUIPlugin
2021-09-28 18:42:20,543 [INFO] PluginManager:213 - loadIPPluginJar : add pdm2pcm
2021-09-28 18:42:20,543 [INFO] IPUIPlugin:74 - create IPUIPlugin
2021-09-28 18:42:20,558 [INFO] PluginManager:213 - loadIPPluginJar : add plateformsettings
2021-09-28 18:42:20,558 [INFO] IPUIPlugin:74 - create IPUIPlugin
2021-09-28 18:42:20,558 [INFO] PluginManager:213 - loadIPPluginJar : add quadspi
2021-09-28 18:42:20,558 [INFO] IPUIPlugin:74 - create IPUIPlugin
2021-09-28 18:42:20,558 [INFO] PluginManager:213 - loadIPPluginJar : add resmgrutility
2021-09-28 18:42:20,565 [INFO] IPUIPlugin:74 - create IPUIPlugin
2021-09-28 18:42:20,565 [INFO] PluginManager:213 - loadIPPluginJar : add sai
2021-09-28 18:42:20,565 [INFO] IPUIPlugin:74 - create IPUIPlugin
2021-09-28 18:42:20,565 [INFO] PluginManager:213 - loadIPPluginJar : add spi
2021-09-28 18:42:20,565 [INFO] IPUIPlugin:74 - create IPUIPlugin
2021-09-28 18:42:20,565 [INFO] PluginManager:213 - loadIPPluginJar : add stm32_wpan
2021-09-28 18:42:20,565 [INFO] IPUIPlugin:74 - create IPUIPlugin
2021-09-28 18:42:20,565 [INFO] PluginManager:213 - loadIPPluginJar : add tim
2021-09-28 18:42:20,565 [INFO] IPUIPlugin:74 - create IPUIPlugin
2021-09-28 18:42:20,565 [INFO] PluginManager:213 - loadIPPluginJar : add touchsensing
2021-09-28 18:42:20,565 [INFO] IPUIPlugin:74 - create IPUIPlugin
2021-09-28 18:42:20,565 [INFO] PluginManager:213 - loadIPPluginJar : add tracer_emb
2021-09-28 18:42:20,565 [INFO] IPUIPlugin:74 - create IPUIPlugin
2021-09-28 18:42:20,565 [INFO] PluginManager:213 - loadIPPluginJar : add ts
2021-09-28 18:42:20,565 [INFO] IPUIPlugin:74 - create IPUIPlugin
2021-09-28 18:42:20,565 [INFO] PluginManager:213 - loadIPPluginJar : add tsc
2021-09-28 18:42:20,565 [INFO] IPUIPlugin:74 - create IPUIPlugin
2021-09-28 18:42:20,565 [INFO] PluginManager:213 - loadIPPluginJar : add ucpd
2021-09-28 18:42:20,581 [INFO] IPUIPlugin:74 - create IPUIPlugin
2021-09-28 18:42:20,581 [INFO] PluginManager:213 - loadIPPluginJar : add usart
2021-09-28 18:42:20,581 [INFO] IPUIPlugin:74 - create IPUIPlugin
2021-09-28 18:42:20,581 [INFO] PluginManager:213 - loadIPPluginJar : add usbx
2021-09-28 18:42:20,896 [FATAL] Updater:294 - Updater called before beeing initialized
2021-09-28 18:42:20,981 [FATAL] Updater:294 - Updater called before beeing initialized
2021-09-28 18:42:20,981 [INFO] DbMcusAds:47 - JSON generation date=Wed Aug 18 21:24:26 ICT 2021 (1629296666117)
2021-09-28 18:42:20,981 [FATAL] Updater:294 - Updater called before beeing initialized
2021-09-28 18:42:21,012 [WARN] DetailPanel:314 - Failed to get advertising image, set to default
2021-09-28 18:42:21,097 [FATAL] Updater:294 - Updater called before beeing initialized
2021-09-28 18:42:21,097 [FATAL] Updater:294 - Updater called before beeing initialized
2021-09-28 18:42:21,097 [FATAL] Updater:294 - Updater called before beeing initialized
2021-09-28 18:42:21,097 [WARN] DetailPanel:314 - Failed to get advertising image, set to default
2021-09-28 18:42:21,097 [FATAL] Updater:294 - Updater called before beeing initialized
2021-09-28 18:42:21,144 [ERROR] Updater:1075 - MainUpdater not yet initialized. External WinMGr cannot be set.
2021-09-28 18:42:21,144 [INFO] Updater:1012 - Updater Version found : 6.3.0
2021-09-28 18:42:21,166 [INFO] ApplicationProperties:181 - Using Application install path: C:\ST\STM32CubeIDE_1.7.0\STM32CubeIDE\plugins\com.st.stm32cube.common.mx_6.3.0.202107141111
2021-09-28 18:42:21,429 [INFO] MainUpdater:2671 - connection check result : 10
2021-09-28 18:42:21,445 [INFO] MainUpdater:265 - Updater Check For Update Now.
2021-09-28 18:42:21,445 [INFO] MicroXplorer:478 - Change Database Version : DB.6.0.30
2021-09-28 18:42:21,668 [INFO] CheckServerUpdateThread:112 - End of CheckServer Thread
2021-09-28 18:42:21,668 [INFO] MainUpdater:2671 - connection check result : 10
2021-09-28 18:42:21,931 [INFO] McuFinderGlobals:52 - Set McuFinderConnectedMode to false
2021-09-28 18:42:22,031 [INFO] CrossSelectorPresenter:1330 - Cross Selector saved comparison directory: C:\Users\THIENGO_WIN\.stmcufinder\plugins\mcufinder\mcu\cs_comparisons_mx
2021-09-28 18:42:22,031 [INFO] MultiScanPanel:197 - Auto-refresh data requested => check proxy status ongoing
2021-09-28 18:42:22,031 [INFO] MultiScanPanel:201 - Proxy status is invalid
2021-09-28 18:42:22,031 [INFO] FinderPluginLoader:87 - Searching for filters in installed packs
2021-09-28 18:42:22,031 [INFO] DbMcusXml:100 - Load MCU database from C:\ST\STM32CubeIDE_1.7.0\STM32CubeIDE\plugins\com.st.stm32cube.common.mx_6.3.0.202107141111\\db\/mcu/families.xml
2021-09-28 18:42:22,802 [INFO] DbMcusJson:93 - JSON generation date=Mon Jun 07 15:53:21 ICT 2021 (1623056001)
2021-09-28 18:42:23,250 [WARN] PackLoader:238 - Cannot read IP mode file for RoweBots.I-CUBE-UNISONRTOS.5.5.0-4
2021-09-28 18:42:23,334 [WARN] PackLoader:238 - Cannot read IP mode file for STMicroelectronics.X-CUBE-MEMS1.9.0.0
2021-09-28 18:42:23,550 [INFO] DbMcus:175 - Found 1951 MCUs (1903 are supported by CubeMX, 1903 are visible in CubeMX)
2021-09-28 18:42:23,550 [INFO] ApiDb:251 - Load user favorites file C:\Users\THIENGO_WIN/.stm32cubeide/favorites.mcus.txt: 0 item(s)
2021-09-28 18:42:23,550 [INFO] ApiDb:255 - User favorites MCUs=[]
2021-09-28 18:42:23,550 [INFO] DbMcus:187 - Set 0 / 0 favorites MCUs
2021-09-28 18:42:23,573 [WARN] PackLoader:238 - Cannot read IP mode file for STMicroelectronics.X-CUBE-AZRTOS-H7.1.1.0
2021-09-28 18:42:23,619 [WARN] PackLoader:238 - Cannot read IP mode file for SEGGER.I-CUBE-embOS.1.2.0
2021-09-28 18:42:23,666 [WARN] PackLoader:238 - Cannot read IP mode file for STMicroelectronics.X-CUBE-BLE1.6.2.1
2021-09-28 18:42:23,673 [WARN] PackLoader:238 - Cannot read IP mode file for STMicroelectronics.X-CUBE-BLE2.3.2.1
2021-09-28 18:42:23,673 [WARN] PackLoader:238 - Cannot read IP mode file for STMicroelectronics.X-CUBE-NFC4.2.0.3
2021-09-28 18:42:23,673 [WARN] PackLoader:238 - Cannot read IP mode file for wolfSSL.I-CUBE-wolfSSL.4.8.0
2021-09-28 18:42:23,673 [WARN] PackLoader:238 - Cannot read IP mode file for STMicroelectronics.X-CUBE-TOUCHGFX.4.17.0
2021-09-28 18:42:23,688 [WARN] PackLoader:238 - Cannot read IP mode file for STMicroelectronics.X-CUBE-SFXS2LP1.3.1.0
2021-09-28 18:42:23,720 [WARN] PackLoader:238 - Cannot read IP mode file for STMicroelectronics.X-CUBE-AZRTOS-F4.1.0.0
2021-09-28 18:42:23,751 [WARN] PackLoader:238 - Cannot read IP mode file for STMicroelectronics.X-CUBE-AZRTOS-H7.2.0.0
2021-09-28 18:42:23,773 [WARN] PackLoader:238 - Cannot read IP mode file for STMicroelectronics.X-CUBE-TOF1.2.0.0
2021-09-28 18:42:23,789 [WARN] PackLoader:238 - Cannot read IP mode file for STMicroelectronics.X-CUBE-SUBG2.4.2.0
2021-09-28 18:42:23,789 [WARN] PackLoader:238 - Cannot read IP mode file for STMicroelectronics.X-CUBE-ALS.1.0.1
2021-09-28 18:42:23,804 [WARN] PackLoader:238 - Cannot read IP mode file for STMicroelectronics.X-CUBE-AI.7.0.0
2021-09-28 18:42:23,820 [WARN] PackLoader:238 - Cannot read IP mode file for STMicroelectronics.X-CUBE-ALGOBUILD.1.2.1
2021-09-28 18:42:23,820 [WARN] PackLoader:238 - Cannot read IP mode file for STMicroelectronics.X-CUBE-DISPLAY.1.0.0
2021-09-28 18:42:23,820 [WARN] PackLoader:238 - Cannot read IP mode file for STMicroelectronics.X-CUBE-EEPRMA1.3.1.0
2021-09-28 18:42:23,836 [WARN] PackLoader:238 - Cannot read IP mode file for STMicroelectronics.X-CUBE-GNSS1.5.2.0
2021-09-28 18:42:23,836 [INFO] ThirdParty:915 - Integrity check success = true
2021-09-28 18:42:23,836 [INFO] IntegrityCheckThread:94 - exiting critical section [integrity check]
2021-09-28 18:42:23,836 [INFO] IntegrityCheckThread:97 - End integrity checks thread
2021-09-28 18:42:24,021 [INFO] DetailPanel:309 - Set advertising image to C:/Users/THIENGO_WIN/STM32Cube/Repository/\en.prom_STM32U5_PSA-SESIP_LV3_0821.png
2021-09-28 18:42:24,437 [INFO] DbBoardsPdsc:90 - Found 25 items
2021-09-28 18:42:24,453 [INFO] DbBoardsPdsc:90 - Found 9 items
2021-09-28 18:42:24,453 [INFO] DbBoardsPdsc:90 - Found 33 items
2021-09-28 18:42:24,469 [INFO] DbBoardsPdsc:90 - Found 1 items
2021-09-28 18:42:24,475 [INFO] DbBoardsPdsc:90 - Found 48 items
2021-09-28 18:42:24,491 [INFO] DbBoardsPdsc:90 - Found 43 items
2021-09-28 18:42:24,491 [INFO] DbBoardsPdsc:90 - Found 2 items
2021-09-28 18:42:24,506 [INFO] DbBoardsPdsc:90 - Found 5 items
2021-09-28 18:42:24,506 [WARN] DbBoardsPdsc:254 - Board STM32H7B3I-DK: unknown feature type=Audio, name=, username=Audio stereo codec with Headphone Amp (CS42L51-CNZ), n=1
2021-09-28 18:42:24,506 [WARN] DbBoardsPdsc:254 - Board STM32H735G-DK: unknown feature type=Audio, name=, username=Audio stereo codec with Headphone Amp (WM8994ECS/R), n=1
2021-09-28 18:42:24,506 [WARN] DbBoardsPdsc:254 - Board STM32H7B3I-EVAL: unknown feature type=Audio, name=, username=Multi-Channel Audio Codec (CS42L51-CNZ), n=1
2021-09-28 18:42:24,506 [WARN] DbBoardsPdsc:254 - Board STM32H7B3I-EVAL: unknown feature type=Meter, name=, username=Power-metering and Temperature-monitoring with sigma-delta modulators, n=1
2021-09-28 18:42:24,506 [WARN] DbBoardsPdsc:254 - Board STM32H7B3I-EVAL: unknown feature type=Motor, name=, username=Motor Control, n=1
2021-09-28 18:42:24,506 [WARN] DbBoardsPdsc:254 - Board STM32U575I-EV: unknown feature type=joystick, name=, username=4-direction joystick with selection button, n=1
2021-09-28 18:42:24,522 [INFO] DbBoardsJson:86 - JSON generation date=Tue Jun 01 12:52:40 ICT 2021 (1622526760)
2021-09-28 18:42:24,538 [INFO] DbBoards:117 - Found 166 boards (163 are supported by CubeMX)
2021-09-28 18:42:24,553 [INFO] DbBoardsDocs:143 - JSON generation date=Tue Jun 01 12:52:40 ICT 2021 (1622526760)
2021-09-28 18:42:24,575 [INFO] DbBoardsDocs:79 - Found 193 boards documents
2021-09-28 18:42:24,575 [WARN] DbBoards:127 - board B-L462E-CELL1 has no document id list !
2021-09-28 18:42:24,575 [WARN] DbBoards:127 - board B-L475E-IOT01A2 has no document id list !
2021-09-28 18:42:24,591 [WARN] DbBoards:127 - board B-U585I-IOT02A has no document id list !
2021-09-28 18:42:24,591 [WARN] DbBoards:127 - board NUCLEO-G0B1RE has no document id list !
2021-09-28 18:42:24,591 [WARN] DbBoards:127 - board NUCLEO-H743ZI has no document id list !
2021-09-28 18:42:24,591 [WARN] DbBoards:127 - board NUCLEO-L4A6ZG has no document id list !
2021-09-28 18:42:24,591 [WARN] DbBoards:127 - board NUCLEO-U575ZI-Q has no document id list !
2021-09-28 18:42:24,591 [WARN] DbBoards:127 - board NUCLEO-WB15CC has no document id list !
2021-09-28 18:42:24,591 [WARN] DbBoards:127 - board NUCLEO-WB55RG has no document id list !
2021-09-28 18:42:24,591 [WARN] DbBoards:127 - board NUCLEO-WL55JC2 has no document id list !
2021-09-28 18:42:24,591 [WARN] DbBoards:127 - board P-NUCLEO-WB55-Nucleo has no document id list !
2021-09-28 18:42:24,591 [WARN] DbBoards:127 - board P-NUCLEO-WB55-USBDongle has no document id list !
2021-09-28 18:42:24,591 [WARN] DbBoards:127 - board STEVAL-BFA001V1B has no document id list !
2021-09-28 18:42:24,591 [WARN] DbBoards:127 - board STEVAL-BFA001V2B has no document id list !
2021-09-28 18:42:24,591 [WARN] DbBoards:127 - board STEVAL-IDP005V1 has no document id list !
2021-09-28 18:42:24,591 [WARN] DbBoards:127 - board STEVAL-IDP005V2 has no document id list !
2021-09-28 18:42:24,591 [WARN] DbBoards:127 - board STEVAL-MKSBOX1V1 has no document id list !
2021-09-28 18:42:24,591 [WARN] DbBoards:127 - board STEVAL-STWINKT1 has no document id list !
2021-09-28 18:42:24,591 [WARN] DbBoards:127 - board STEVAL-STWINKT1B has no document id list !
2021-09-28 18:42:24,591 [WARN] DbBoards:127 - board STM32F401C-DISCO has no document id list !
2021-09-28 18:42:24,591 [WARN] DbBoards:127 - board STM32F769I-DISC1 has no document id list !
2021-09-28 18:42:24,591 [WARN] DbBoards:127 - board STM32G0C1E-EV has no document id list !
2021-09-28 18:42:24,591 [WARN] DbBoards:127 - board STM32G474E-EVAL1 has no document id list !
2021-09-28 18:42:24,591 [WARN] DbBoards:127 - board STM32H743I-EVAL2 has no document id list !
2021-09-28 18:42:24,591 [WARN] DbBoards:127 - board STM32H747I-DISC1 has no document id list !
2021-09-28 18:42:24,591 [WARN] DbBoards:127 - board STM32H753I-EVAL2 has no document id list !
2021-09-28 18:42:24,591 [WARN] DbBoards:127 - board STM32L-DISCOVERY has no document id list !
2021-09-28 18:42:24,591 [WARN] DbBoards:127 - board STM32MP157A-DK1 has no document id list !
2021-09-28 18:42:24,591 [WARN] DbBoards:127 - board STM32MP157D-DK1 has no document id list !
2021-09-28 18:42:24,591 [WARN] DbBoards:127 - board STM32MP157D-EV1 has no document id list !
2021-09-28 18:42:24,591 [WARN] DbBoards:127 - board STM32MP157F-DK2 has no document id list !
2021-09-28 18:42:24,591 [WARN] DbBoards:127 - board STM32MP157F-EV1 has no document id list !
2021-09-28 18:42:24,591 [WARN] DbBoards:127 - board STM32U575I-EV has no document id list !
2021-09-28 18:42:24,591 [WARN] DbBoards:127 - board STM32WB5MM-DK has no document id list !
2021-09-28 18:42:26,142 [INFO] ApiDb:251 - Load user favorites file C:\Users\THIENGO_WIN/.stm32cubeide/favorites.boards.txt: 0 item(s)
2021-09-28 18:42:26,142 [INFO] ApiDb:255 - User favorites Boards=[]
2021-09-28 18:42:26,142 [INFO] DbBoards:206 - Set 0 / 0 favorites Boards
2021-09-28 18:42:35,417 [INFO] DbMcusDocs:143 - JSON generation date=Mon Jun 07 15:53:21 ICT 2021 (1623056001)
2021-09-28 18:42:35,652 [INFO] DbMcusDocs:79 - Found 669 MCUs documents
2021-09-28 18:42:56,196 [INFO] MainUpdater:2671 - connection check result : 10
2021-09-28 18:42:56,196 [INFO] MainUpdater:2671 - connection check result : 10
2021-09-28 18:42:56,224 [INFO] MicroXplorer:448 - Change Database Path : 
2021-09-28 18:42:56,224 [INFO] MicroXplorer:478 - Change Database Version : DB.6.0.30
2021-09-28 18:42:56,224 [WARN] ThirdParty:813 - waiting for thirdparty lock release [close project]
2021-09-28 18:42:56,224 [INFO] ThirdParty:815 - entering critical section [close project]
2021-09-28 18:42:56,224 [INFO] ThirdParty:825 - exiting critical section [close project]
2021-09-28 18:42:56,224 [INFO] PinOutPanel:1463 - setPackage(No Configuration,No Configuration)
2021-09-28 18:42:56,224 [INFO] UtilMem:74 - Begin LoadConfig() Used Memory: 416011104 Bytes (570425344)
2021-09-28 18:42:56,224 [INFO] MicroXplorer:448 - Change Database Path : 
2021-09-28 18:42:56,224 [INFO] MicroXplorer:478 - Change Database Version : DB.6.0.30
2021-09-28 18:42:56,224 [INFO] OpenFileManager:313 - Change cursor
2021-09-28 18:42:56,883 [INFO] Context:592 - Trying to add GPIOservice into a context  which must be forbidden
2021-09-28 18:42:57,052 [INFO] ImportTextPane:167 - (OptionalMessage_ERROR) Unable to find key (Mcu.ThirdPartyNb) in loaded IOC file
2021-09-28 18:42:57,052 [INFO] ImportTextPane:167 - (OptionalMessage_ERROR) Unable to find key (Mcu.PinsNb) in loaded IOC file
2021-09-28 18:42:57,052 [INFO] ImportTextPane:167 - (OptionalMessage_ERROR) Unable to find key (Mcu.IPNb) in loaded IOC file
2021-09-28 18:42:57,083 [WARN] ApiManager:304 - Cannot register API 'Board Extension:S2868A1' from pack STMicroelectronics.X-CUBE-SFXS2LP1.3.1.0: no header file found
2021-09-28 18:42:57,083 [WARN] ApiManager:304 - Cannot register API 'Board Extension:S2868A2' from pack STMicroelectronics.X-CUBE-SFXS2LP1.3.1.0: no header file found
2021-09-28 18:42:57,083 [WARN] ApiManager:304 - Cannot register API 'Board Extension:S2915A1' from pack STMicroelectronics.X-CUBE-SFXS2LP1.3.1.0: no header file found
2021-09-28 18:42:57,083 [WARN] ModelIntegratedComponent:60 - No mode defined for component null
2021-09-28 18:42:57,083 [WARN] ModelIntegratedComponent:60 - No mode defined for component null
2021-09-28 18:42:57,083 [WARN] ModelIntegratedComponent:60 - No mode defined for component null
2021-09-28 18:42:57,083 [WARN] ModelIntegratedComponent:60 - No mode defined for component null
2021-09-28 18:42:57,083 [WARN] ModelIntegratedComponent:60 - No mode defined for component null
2021-09-28 18:42:57,083 [WARN] ModelIntegratedComponent:60 - No mode defined for component null
2021-09-28 18:42:57,099 [WARN] ModelIntegratedComponent:60 - No mode defined for component null
2021-09-28 18:42:57,099 [WARN] ModelIntegratedComponent:60 - No mode defined for component null
2021-09-28 18:42:57,099 [WARN] ModelIntegratedComponent:60 - No mode defined for component null
2021-09-28 18:42:57,099 [WARN] ModelIntegratedComponent:60 - No mode defined for component null
2021-09-28 18:42:57,099 [WARN] ModelIntegratedComponent:60 - No mode defined for component null
2021-09-28 18:42:57,099 [WARN] ModelIntegratedComponent:60 - No mode defined for component null
2021-09-28 18:42:57,099 [WARN] ModelIntegratedComponent:60 - No mode defined for component null
2021-09-28 18:42:57,099 [WARN] ModelIntegratedComponent:60 - No mode defined for component null
2021-09-28 18:42:57,099 [WARN] ModelIntegratedComponent:60 - No mode defined for component null
2021-09-28 18:42:57,099 [WARN] ModelIntegratedComponent:60 - No mode defined for component null
2021-09-28 18:42:57,099 [WARN] ModelIntegratedComponent:60 - No mode defined for component null
2021-09-28 18:42:57,099 [WARN] ModelIntegratedComponent:60 - No mode defined for component null
2021-09-28 18:42:57,099 [WARN] ModelIntegratedComponent:60 - No mode defined for component null
2021-09-28 18:42:57,099 [WARN] ModelIntegratedComponent:60 - No mode defined for component null
2021-09-28 18:42:57,099 [WARN] ModelIntegratedComponent:60 - No mode defined for component null
2021-09-28 18:42:57,099 [WARN] ModelIntegratedComponent:60 - No mode defined for component null
2021-09-28 18:42:57,099 [WARN] ModelIntegratedComponent:60 - No mode defined for component null
2021-09-28 18:42:57,099 [WARN] ModelIntegratedComponent:60 - No mode defined for component null
2021-09-28 18:42:57,099 [WARN] ModelIntegratedComponent:60 - No mode defined for component null
2021-09-28 18:42:57,099 [WARN] ModelIntegratedComponent:60 - No mode defined for component null
2021-09-28 18:42:57,099 [WARN] ModelIntegratedComponent:60 - No mode defined for component null
2021-09-28 18:42:57,099 [WARN] ModelIntegratedComponent:60 - No mode defined for component null
2021-09-28 18:42:57,099 [WARN] ModelIntegratedComponent:60 - No mode defined for component null
2021-09-28 18:42:57,099 [WARN] ModelIntegratedComponent:60 - No mode defined for component null
2021-09-28 18:42:57,099 [WARN] ModelIntegratedComponent:60 - No mode defined for component null
2021-09-28 18:42:57,215 [WARN] ApiManager:304 - Cannot register API 'Board Extension:IKS01A3' from pack STMicroelectronics.X-CUBE-MEMS1.9.0.0: no header file found
2021-09-28 18:42:57,215 [WARN] ApiManager:304 - Cannot register API 'Board Extension:IKS01A2' from pack STMicroelectronics.X-CUBE-MEMS1.9.0.0: no header file found
2021-09-28 18:42:57,215 [WARN] ApiManager:304 - Cannot register API 'Board Extension:IKS02A1' from pack STMicroelectronics.X-CUBE-MEMS1.9.0.0: no header file found
2021-09-28 18:42:57,231 [WARN] ApiManager:304 - Cannot register API 'Board Extension:S2868A1' from pack STMicroelectronics.X-CUBE-SUBG2.4.2.0: no header file found
2021-09-28 18:42:57,231 [WARN] ApiManager:304 - Cannot register API 'Board Extension:S2868A2' from pack STMicroelectronics.X-CUBE-SUBG2.4.2.0: no header file found
2021-09-28 18:42:57,231 [WARN] ApiManager:304 - Cannot register API 'Board Extension:S2915A1' from pack STMicroelectronics.X-CUBE-SUBG2.4.2.0: no header file found
2021-09-28 18:42:57,253 [INFO] RtosManager:484 - Registered RTOS mode: class=CMSIS, group=RTOS, mode=CMSIS_V1, owner=FREERTOS
2021-09-28 18:42:57,253 [INFO] RtosManager:484 - Registered RTOS mode: class=CMSIS, group=RTOS2, mode=CMSIS_V2, owner=FREERTOS
2021-09-28 18:42:57,253 [INFO] RtosManager:484 - Registered RTOS mode: class=RTOS, group=Core, mode=CMSIS_V1, owner=FREERTOS
2021-09-28 18:42:57,253 [INFO] RtosManager:484 - Registered RTOS mode: class=RTOS, group=Core, mode=CMSIS_V2, owner=FREERTOS
2021-09-28 18:42:57,253 [WARN] ModelIntegratedComponent:181 - Missing modes for component STMicroelectronics:FreeRTOS:0.0.1:STMicroelectronics:RTOS:FreeRTOS:Core:::10.2.0:
2021-09-28 18:42:57,253 [WARN] ApiManager:304 - Cannot register API 'Board Extension:EEPRMA1' from pack STMicroelectronics.X-CUBE-EEPRMA1.3.1.0: no header file found
2021-09-28 18:42:57,253 [WARN] ApiManager:304 - Cannot register API 'Board Extension:EEPRMA2' from pack STMicroelectronics.X-CUBE-EEPRMA1.3.1.0: no header file found
2021-09-28 18:42:57,253 [WARN] ApiManager:304 - Cannot register API 'Board Extension:GNSS1A1' from pack STMicroelectronics.X-CUBE-GNSS1.5.2.0: no header file found
2021-09-28 18:42:57,253 [WARN] ApiManager:304 - Cannot register API 'Board Support:Custom' from pack STMicroelectronics.X-CUBE-GNSS1.5.2.0: no header file found
2021-09-28 18:42:57,253 [WARN] ApiManager:304 - Cannot register API 'Data Exchange:lib_gnss' from pack STMicroelectronics.X-CUBE-GNSS1.5.2.0: no header file found
2021-09-28 18:42:57,253 [WARN] ApiManager:304 - Cannot register API 'Wireless:BlueNRG-MS' from pack STMicroelectronics.X-CUBE-BLE1.6.2.1: no header file found
2021-09-28 18:42:57,268 [WARN] ApiManager:304 - Cannot register API 'Wireless:BlueNRG-2' from pack STMicroelectronics.X-CUBE-BLE2.3.2.1: no header file found
2021-09-28 18:42:57,268 [WARN] ApiManager:304 - Cannot register API 'Board Extension:NFC04A1' from pack STMicroelectronics.X-CUBE-NFC4.2.0.3: no header file found
2021-09-28 18:42:57,857 [INFO] UtilMem:74 - End LoadConfig() Used Memory: 395283328 Bytes (570425344)
2021-09-28 18:42:57,857 [WARN] ThirdParty:779 - waiting for thirdparty lock release [change project]
2021-09-28 18:42:57,857 [INFO] ThirdParty:781 - entering critical section [change project]
2021-09-28 18:42:57,857 [INFO] ThirdParty:967 - CMSIS Pack Vendor :STMicroelectronics X-CUBE-SFXS2LP1 3.1.0
2021-09-28 18:42:57,857 [INFO] ThirdParty:967 - CMSIS Pack Vendor :RoweBots I-CUBE-UNISONRTOS 5.5.0-4
2021-09-28 18:42:57,857 [INFO] ThirdParty:967 - CMSIS Pack Vendor :STMicroelectronics X-CUBE-AZRTOS-F4 1.0.0
2021-09-28 18:42:57,857 [INFO] ThirdParty:967 - CMSIS Pack Vendor :STMicroelectronics USB_HOST 2.0.0
2021-09-28 18:42:57,857 [INFO] ThirdParty:967 - CMSIS Pack Vendor :STMicroelectronics X-CUBE-AZRTOS-H7 2.0.0
2021-09-28 18:42:57,857 [INFO] ThirdParty:967 - CMSIS Pack Vendor :STMicroelectronics USB_DEVICE 3.0.0
2021-09-28 18:42:57,857 [INFO] ThirdParty:967 - CMSIS Pack Vendor :STMicroelectronics X-CUBE-TOF1 2.0.0
2021-09-28 18:42:57,857 [INFO] ThirdParty:967 - CMSIS Pack Vendor :STMicroelectronics HAL Drivers 0.0.0
2021-09-28 18:42:57,857 [INFO] ThirdParty:967 - CMSIS Pack Vendor :STMicroelectronics MBEDTLS 2.16.2
2021-09-28 18:42:57,857 [INFO] ThirdParty:967 - CMSIS Pack Vendor :STMicroelectronics MBEDTLS 2.14.1
2021-09-28 18:42:57,857 [INFO] ThirdParty:967 - CMSIS Pack Vendor :STMicroelectronics X-CUBE-MEMS1 9.0.0
2021-09-28 18:42:57,857 [INFO] ThirdParty:967 - CMSIS Pack Vendor :STMicroelectronics X-CUBE-AZRTOS-H7 1.1.0
2021-09-28 18:42:57,857 [INFO] ThirdParty:967 - CMSIS Pack Vendor :STMicroelectronics X-CUBE-SUBG2 4.2.0
2021-09-28 18:42:57,857 [INFO] ThirdParty:967 - CMSIS Pack Vendor :STMicroelectronics X-CUBE-ALS 1.0.1
2021-09-28 18:42:57,857 [INFO] ThirdParty:967 - CMSIS Pack Vendor :STMicroelectronics USB_DEVICE 2.0.0
2021-09-28 18:42:57,857 [INFO] ThirdParty:967 - CMSIS Pack Vendor :STMicroelectronics X-CUBE-AI 7.0.0
2021-09-28 18:42:57,857 [INFO] ThirdParty:967 - CMSIS Pack Vendor :STMicroelectronics X-CUBE-ALGOBUILD 1.2.1
2021-09-28 18:42:57,857 [INFO] ThirdParty:967 - CMSIS Pack Vendor :STMicroelectronics X-CUBE-DISPLAY 1.0.0
2021-09-28 18:42:57,857 [INFO] ThirdParty:967 - CMSIS Pack Vendor :STMicroelectronics FreeRTOS 0.0.1
2021-09-28 18:42:57,857 [INFO] ThirdParty:967 - CMSIS Pack Vendor :STMicroelectronics USB_DEVICE 1.0.0
2021-09-28 18:42:57,857 [INFO] ThirdParty:967 - CMSIS Pack Vendor :SEGGER I-CUBE-embOS 1.2.0
2021-09-28 18:42:57,857 [INFO] ThirdParty:967 - CMSIS Pack Vendor :STMicroelectronics X-CUBE-EEPRMA1 3.1.0
2021-09-28 18:42:57,857 [INFO] ThirdParty:967 - CMSIS Pack Vendor :STMicroelectronics X-CUBE-GNSS1 5.2.0
2021-09-28 18:42:57,857 [INFO] ThirdParty:967 - CMSIS Pack Vendor :STMicroelectronics ThreadX 0.0.2
2021-09-28 18:42:57,857 [INFO] ThirdParty:967 - CMSIS Pack Vendor :STMicroelectronics lwIP 2.0.3
2021-09-28 18:42:57,857 [INFO] ThirdParty:967 - CMSIS Pack Vendor :STMicroelectronics lwIP 2.1.2
2021-09-28 18:42:57,857 [INFO] ThirdParty:967 - CMSIS Pack Vendor :STMicroelectronics X-CUBE-BLE1 6.2.1
2021-09-28 18:42:57,857 [INFO] ThirdParty:967 - CMSIS Pack Vendor :STMicroelectronics X-CUBE-BLE2 3.2.1
2021-09-28 18:42:57,857 [INFO] ThirdParty:967 - CMSIS Pack Vendor :STMicroelectronics USB_HOST 1.0.0
2021-09-28 18:42:57,857 [INFO] ThirdParty:967 - CMSIS Pack Vendor :STMicroelectronics X-CUBE-NFC4 2.0.3
2021-09-28 18:42:57,857 [INFO] ThirdParty:967 - CMSIS Pack Vendor :wolfSSL I-CUBE-wolfSSL 4.8.0
2021-09-28 18:42:57,857 [INFO] ThirdParty:967 - CMSIS Pack Vendor :STMicroelectronics X-CUBE-TOUCHGFX 4.17.0
2021-09-28 18:42:57,857 [INFO] ThirdParty:967 - CMSIS Pack Vendor :STMicroelectronics PDM2PCM 3.1.0
2021-09-28 18:42:57,857 [INFO] ThirdParty:967 - CMSIS Pack Vendor :STMicroelectronics PDM2PCM 3.2.0
2021-09-28 18:42:57,857 [INFO] ThirdParty:967 - CMSIS Pack Vendor :STMicroelectronics PDM2PCM 3.3.0
2021-09-28 18:42:57,857 [INFO] ThirdParty:787 - exiting critical section [change project]
2021-09-28 18:42:58,077 [INFO] PinOutPanel:1463 - setPackage(No Configuration,No Configuration)
2021-09-28 18:42:58,077 [INFO] PinOutPanel:1463 - setPackage(STM32F103C6Tx,LQFP48)
2021-09-28 18:42:58,393 [INFO] UtilMem:74 - Before build in PCC Used Memory: 316549856 Bytes (570425344)
2021-09-28 18:42:58,848 [INFO] UtilMem:74 - After build in PCC Used Memory: 436087520 Bytes (570425344)
2021-09-28 18:42:58,863 [INFO] IPUIPlugin:74 - create IPUIPlugin
2021-09-28 18:42:58,863 [INFO] IPUIPlugin:74 - create IPUIPlugin
2021-09-28 18:42:58,863 [INFO] IPUIPlugin:74 - create IPUIPlugin
2021-09-28 18:42:58,863 [INFO] IPUIPlugin:74 - create IPUIPlugin
2021-09-28 18:42:58,863 [INFO] IPUIPlugin:74 - create IPUIPlugin
2021-09-28 18:42:58,863 [INFO] IPUIPlugin:74 - create IPUIPlugin
2021-09-28 18:42:58,863 [INFO] IPUIPlugin:74 - create IPUIPlugin
2021-09-28 18:42:58,863 [INFO] IPUIPlugin:74 - create IPUIPlugin
2021-09-28 18:42:58,863 [INFO] IPUIPlugin:74 - create IPUIPlugin
2021-09-28 18:42:58,863 [INFO] IPUIPlugin:74 - create IPUIPlugin
2021-09-28 18:42:58,863 [INFO] IPUIPlugin:74 - create IPUIPlugin
2021-09-28 18:42:58,863 [INFO] IPUIPlugin:74 - create IPUIPlugin
2021-09-28 18:42:58,879 [INFO] IPUIPlugin:74 - create IPUIPlugin
2021-09-28 18:42:58,879 [INFO] IPUIPlugin:74 - create IPUIPlugin
2021-09-28 18:42:58,879 [INFO] IPUIPlugin:74 - create IPUIPlugin
2021-09-28 18:42:58,879 [INFO] IPUIPlugin:74 - create IPUIPlugin
2021-09-28 18:42:58,879 [INFO] IPUIPlugin:74 - create IPUIPlugin
2021-09-28 18:42:58,879 [INFO] IPUIPlugin:74 - create IPUIPlugin
2021-09-28 18:42:58,879 [INFO] IPUIPlugin:74 - create IPUIPlugin
2021-09-28 18:42:58,879 [INFO] IPUIPlugin:74 - create IPUIPlugin
2021-09-28 18:42:58,879 [INFO] IPUIPlugin:74 - create IPUIPlugin
2021-09-28 18:42:58,879 [INFO] IPUIPlugin:74 - create IPUIPlugin
2021-09-28 18:42:58,879 [INFO] IPUIPlugin:74 - create IPUIPlugin
2021-09-28 18:42:58,979 [INFO] OpenFileManager:333 - Restore cursor
2021-09-28 18:42:59,195 [INFO] UtilMem:74 - End SaveConfig() Used Memory: 375741880 Bytes (570425344)
2021-09-28 18:42:59,249 [INFO] UtilMem:74 - End SaveConfig() Used Memory: 388584248 Bytes (570425344)
2021-09-28 18:42:59,527 [INFO] BlockDiagram:2740 - set Specific Code input for plugin: NVIC
2021-09-28 18:42:59,527 [INFO] BlockDiagram:2740 - set Specific Code input for plugin: SYS
2021-09-28 18:42:59,527 [INFO] BlockDiagram:2740 - set Specific Code input for plugin: RCC
2021-09-28 18:42:59,527 [INFO] CodeGenerator:663 - code generatio: config db path: C:\ST\STM32CubeIDE_1.7.0\STM32CubeIDE\plugins\com.st.stm32cube.common.mx_6.3.0.202107141111\\db\
2021-09-28 18:42:59,781 [INFO] CodeEngine:239 - oldGeneratedFile, C:\Users\THIENGO_WIN\Desktop\mcu\hcmut-mcu\lab\lab2-timer-interrupt-and-led-scanning\code\lab2\MXTmpFiles\license.tmp_save
2021-09-28 18:43:00,082 [INFO] CodeEngine:257 - Generated code: C:\Users\THIENGO_WIN\Desktop\mcu\hcmut-mcu\lab\lab2-timer-interrupt-and-led-scanning\code\lab2\MXTmpFiles\license.tmp
2021-09-28 18:43:00,151 [INFO] CodeEngine:239 - oldGeneratedFile, C:\Users\THIENGO_WIN\Desktop\mcu\hcmut-mcu\lab\lab2-timer-interrupt-and-led-scanning\code\lab2\Core\Src\stm32f1xx_it.c_save
2021-09-28 18:43:00,298 [INFO] CodeEngine:257 - Generated code: C:\Users\THIENGO_WIN\Desktop\mcu\hcmut-mcu\lab\lab2-timer-interrupt-and-led-scanning\code\lab2\Core\Src\stm32f1xx_it.c
2021-09-28 18:43:00,298 [INFO] CodeEngine:239 - oldGeneratedFile, C:\Users\THIENGO_WIN\Desktop\mcu\hcmut-mcu\lab\lab2-timer-interrupt-and-led-scanning\code\lab2\Core\Inc\stm32f1xx_it.h_save
2021-09-28 18:43:00,367 [INFO] CodeEngine:257 - Generated code: C:\Users\THIENGO_WIN\Desktop\mcu\hcmut-mcu\lab\lab2-timer-interrupt-and-led-scanning\code\lab2\Core\Inc\stm32f1xx_it.h
2021-09-28 18:43:00,383 [INFO] CodeEngine:239 - oldGeneratedFile, C:\Users\THIENGO_WIN\Desktop\mcu\hcmut-mcu\lab\lab2-timer-interrupt-and-led-scanning\code\lab2\Core\Src\stm32f1xx_hal_msp.c_save
2021-09-28 18:43:00,467 [INFO] CodeEngine:257 - Generated code: C:\Users\THIENGO_WIN\Desktop\mcu\hcmut-mcu\lab\lab2-timer-interrupt-and-led-scanning\code\lab2\Core\Src\stm32f1xx_hal_msp.c
2021-09-28 18:43:00,483 [INFO] CodeEngine:239 - oldGeneratedFile, C:\Users\THIENGO_WIN\Desktop\mcu\hcmut-mcu\lab\lab2-timer-interrupt-and-led-scanning\code\lab2\MXTmpFiles\system.tmp_save
2021-09-28 18:43:00,537 [INFO] CodeEngine:257 - Generated code: C:\Users\THIENGO_WIN\Desktop\mcu\hcmut-mcu\lab\lab2-timer-interrupt-and-led-scanning\code\lab2\MXTmpFiles\system.tmp
2021-09-28 18:43:00,537 [INFO] CodeEngine:239 - oldGeneratedFile, C:\Users\THIENGO_WIN\Desktop\mcu\hcmut-mcu\lab\lab2-timer-interrupt-and-led-scanning\code\lab2\Core\Inc\stm32f1xx_hal_conf.h_save
2021-09-28 18:43:00,615 [INFO] CodeEngine:257 - Generated code: C:\Users\THIENGO_WIN\Desktop\mcu\hcmut-mcu\lab\lab2-timer-interrupt-and-led-scanning\code\lab2\Core\Inc\stm32f1xx_hal_conf.h
2021-09-28 18:43:00,652 [INFO] CodeEngine:239 - oldGeneratedFile, C:\Users\THIENGO_WIN\Desktop\mcu\hcmut-mcu\lab\lab2-timer-interrupt-and-led-scanning\code\lab2\Core\Inc\main.h_save
2021-09-28 18:43:00,715 [INFO] CodeEngine:257 - Generated code: C:\Users\THIENGO_WIN\Desktop\mcu\hcmut-mcu\lab\lab2-timer-interrupt-and-led-scanning\code\lab2\Core\Inc\main.h
2021-09-28 18:43:00,715 [INFO] CodeEngine:239 - oldGeneratedFile, C:\Users\THIENGO_WIN\Desktop\mcu\hcmut-mcu\lab\lab2-timer-interrupt-and-led-scanning\code\lab2\Core\Src\main.c_save
2021-09-28 18:43:00,837 [INFO] CodeEngine:257 - Generated code: C:\Users\THIENGO_WIN\Desktop\mcu\hcmut-mcu\lab\lab2-timer-interrupt-and-led-scanning\code\lab2\Core\Src\main.c
2021-09-28 18:43:01,771 [INFO] ProjectBuilder:2578 - Time for Copy HAL[1] : 138mS.
2021-09-28 18:43:01,771 [INFO] ProjectBuilder:3622 - Project Generator version: 3.14.1
2021-09-28 18:43:02,177 [INFO] ConfigFileManager:1271 - The Die is : DIE412
2021-09-28 18:43:02,193 [INFO] ApiDbMcu:468 - Load IP Config File for FATFS
2021-09-28 18:43:02,208 [INFO] ApiDbMcu:468 - Load IP Config File for FREERTOS
2021-09-28 18:43:02,239 [INFO] ApiDbMcu:468 - Load IP Config File for USB_DEVICE
2021-09-28 18:43:05,371 [INFO] ProjectBuilder:3789 - Time for Generating toolchain IDE Files: 3600mS.
2021-09-28 18:43:05,371 [INFO] ProjectBuilder:2457 - Time for Copy CMSIS : 0mS.
2021-09-28 18:43:05,371 [INFO] ProjectBuilder:2457 - Time for Copy CMSIS : 0mS.
2021-09-28 18:43:06,165 [INFO] McuFinderGlobals:52 - Set McuFinderConnectedMode to true
2021-09-28 18:43:06,165 [INFO] ApiDb:276 - Save user favorites file C:\Users\THIENGO_WIN/.stm32cubeide/favorites.mcus.txt: 0 item(s)
2021-09-28 18:43:06,165 [INFO] ApiDb:280 - User favorites MCUs=[]
2021-09-28 18:43:46,527 [INFO] UtilMem:74 - End SaveConfig() Used Memory: 793911880 Bytes (1070596096)
2021-09-28 18:43:47,315 [INFO] UtilMem:74 - End SaveConfig() Used Memory: 812013512 Bytes (1070596096)
2021-09-28 18:43:49,584 [INFO] UtilMem:74 - End SaveConfig() Used Memory: 924209096 Bytes (1070596096)
2021-09-28 18:43:49,854 [INFO] BlockDiagram:2740 - set Specific Code input for plugin: NVIC
2021-09-28 18:43:49,854 [INFO] BlockDiagram:2740 - set Specific Code input for plugin: SYS
2021-09-28 18:43:49,854 [INFO] BlockDiagram:2740 - set Specific Code input for plugin: GPIO
2021-09-28 18:43:49,854 [INFO] BlockDiagram:2740 - set Specific Code input for plugin: RCC
2021-09-28 18:43:49,854 [INFO] CodeGenerator:663 - code generatio: config db path: C:\ST\STM32CubeIDE_1.7.0\STM32CubeIDE\plugins\com.st.stm32cube.common.mx_6.3.0.202107141111\\db\
2021-09-28 18:43:50,086 [INFO] CodeEngine:239 - oldGeneratedFile, C:\Users\THIENGO_WIN\Desktop\mcu\hcmut-mcu\lab\lab2-timer-interrupt-and-led-scanning\code\lab2\MXTmpFiles\license.tmp_save
2021-09-28 18:43:50,146 [INFO] CodeEngine:257 - Generated code: C:\Users\THIENGO_WIN\Desktop\mcu\hcmut-mcu\lab\lab2-timer-interrupt-and-led-scanning\code\lab2\MXTmpFiles\license.tmp
2021-09-28 18:43:50,196 [INFO] CodeEngine:239 - oldGeneratedFile, C:\Users\THIENGO_WIN\Desktop\mcu\hcmut-mcu\lab\lab2-timer-interrupt-and-led-scanning\code\lab2\MXTmpFiles\gpio.tmp_save
2021-09-28 18:43:50,256 [INFO] CodeEngine:257 - Generated code: C:\Users\THIENGO_WIN\Desktop\mcu\hcmut-mcu\lab\lab2-timer-interrupt-and-led-scanning\code\lab2\MXTmpFiles\gpio.tmp
2021-09-28 18:43:50,286 [INFO] CodeEngine:239 - oldGeneratedFile, C:\Users\THIENGO_WIN\Desktop\mcu\hcmut-mcu\lab\lab2-timer-interrupt-and-led-scanning\code\lab2\Core\Src\stm32f1xx_it.c_save
2021-09-28 18:43:50,355 [INFO] CodeEngine:257 - Generated code: C:\Users\THIENGO_WIN\Desktop\mcu\hcmut-mcu\lab\lab2-timer-interrupt-and-led-scanning\code\lab2\Core\Src\stm32f1xx_it.c
2021-09-28 18:43:50,355 [INFO] CodeEngine:239 - oldGeneratedFile, C:\Users\THIENGO_WIN\Desktop\mcu\hcmut-mcu\lab\lab2-timer-interrupt-and-led-scanning\code\lab2\Core\Inc\stm32f1xx_it.h_save
2021-09-28 18:43:50,418 [INFO] CodeEngine:257 - Generated code: C:\Users\THIENGO_WIN\Desktop\mcu\hcmut-mcu\lab\lab2-timer-interrupt-and-led-scanning\code\lab2\Core\Inc\stm32f1xx_it.h
2021-09-28 18:43:50,433 [INFO] CodeEngine:239 - oldGeneratedFile, C:\Users\THIENGO_WIN\Desktop\mcu\hcmut-mcu\lab\lab2-timer-interrupt-and-led-scanning\code\lab2\Core\Src\stm32f1xx_hal_msp.c_save
2021-09-28 18:43:50,518 [INFO] CodeEngine:257 - Generated code: C:\Users\THIENGO_WIN\Desktop\mcu\hcmut-mcu\lab\lab2-timer-interrupt-and-led-scanning\code\lab2\Core\Src\stm32f1xx_hal_msp.c
2021-09-28 18:43:50,518 [INFO] CodeEngine:239 - oldGeneratedFile, C:\Users\THIENGO_WIN\Desktop\mcu\hcmut-mcu\lab\lab2-timer-interrupt-and-led-scanning\code\lab2\MXTmpFiles\system.tmp_save
2021-09-28 18:43:50,571 [INFO] CodeEngine:257 - Generated code: C:\Users\THIENGO_WIN\Desktop\mcu\hcmut-mcu\lab\lab2-timer-interrupt-and-led-scanning\code\lab2\MXTmpFiles\system.tmp
2021-09-28 18:43:50,587 [INFO] CodeEngine:239 - oldGeneratedFile, C:\Users\THIENGO_WIN\Desktop\mcu\hcmut-mcu\lab\lab2-timer-interrupt-and-led-scanning\code\lab2\Core\Inc\stm32f1xx_hal_conf.h_save
2021-09-28 18:43:50,656 [INFO] CodeEngine:257 - Generated code: C:\Users\THIENGO_WIN\Desktop\mcu\hcmut-mcu\lab\lab2-timer-interrupt-and-led-scanning\code\lab2\Core\Inc\stm32f1xx_hal_conf.h
2021-09-28 18:43:50,734 [INFO] CodeEngine:239 - oldGeneratedFile, C:\Users\THIENGO_WIN\Desktop\mcu\hcmut-mcu\lab\lab2-timer-interrupt-and-led-scanning\code\lab2\Core\Inc\main.h_save
2021-09-28 18:43:50,834 [INFO] CodeEngine:257 - Generated code: C:\Users\THIENGO_WIN\Desktop\mcu\hcmut-mcu\lab\lab2-timer-interrupt-and-led-scanning\code\lab2\Core\Inc\main.h
2021-09-28 18:43:50,850 [INFO] CodeEngine:239 - oldGeneratedFile, C:\Users\THIENGO_WIN\Desktop\mcu\hcmut-mcu\lab\lab2-timer-interrupt-and-led-scanning\code\lab2\Core\Src\main.c_save
2021-09-28 18:43:50,935 [INFO] CodeEngine:257 - Generated code: C:\Users\THIENGO_WIN\Desktop\mcu\hcmut-mcu\lab\lab2-timer-interrupt-and-led-scanning\code\lab2\Core\Src\main.c
2021-09-28 18:43:51,685 [INFO] ProjectBuilder:2578 - Time for Copy HAL[1] : 130mS.
2021-09-28 18:43:51,685 [INFO] ProjectBuilder:3622 - Project Generator version: 3.14.1
2021-09-28 18:43:52,103 [INFO] ConfigFileManager:1271 - The Die is : DIE412
2021-09-28 18:43:53,645 [INFO] ProjectBuilder:3789 - Time for Generating toolchain IDE Files: 1960mS.
2021-09-28 18:43:53,645 [INFO] ProjectBuilder:2457 - Time for Copy CMSIS : 0mS.
2021-09-28 18:43:53,645 [INFO] ProjectBuilder:2457 - Time for Copy CMSIS : 0mS.
2021-09-28 18:50:28,306 [INFO] NvicIntPanel:96 - NVIC parent = com.st.microxplorer.plugins.ip.nvic.MultiNvicIntPanel[,0,0,461x198,layout=javax.swing.BoxLayout,alignmentX=0.0,alignmentY=0.0,border=,flags=9,maximumSize=,minimumSize=,preferredSize=]
2021-09-28 18:50:29,448 [INFO] NvicIntPanel:96 - NVIC parent = com.st.microxplorer.plugins.ip.nvic.MultiNvicIntPanel[,0,0,0x0,invalid,layout=javax.swing.BoxLayout,alignmentX=0.0,alignmentY=0.0,border=,flags=9,maximumSize=,minimumSize=,preferredSize=]
2021-09-28 18:59:56,969 [INFO] UtilMem:74 - End SaveConfig() Used Memory: 553775552 Bytes (1071644672)
2021-09-28 18:59:57,613 [INFO] UtilMem:74 - End SaveConfig() Used Memory: 430121912 Bytes (1071644672)
2021-09-28 18:59:59,259 [INFO] UtilMem:74 - End SaveConfig() Used Memory: 529230752 Bytes (1071644672)
2021-09-28 18:59:59,471 [INFO] BlockDiagram:2740 - set Specific Code input for plugin: NVIC
2021-09-28 18:59:59,471 [INFO] BlockDiagram:2740 - set Specific Code input for plugin: SYS
2021-09-28 18:59:59,471 [INFO] BlockDiagram:2740 - set Specific Code input for plugin: GPIO
2021-09-28 18:59:59,471 [INFO] BlockDiagram:2740 - set Specific Code input for plugin: RCC
2021-09-28 18:59:59,471 [INFO] BlockDiagram:2740 - set Specific Code input for plugin: TIM1_8F1
2021-09-28 18:59:59,471 [INFO] CodeGenerator:663 - code generatio: config db path: C:\ST\STM32CubeIDE_1.7.0\STM32CubeIDE\plugins\com.st.stm32cube.common.mx_6.3.0.202107141111\\db\
2021-09-28 18:59:59,684 [INFO] CodeEngine:239 - oldGeneratedFile, C:\Users\THIENGO_WIN\Desktop\mcu\hcmut-mcu\lab\lab2-timer-interrupt-and-led-scanning\code\lab2\MXTmpFiles\license.tmp_save
2021-09-28 18:59:59,745 [INFO] CodeEngine:257 - Generated code: C:\Users\THIENGO_WIN\Desktop\mcu\hcmut-mcu\lab\lab2-timer-interrupt-and-led-scanning\code\lab2\MXTmpFiles\license.tmp
2021-09-28 18:59:59,869 [INFO] CodeEngine:239 - oldGeneratedFile, C:\Users\THIENGO_WIN\Desktop\mcu\hcmut-mcu\lab\lab2-timer-interrupt-and-led-scanning\code\lab2\MXTmpFiles\gpio.tmp_save
2021-09-28 18:59:59,937 [INFO] CodeEngine:257 - Generated code: C:\Users\THIENGO_WIN\Desktop\mcu\hcmut-mcu\lab\lab2-timer-interrupt-and-led-scanning\code\lab2\MXTmpFiles\gpio.tmp
2021-09-28 19:00:00,097 [INFO] CodeEngine:239 - oldGeneratedFile, C:\Users\THIENGO_WIN\Desktop\mcu\hcmut-mcu\lab\lab2-timer-interrupt-and-led-scanning\code\lab2\Core\Src\stm32f1xx_it.c_save
2021-09-28 19:00:00,189 [INFO] CodeEngine:257 - Generated code: C:\Users\THIENGO_WIN\Desktop\mcu\hcmut-mcu\lab\lab2-timer-interrupt-and-led-scanning\code\lab2\Core\Src\stm32f1xx_it.c
2021-09-28 19:00:00,193 [INFO] CodeEngine:239 - oldGeneratedFile, C:\Users\THIENGO_WIN\Desktop\mcu\hcmut-mcu\lab\lab2-timer-interrupt-and-led-scanning\code\lab2\Core\Inc\stm32f1xx_it.h_save
2021-09-28 19:00:00,257 [INFO] CodeEngine:257 - Generated code: C:\Users\THIENGO_WIN\Desktop\mcu\hcmut-mcu\lab\lab2-timer-interrupt-and-led-scanning\code\lab2\Core\Inc\stm32f1xx_it.h
2021-09-28 19:00:00,273 [INFO] CodeEngine:239 - oldGeneratedFile, C:\Users\THIENGO_WIN\Desktop\mcu\hcmut-mcu\lab\lab2-timer-interrupt-and-led-scanning\code\lab2\Core\Src\stm32f1xx_hal_msp.c_save
2021-09-28 19:00:00,365 [INFO] CodeEngine:257 - Generated code: C:\Users\THIENGO_WIN\Desktop\mcu\hcmut-mcu\lab\lab2-timer-interrupt-and-led-scanning\code\lab2\Core\Src\stm32f1xx_hal_msp.c
2021-09-28 19:00:00,369 [INFO] CodeEngine:239 - oldGeneratedFile, C:\Users\THIENGO_WIN\Desktop\mcu\hcmut-mcu\lab\lab2-timer-interrupt-and-led-scanning\code\lab2\MXTmpFiles\system.tmp_save
2021-09-28 19:00:00,425 [INFO] CodeEngine:257 - Generated code: C:\Users\THIENGO_WIN\Desktop\mcu\hcmut-mcu\lab\lab2-timer-interrupt-and-led-scanning\code\lab2\MXTmpFiles\system.tmp
2021-09-28 19:00:00,437 [INFO] CodeEngine:239 - oldGeneratedFile, C:\Users\THIENGO_WIN\Desktop\mcu\hcmut-mcu\lab\lab2-timer-interrupt-and-led-scanning\code\lab2\Core\Inc\stm32f1xx_hal_conf.h_save
2021-09-28 19:00:00,513 [INFO] CodeEngine:257 - Generated code: C:\Users\THIENGO_WIN\Desktop\mcu\hcmut-mcu\lab\lab2-timer-interrupt-and-led-scanning\code\lab2\Core\Inc\stm32f1xx_hal_conf.h
2021-09-28 19:00:00,533 [WARN] IPConfigManager:3148 - IP not found : TIM
2021-09-28 19:00:00,533 [WARN] CodeGenerator:3268 - IP not found : null
2021-09-28 19:00:00,545 [INFO] CodeEngine:239 - oldGeneratedFile, C:\Users\THIENGO_WIN\Desktop\mcu\hcmut-mcu\lab\lab2-timer-interrupt-and-led-scanning\code\lab2\Core\Inc\main.h_save
2021-09-28 19:00:00,601 [INFO] CodeEngine:257 - Generated code: C:\Users\THIENGO_WIN\Desktop\mcu\hcmut-mcu\lab\lab2-timer-interrupt-and-led-scanning\code\lab2\Core\Inc\main.h
2021-09-28 19:00:00,609 [INFO] CodeEngine:239 - oldGeneratedFile, C:\Users\THIENGO_WIN\Desktop\mcu\hcmut-mcu\lab\lab2-timer-interrupt-and-led-scanning\code\lab2\Core\Src\main.c_save
2021-09-28 19:00:00,715 [INFO] CodeEngine:257 - Generated code: C:\Users\THIENGO_WIN\Desktop\mcu\hcmut-mcu\lab\lab2-timer-interrupt-and-led-scanning\code\lab2\Core\Src\main.c
2021-09-28 19:00:01,428 [INFO] ProjectBuilder:2578 - Time for Copy HAL[1] : 117mS.
2021-09-28 19:00:01,428 [INFO] ProjectBuilder:3622 - Project Generator version: 3.14.1
2021-09-28 19:00:01,741 [INFO] ConfigFileManager:1271 - The Die is : DIE412
2021-09-28 19:00:03,261 [INFO] ProjectBuilder:3789 - Time for Generating toolchain IDE Files: 1833mS.
2021-09-28 19:00:03,261 [INFO] ProjectBuilder:2457 - Time for Copy CMSIS : 0mS.
2021-09-28 19:00:03,261 [INFO] ProjectBuilder:2457 - Time for Copy CMSIS : 0mS.
2021-09-28 17:20:57,372 [INFO] UtilMem:74 - End SaveConfig() Used Memory: 781598352 Bytes (1071644672)
2021-09-28 17:20:58,174 [INFO] UtilMem:74 - End SaveConfig() Used Memory: 800877784 Bytes (1071644672)
2021-09-28 17:20:59,199 [INFO] UtilMem:74 - End SaveConfig() Used Memory: 838221456 Bytes (1071644672)
2021-09-28 17:20:59,462 [INFO] BlockDiagram:2740 - set Specific Code input for plugin: NVIC
2021-09-28 17:20:59,462 [INFO] BlockDiagram:2740 - set Specific Code input for plugin: SYS
2021-09-28 17:20:59,462 [INFO] BlockDiagram:2740 - set Specific Code input for plugin: GPIO
2021-09-28 17:20:59,462 [INFO] BlockDiagram:2740 - set Specific Code input for plugin: RCC
2021-09-28 17:20:59,462 [INFO] BlockDiagram:2740 - set Specific Code input for plugin: TIM1_8F1
2021-09-28 17:20:59,462 [INFO] CodeGenerator:663 - code generatio: config db path: C:\ST\STM32CubeIDE_1.7.0\STM32CubeIDE\plugins\com.st.stm32cube.common.mx_6.3.0.202107141111\\db\
2021-09-28 17:20:59,700 [INFO] CodeEngine:239 - oldGeneratedFile, C:\Users\THIENGO_WIN\Desktop\mcu\hcmut-mcu\lab\lab2-timer-interrupt-and-led-scanning\code\lab2\MXTmpFiles\license.tmp_save
2021-09-28 17:20:59,747 [INFO] CodeEngine:257 - Generated code: C:\Users\THIENGO_WIN\Desktop\mcu\hcmut-mcu\lab\lab2-timer-interrupt-and-led-scanning\code\lab2\MXTmpFiles\license.tmp
2021-09-28 17:20:59,794 [INFO] CodeEngine:239 - oldGeneratedFile, C:\Users\THIENGO_WIN\Desktop\mcu\hcmut-mcu\lab\lab2-timer-interrupt-and-led-scanning\code\lab2\MXTmpFiles\gpio.tmp_save
2021-09-28 17:20:59,848 [INFO] CodeEngine:257 - Generated code: C:\Users\THIENGO_WIN\Desktop\mcu\hcmut-mcu\lab\lab2-timer-interrupt-and-led-scanning\code\lab2\MXTmpFiles\gpio.tmp
2021-09-28 17:20:59,979 [INFO] CodeEngine:239 - oldGeneratedFile, C:\Users\THIENGO_WIN\Desktop\mcu\hcmut-mcu\lab\lab2-timer-interrupt-and-led-scanning\code\lab2\Core\Src\stm32f1xx_it.c_save
2021-09-28 17:21:00,064 [INFO] CodeEngine:257 - Generated code: C:\Users\THIENGO_WIN\Desktop\mcu\hcmut-mcu\lab\lab2-timer-interrupt-and-led-scanning\code\lab2\Core\Src\stm32f1xx_it.c
2021-09-28 17:21:00,064 [INFO] CodeEngine:239 - oldGeneratedFile, C:\Users\THIENGO_WIN\Desktop\mcu\hcmut-mcu\lab\lab2-timer-interrupt-and-led-scanning\code\lab2\Core\Inc\stm32f1xx_it.h_save
2021-09-28 17:21:00,133 [INFO] CodeEngine:257 - Generated code: C:\Users\THIENGO_WIN\Desktop\mcu\hcmut-mcu\lab\lab2-timer-interrupt-and-led-scanning\code\lab2\Core\Inc\stm32f1xx_it.h
2021-09-28 17:21:00,148 [INFO] CodeEngine:239 - oldGeneratedFile, C:\Users\THIENGO_WIN\Desktop\mcu\hcmut-mcu\lab\lab2-timer-interrupt-and-led-scanning\code\lab2\Core\Src\stm32f1xx_hal_msp.c_save
2021-09-28 17:21:00,233 [INFO] CodeEngine:257 - Generated code: C:\Users\THIENGO_WIN\Desktop\mcu\hcmut-mcu\lab\lab2-timer-interrupt-and-led-scanning\code\lab2\Core\Src\stm32f1xx_hal_msp.c
2021-09-28 17:21:00,249 [INFO] CodeEngine:239 - oldGeneratedFile, C:\Users\THIENGO_WIN\Desktop\mcu\hcmut-mcu\lab\lab2-timer-interrupt-and-led-scanning\code\lab2\MXTmpFiles\system.tmp_save
2021-09-28 17:21:00,296 [INFO] CodeEngine:257 - Generated code: C:\Users\THIENGO_WIN\Desktop\mcu\hcmut-mcu\lab\lab2-timer-interrupt-and-led-scanning\code\lab2\MXTmpFiles\system.tmp
2021-09-28 17:21:00,302 [INFO] CodeEngine:239 - oldGeneratedFile, C:\Users\THIENGO_WIN\Desktop\mcu\hcmut-mcu\lab\lab2-timer-interrupt-and-led-scanning\code\lab2\Core\Inc\stm32f1xx_hal_conf.h_save
2021-09-28 17:21:00,402 [INFO] CodeEngine:257 - Generated code: C:\Users\THIENGO_WIN\Desktop\mcu\hcmut-mcu\lab\lab2-timer-interrupt-and-led-scanning\code\lab2\Core\Inc\stm32f1xx_hal_conf.h
2021-09-28 17:21:00,418 [WARN] IPConfigManager:3148 - IP not found : TIM
2021-09-28 17:21:00,418 [WARN] CodeGenerator:3268 - IP not found : null
2021-09-28 17:21:00,434 [INFO] CodeEngine:239 - oldGeneratedFile, C:\Users\THIENGO_WIN\Desktop\mcu\hcmut-mcu\lab\lab2-timer-interrupt-and-led-scanning\code\lab2\Core\Inc\main.h_save
2021-09-28 17:21:00,503 [INFO] CodeEngine:257 - Generated code: C:\Users\THIENGO_WIN\Desktop\mcu\hcmut-mcu\lab\lab2-timer-interrupt-and-led-scanning\code\lab2\Core\Inc\main.h
2021-09-28 17:21:00,518 [INFO] CodeEngine:239 - oldGeneratedFile, C:\Users\THIENGO_WIN\Desktop\mcu\hcmut-mcu\lab\lab2-timer-interrupt-and-led-scanning\code\lab2\Core\Src\main.c_save
2021-09-28 17:21:00,619 [INFO] CodeEngine:257 - Generated code: C:\Users\THIENGO_WIN\Desktop\mcu\hcmut-mcu\lab\lab2-timer-interrupt-and-led-scanning\code\lab2\Core\Src\main.c
2021-09-28 17:21:01,547 [INFO] ProjectBuilder:2578 - Time for Copy HAL[1] : 192mS.
2021-09-28 17:21:01,547 [INFO] ProjectBuilder:3622 - Project Generator version: 3.14.1
2021-09-28 17:21:01,855 [INFO] ConfigFileManager:1271 - The Die is : DIE412
2021-09-28 17:21:03,331 [INFO] ProjectBuilder:3789 - Time for Generating toolchain IDE Files: 1784mS.
2021-09-28 17:21:03,346 [INFO] ProjectBuilder:2457 - Time for Copy CMSIS : 15mS.
2021-09-28 17:21:03,346 [INFO] ProjectBuilder:2457 - Time for Copy CMSIS : 0mS.
2021-09-28 17:23:16,915 [INFO] NvicIntPanel:96 - NVIC parent = com.st.microxplorer.plugins.ip.nvic.MultiNvicIntPanel[,0,0,461x198,layout=javax.swing.BoxLayout,alignmentX=0.0,alignmentY=0.0,border=,flags=9,maximumSize=,minimumSize=,preferredSize=]
2021-09-28 17:23:17,950 [INFO] NvicIntPanel:96 - NVIC parent = com.st.microxplorer.plugins.ip.nvic.MultiNvicIntPanel[,0,0,0x0,invalid,layout=javax.swing.BoxLayout,alignmentX=0.0,alignmentY=0.0,border=,flags=9,maximumSize=,minimumSize=,preferredSize=]
2021-09-28 17:24:07,369 [INFO] UtilMem:74 - End SaveConfig() Used Memory: 686533536 Bytes (1073741824)
2021-09-28 17:24:08,203 [INFO] UtilMem:74 - End SaveConfig() Used Memory: 705677720 Bytes (1073741824)
2021-09-28 17:24:09,708 [INFO] UtilMem:74 - End SaveConfig() Used Memory: 743156640 Bytes (1073741824)
2021-09-28 17:24:09,998 [INFO] BlockDiagram:2740 - set Specific Code input for plugin: NVIC
2021-09-28 17:24:09,998 [INFO] BlockDiagram:2740 - set Specific Code input for plugin: SYS
2021-09-28 17:24:09,998 [INFO] BlockDiagram:2740 - set Specific Code input for plugin: GPIO
2021-09-28 17:24:09,998 [INFO] BlockDiagram:2740 - set Specific Code input for plugin: RCC
2021-09-28 17:24:09,998 [INFO] BlockDiagram:2740 - set Specific Code input for plugin: TIM1_8F1
2021-09-28 17:24:09,998 [INFO] BlockDiagram:2740 - set Specific Code input for plugin: TIM1_8F1
2021-09-28 17:24:10,000 [INFO] CodeGenerator:663 - code generatio: config db path: C:\ST\STM32CubeIDE_1.7.0\STM32CubeIDE\plugins\com.st.stm32cube.common.mx_6.3.0.202107141111\\db\
2021-09-28 17:24:10,213 [INFO] CodeEngine:239 - oldGeneratedFile, C:\Users\THIENGO_WIN\Desktop\mcu\hcmut-mcu\lab\lab2-timer-interrupt-and-led-scanning\code\lab2\MXTmpFiles\license.tmp_save
2021-09-28 17:24:10,263 [INFO] CodeEngine:257 - Generated code: C:\Users\THIENGO_WIN\Desktop\mcu\hcmut-mcu\lab\lab2-timer-interrupt-and-led-scanning\code\lab2\MXTmpFiles\license.tmp
2021-09-28 17:24:10,297 [INFO] CodeEngine:239 - oldGeneratedFile, C:\Users\THIENGO_WIN\Desktop\mcu\hcmut-mcu\lab\lab2-timer-interrupt-and-led-scanning\code\lab2\MXTmpFiles\gpio.tmp_save
2021-09-28 17:24:10,344 [INFO] CodeEngine:257 - Generated code: C:\Users\THIENGO_WIN\Desktop\mcu\hcmut-mcu\lab\lab2-timer-interrupt-and-led-scanning\code\lab2\MXTmpFiles\gpio.tmp
2021-09-28 17:24:10,494 [INFO] CodeEngine:239 - oldGeneratedFile, C:\Users\THIENGO_WIN\Desktop\mcu\hcmut-mcu\lab\lab2-timer-interrupt-and-led-scanning\code\lab2\Core\Src\stm32f1xx_it.c_save
2021-09-28 17:24:10,588 [INFO] CodeEngine:257 - Generated code: C:\Users\THIENGO_WIN\Desktop\mcu\hcmut-mcu\lab\lab2-timer-interrupt-and-led-scanning\code\lab2\Core\Src\stm32f1xx_it.c
2021-09-28 17:24:10,588 [INFO] CodeEngine:239 - oldGeneratedFile, C:\Users\THIENGO_WIN\Desktop\mcu\hcmut-mcu\lab\lab2-timer-interrupt-and-led-scanning\code\lab2\Core\Inc\stm32f1xx_it.h_save
2021-09-28 17:24:10,651 [INFO] CodeEngine:257 - Generated code: C:\Users\THIENGO_WIN\Desktop\mcu\hcmut-mcu\lab\lab2-timer-interrupt-and-led-scanning\code\lab2\Core\Inc\stm32f1xx_it.h
2021-09-28 17:24:10,673 [INFO] CodeEngine:239 - oldGeneratedFile, C:\Users\THIENGO_WIN\Desktop\mcu\hcmut-mcu\lab\lab2-timer-interrupt-and-led-scanning\code\lab2\Core\Src\stm32f1xx_hal_msp.c_save
2021-09-28 17:24:10,773 [INFO] CodeEngine:257 - Generated code: C:\Users\THIENGO_WIN\Desktop\mcu\hcmut-mcu\lab\lab2-timer-interrupt-and-led-scanning\code\lab2\Core\Src\stm32f1xx_hal_msp.c
2021-09-28 17:24:10,773 [INFO] CodeEngine:239 - oldGeneratedFile, C:\Users\THIENGO_WIN\Desktop\mcu\hcmut-mcu\lab\lab2-timer-interrupt-and-led-scanning\code\lab2\MXTmpFiles\system.tmp_save
2021-09-28 17:24:10,820 [INFO] CodeEngine:257 - Generated code: C:\Users\THIENGO_WIN\Desktop\mcu\hcmut-mcu\lab\lab2-timer-interrupt-and-led-scanning\code\lab2\MXTmpFiles\system.tmp
2021-09-28 17:24:10,836 [INFO] CodeEngine:239 - oldGeneratedFile, C:\Users\THIENGO_WIN\Desktop\mcu\hcmut-mcu\lab\lab2-timer-interrupt-and-led-scanning\code\lab2\Core\Inc\stm32f1xx_hal_conf.h_save
2021-09-28 17:24:10,920 [INFO] CodeEngine:257 - Generated code: C:\Users\THIENGO_WIN\Desktop\mcu\hcmut-mcu\lab\lab2-timer-interrupt-and-led-scanning\code\lab2\Core\Inc\stm32f1xx_hal_conf.h
2021-09-28 17:24:10,952 [WARN] IPConfigManager:3148 - IP not found : TIM
2021-09-28 17:24:10,952 [WARN] CodeGenerator:3268 - IP not found : null
2021-09-28 17:24:10,967 [INFO] CodeEngine:239 - oldGeneratedFile, C:\Users\THIENGO_WIN\Desktop\mcu\hcmut-mcu\lab\lab2-timer-interrupt-and-led-scanning\code\lab2\Core\Inc\main.h_save
2021-09-28 17:24:11,021 [INFO] CodeEngine:257 - Generated code: C:\Users\THIENGO_WIN\Desktop\mcu\hcmut-mcu\lab\lab2-timer-interrupt-and-led-scanning\code\lab2\Core\Inc\main.h
2021-09-28 17:24:11,036 [INFO] CodeEngine:239 - oldGeneratedFile, C:\Users\THIENGO_WIN\Desktop\mcu\hcmut-mcu\lab\lab2-timer-interrupt-and-led-scanning\code\lab2\Core\Src\main.c_save
2021-09-28 17:24:11,237 [INFO] CodeEngine:257 - Generated code: C:\Users\THIENGO_WIN\Desktop\mcu\hcmut-mcu\lab\lab2-timer-interrupt-and-led-scanning\code\lab2\Core\Src\main.c
2021-09-28 17:24:11,929 [INFO] ProjectBuilder:2578 - Time for Copy HAL[1] : 120mS.
2021-09-28 17:24:11,929 [INFO] ProjectBuilder:3622 - Project Generator version: 3.14.1
2021-09-28 17:24:12,249 [INFO] ConfigFileManager:1271 - The Die is : DIE412
2021-09-28 17:24:13,841 [INFO] ProjectBuilder:3789 - Time for Generating toolchain IDE Files: 1912mS.
2021-09-28 17:24:13,841 [INFO] ProjectBuilder:2457 - Time for Copy CMSIS : 0mS.
2021-09-28 17:24:13,841 [INFO] ProjectBuilder:2457 - Time for Copy CMSIS : 0mS.
2021-09-28 17:37:34,833 [INFO] UtilMem:74 - End SaveConfig() Used Memory: 441728864 Bytes (1073741824)
2021-09-28 17:37:35,582 [INFO] UtilMem:74 - End SaveConfig() Used Memory: 461125472 Bytes (1073741824)
2021-09-28 17:37:36,638 [INFO] UtilMem:74 - End SaveConfig() Used Memory: 500971360 Bytes (1073741824)
2021-09-28 17:37:36,939 [INFO] BlockDiagram:2740 - set Specific Code input for plugin: NVIC
2021-09-28 17:37:36,939 [INFO] BlockDiagram:2740 - set Specific Code input for plugin: SYS
2021-09-28 17:37:36,939 [INFO] BlockDiagram:2740 - set Specific Code input for plugin: GPIO
2021-09-28 17:37:36,939 [INFO] BlockDiagram:2740 - set Specific Code input for plugin: RCC
2021-09-28 17:37:36,939 [INFO] BlockDiagram:2740 - set Specific Code input for plugin: TIM1_8F1
2021-09-28 17:37:36,939 [INFO] BlockDiagram:2740 - set Specific Code input for plugin: TIM1_8F1
2021-09-28 17:37:36,955 [INFO] CodeGenerator:663 - code generatio: config db path: C:\ST\STM32CubeIDE_1.7.0\STM32CubeIDE\plugins\com.st.stm32cube.common.mx_6.3.0.202107141111\\db\
2021-09-28 17:37:37,224 [INFO] CodeEngine:239 - oldGeneratedFile, C:\Users\THIENGO_WIN\Desktop\mcu\hcmut-mcu\lab\lab2-timer-interrupt-and-led-scanning\code\lab2\MXTmpFiles\license.tmp_save
2021-09-28 17:37:37,271 [INFO] CodeEngine:257 - Generated code: C:\Users\THIENGO_WIN\Desktop\mcu\hcmut-mcu\lab\lab2-timer-interrupt-and-led-scanning\code\lab2\MXTmpFiles\license.tmp
2021-09-28 17:37:37,309 [INFO] CodeEngine:239 - oldGeneratedFile, C:\Users\THIENGO_WIN\Desktop\mcu\hcmut-mcu\lab\lab2-timer-interrupt-and-led-scanning\code\lab2\MXTmpFiles\gpio.tmp_save
2021-09-28 17:37:37,356 [INFO] CodeEngine:257 - Generated code: C:\Users\THIENGO_WIN\Desktop\mcu\hcmut-mcu\lab\lab2-timer-interrupt-and-led-scanning\code\lab2\MXTmpFiles\gpio.tmp
2021-09-28 17:37:37,516 [INFO] CodeEngine:239 - oldGeneratedFile, C:\Users\THIENGO_WIN\Desktop\mcu\hcmut-mcu\lab\lab2-timer-interrupt-and-led-scanning\code\lab2\Core\Src\stm32f1xx_it.c_save
2021-09-28 17:37:37,597 [INFO] CodeEngine:257 - Generated code: C:\Users\THIENGO_WIN\Desktop\mcu\hcmut-mcu\lab\lab2-timer-interrupt-and-led-scanning\code\lab2\Core\Src\stm32f1xx_it.c
2021-09-28 17:37:37,607 [INFO] CodeEngine:239 - oldGeneratedFile, C:\Users\THIENGO_WIN\Desktop\mcu\hcmut-mcu\lab\lab2-timer-interrupt-and-led-scanning\code\lab2\Core\Inc\stm32f1xx_it.h_save
2021-09-28 17:37:37,665 [INFO] CodeEngine:257 - Generated code: C:\Users\THIENGO_WIN\Desktop\mcu\hcmut-mcu\lab\lab2-timer-interrupt-and-led-scanning\code\lab2\Core\Inc\stm32f1xx_it.h
2021-09-28 17:37:37,675 [INFO] CodeEngine:239 - oldGeneratedFile, C:\Users\THIENGO_WIN\Desktop\mcu\hcmut-mcu\lab\lab2-timer-interrupt-and-led-scanning\code\lab2\Core\Src\stm32f1xx_hal_msp.c_save
2021-09-28 17:37:37,769 [INFO] CodeEngine:257 - Generated code: C:\Users\THIENGO_WIN\Desktop\mcu\hcmut-mcu\lab\lab2-timer-interrupt-and-led-scanning\code\lab2\Core\Src\stm32f1xx_hal_msp.c
2021-09-28 17:37:37,775 [INFO] CodeEngine:239 - oldGeneratedFile, C:\Users\THIENGO_WIN\Desktop\mcu\hcmut-mcu\lab\lab2-timer-interrupt-and-led-scanning\code\lab2\MXTmpFiles\system.tmp_save
2021-09-28 17:37:37,854 [INFO] CodeEngine:257 - Generated code: C:\Users\THIENGO_WIN\Desktop\mcu\hcmut-mcu\lab\lab2-timer-interrupt-and-led-scanning\code\lab2\MXTmpFiles\system.tmp
2021-09-28 17:37:37,869 [INFO] CodeEngine:239 - oldGeneratedFile, C:\Users\THIENGO_WIN\Desktop\mcu\hcmut-mcu\lab\lab2-timer-interrupt-and-led-scanning\code\lab2\Core\Inc\stm32f1xx_hal_conf.h_save
2021-09-28 17:37:37,954 [INFO] CodeEngine:257 - Generated code: C:\Users\THIENGO_WIN\Desktop\mcu\hcmut-mcu\lab\lab2-timer-interrupt-and-led-scanning\code\lab2\Core\Inc\stm32f1xx_hal_conf.h
2021-09-28 17:37:37,976 [WARN] IPConfigManager:3148 - IP not found : TIM
2021-09-28 17:37:37,976 [WARN] CodeGenerator:3268 - IP not found : null
2021-09-28 17:37:37,992 [INFO] CodeEngine:239 - oldGeneratedFile, C:\Users\THIENGO_WIN\Desktop\mcu\hcmut-mcu\lab\lab2-timer-interrupt-and-led-scanning\code\lab2\Core\Inc\main.h_save
2021-09-28 17:37:38,038 [INFO] CodeEngine:257 - Generated code: C:\Users\THIENGO_WIN\Desktop\mcu\hcmut-mcu\lab\lab2-timer-interrupt-and-led-scanning\code\lab2\Core\Inc\main.h
2021-09-28 17:37:38,054 [INFO] CodeEngine:239 - oldGeneratedFile, C:\Users\THIENGO_WIN\Desktop\mcu\hcmut-mcu\lab\lab2-timer-interrupt-and-led-scanning\code\lab2\Core\Src\main.c_save
2021-09-28 17:37:38,176 [INFO] CodeEngine:257 - Generated code: C:\Users\THIENGO_WIN\Desktop\mcu\hcmut-mcu\lab\lab2-timer-interrupt-and-led-scanning\code\lab2\Core\Src\main.c
2021-09-28 17:37:39,043 [INFO] ProjectBuilder:2578 - Time for Copy HAL[1] : 131mS.
2021-09-28 17:37:39,043 [INFO] ProjectBuilder:3622 - Project Generator version: 3.14.1
2021-09-28 17:37:39,366 [INFO] ConfigFileManager:1271 - The Die is : DIE412
2021-09-28 17:37:41,079 [INFO] ProjectBuilder:3789 - Time for Generating toolchain IDE Files: 2036mS.
2021-09-28 17:37:41,079 [INFO] ProjectBuilder:2457 - Time for Copy CMSIS : 0mS.
2021-09-28 17:37:41,079 [INFO] ProjectBuilder:2457 - Time for Copy CMSIS : 0mS.
2021-09-28 18:16:18,247 [INFO] UtilMem:74 - End SaveConfig() Used Memory: 497618328 Bytes (1073741824)
2021-09-28 18:16:19,034 [INFO] UtilMem:74 - End SaveConfig() Used Memory: 517382264 Bytes (1073741824)
2021-09-28 18:16:20,052 [INFO] UtilMem:74 - End SaveConfig() Used Memory: 556778656 Bytes (1073741824)
2021-09-28 18:16:20,287 [INFO] BlockDiagram:2740 - set Specific Code input for plugin: NVIC
2021-09-28 18:16:20,287 [INFO] BlockDiagram:2740 - set Specific Code input for plugin: SYS
2021-09-28 18:16:20,287 [INFO] BlockDiagram:2740 - set Specific Code input for plugin: GPIO
2021-09-28 18:16:20,287 [INFO] BlockDiagram:2740 - set Specific Code input for plugin: RCC
2021-09-28 18:16:20,287 [INFO] BlockDiagram:2740 - set Specific Code input for plugin: TIM1_8F1
2021-09-28 18:16:20,287 [INFO] BlockDiagram:2740 - set Specific Code input for plugin: TIM1_8F1
2021-09-28 18:16:20,287 [INFO] CodeGenerator:663 - code generatio: config db path: C:\ST\STM32CubeIDE_1.7.0\STM32CubeIDE\plugins\com.st.stm32cube.common.mx_6.3.0.202107141111\\db\
2021-09-28 18:16:20,511 [INFO] CodeEngine:239 - oldGeneratedFile, C:\Users\THIENGO_WIN\Desktop\mcu\hcmut-mcu\lab\lab2-timer-interrupt-and-led-scanning\code\lab2\MXTmpFiles\license.tmp_save
2021-09-28 18:16:20,559 [INFO] CodeEngine:257 - Generated code: C:\Users\THIENGO_WIN\Desktop\mcu\hcmut-mcu\lab\lab2-timer-interrupt-and-led-scanning\code\lab2\MXTmpFiles\license.tmp
2021-09-28 18:16:20,591 [INFO] CodeEngine:239 - oldGeneratedFile, C:\Users\THIENGO_WIN\Desktop\mcu\hcmut-mcu\lab\lab2-timer-interrupt-and-led-scanning\code\lab2\MXTmpFiles\gpio.tmp_save
2021-09-28 18:16:20,650 [INFO] CodeEngine:257 - Generated code: C:\Users\THIENGO_WIN\Desktop\mcu\hcmut-mcu\lab\lab2-timer-interrupt-and-led-scanning\code\lab2\MXTmpFiles\gpio.tmp
2021-09-28 18:16:20,938 [INFO] CodeEngine:239 - oldGeneratedFile, C:\Users\THIENGO_WIN\Desktop\mcu\hcmut-mcu\lab\lab2-timer-interrupt-and-led-scanning\code\lab2\Core\Src\stm32f1xx_it.c_save
2021-09-28 18:16:21,061 [INFO] CodeEngine:257 - Generated code: C:\Users\THIENGO_WIN\Desktop\mcu\hcmut-mcu\lab\lab2-timer-interrupt-and-led-scanning\code\lab2\Core\Src\stm32f1xx_it.c
2021-09-28 18:16:21,061 [INFO] CodeEngine:239 - oldGeneratedFile, C:\Users\THIENGO_WIN\Desktop\mcu\hcmut-mcu\lab\lab2-timer-interrupt-and-led-scanning\code\lab2\Core\Inc\stm32f1xx_it.h_save
2021-09-28 18:16:21,123 [INFO] CodeEngine:257 - Generated code: C:\Users\THIENGO_WIN\Desktop\mcu\hcmut-mcu\lab\lab2-timer-interrupt-and-led-scanning\code\lab2\Core\Inc\stm32f1xx_it.h
2021-09-28 18:16:21,139 [INFO] CodeEngine:239 - oldGeneratedFile, C:\Users\THIENGO_WIN\Desktop\mcu\hcmut-mcu\lab\lab2-timer-interrupt-and-led-scanning\code\lab2\Core\Src\stm32f1xx_hal_msp.c_save
2021-09-28 18:16:21,239 [INFO] CodeEngine:257 - Generated code: C:\Users\THIENGO_WIN\Desktop\mcu\hcmut-mcu\lab\lab2-timer-interrupt-and-led-scanning\code\lab2\Core\Src\stm32f1xx_hal_msp.c
2021-09-28 18:16:21,239 [INFO] CodeEngine:239 - oldGeneratedFile, C:\Users\THIENGO_WIN\Desktop\mcu\hcmut-mcu\lab\lab2-timer-interrupt-and-led-scanning\code\lab2\MXTmpFiles\system.tmp_save
2021-09-28 18:16:21,292 [INFO] CodeEngine:257 - Generated code: C:\Users\THIENGO_WIN\Desktop\mcu\hcmut-mcu\lab\lab2-timer-interrupt-and-led-scanning\code\lab2\MXTmpFiles\system.tmp
2021-09-28 18:16:21,308 [INFO] CodeEngine:239 - oldGeneratedFile, C:\Users\THIENGO_WIN\Desktop\mcu\hcmut-mcu\lab\lab2-timer-interrupt-and-led-scanning\code\lab2\Core\Inc\stm32f1xx_hal_conf.h_save
2021-09-28 18:16:21,393 [INFO] CodeEngine:257 - Generated code: C:\Users\THIENGO_WIN\Desktop\mcu\hcmut-mcu\lab\lab2-timer-interrupt-and-led-scanning\code\lab2\Core\Inc\stm32f1xx_hal_conf.h
2021-09-28 18:16:21,408 [WARN] IPConfigManager:3148 - IP not found : TIM
2021-09-28 18:16:21,408 [WARN] CodeGenerator:3268 - IP not found : null
2021-09-28 18:16:21,424 [INFO] CodeEngine:239 - oldGeneratedFile, C:\Users\THIENGO_WIN\Desktop\mcu\hcmut-mcu\lab\lab2-timer-interrupt-and-led-scanning\code\lab2\Core\Inc\main.h_save
2021-09-28 18:16:21,477 [INFO] CodeEngine:257 - Generated code: C:\Users\THIENGO_WIN\Desktop\mcu\hcmut-mcu\lab\lab2-timer-interrupt-and-led-scanning\code\lab2\Core\Inc\main.h
2021-09-28 18:16:21,493 [INFO] CodeEngine:239 - oldGeneratedFile, C:\Users\THIENGO_WIN\Desktop\mcu\hcmut-mcu\lab\lab2-timer-interrupt-and-led-scanning\code\lab2\Core\Src\main.c_save
2021-09-28 18:16:21,593 [INFO] CodeEngine:257 - Generated code: C:\Users\THIENGO_WIN\Desktop\mcu\hcmut-mcu\lab\lab2-timer-interrupt-and-led-scanning\code\lab2\Core\Src\main.c
2021-09-28 18:16:22,422 [INFO] ProjectBuilder:2578 - Time for Copy HAL[1] : 148mS.
2021-09-28 18:16:22,428 [INFO] ProjectBuilder:3622 - Project Generator version: 3.14.1
2021-09-28 18:16:22,743 [INFO] ConfigFileManager:1271 - The Die is : DIE412
2021-09-28 18:16:24,211 [INFO] ProjectBuilder:3789 - Time for Generating toolchain IDE Files: 1783mS.
2021-09-28 18:16:24,211 [INFO] ProjectBuilder:2457 - Time for Copy CMSIS : 0mS.
2021-09-28 18:16:24,211 [INFO] ProjectBuilder:2457 - Time for Copy CMSIS : 0mS.
